The target system is: Linux -  - x86_64
The host system is: Linux - 3.19.0-66-generic - x86_64
Compiling the C compiler identification source file "CMakeCCompilerId.c" succeeded.
Compiler: /opt/robomap3/1.7.3/core2-64/sysroots/x86_64-pokysdk-linux/usr/bin/x86_64-poky-linux/x86_64-poky-linux-gcc 
Build flags: ;-m64;-march=core2;-mtune=core2;-msse3;-mfpmath=sse;--sysroot=/opt/robomap3/1.7.3/core2-64/sysroots/core2-64-poky-linux;-O2;-pipe
Id flags: 

The output was:
0


Compilation of the C compiler identification source "CMakeCCompilerId.c" produced "a.out"

The C compiler identification is GNU, found in "/home/rafik/flair/flair-src/tools/Controller/DualShock3/build/CMakeFiles/3.7.0/CompilerIdC/a.out"

Compiling the CXX compiler identification source file "CMakeCXXCompilerId.cpp" succeeded.
Compiler: /opt/robomap3/1.7.3/core2-64/sysroots/x86_64-pokysdk-linux/usr/bin/x86_64-poky-linux/x86_64-poky-linux-g++ 
Build flags: ;-m64;-march=core2;-mtune=core2;-msse3;-mfpmath=sse;--sysroot=/opt/robomap3/1.7.3/core2-64/sysroots/core2-64-poky-linux;-O2;-pipe
Id flags: 

The output was:
0


Compilation of the CXX compiler identification source "CMakeCXXCompilerId.cpp" produced "a.out"

The CXX compiler identification is GNU, found in "/home/rafik/flair/flair-src/tools/Controller/DualShock3/build/CMakeFiles/3.7.0/CompilerIdCXX/a.out"

Determining if the C compiler works passed with the following output:
Change Dir: /home/rafik/flair/flair-src/tools/Controller/DualShock3/build/CMakeFiles/CMakeTmp

Run Build Command:"/usr/bin/make" "cmTC_02c5a/fast"
/usr/bin/make -f CMakeFiles/cmTC_02c5a.dir/build.make CMakeFiles/cmTC_02c5a.dir/build
make[1]: entrant dans le répertoire « /home/rafik/flair/flair-src/tools/Controller/DualShock3/build_x86_64/CMakeFiles/CMakeTmp »
Building C object CMakeFiles/cmTC_02c5a.dir/testCCompiler.c.o
/opt/robomap3/1.7.3/core2-64/sysroots/x86_64-pokysdk-linux/usr/bin/x86_64-poky-linux/x86_64-poky-linux-gcc  --sysroot=/opt/robomap3/1.7.3/core2-64/sysroots/core2-64-poky-linux   -m64 -march=core2 -mtune=core2 -msse3 -mfpmath=sse --sysroot=/opt/robomap3/1.7.3/core2-64/sysroots/core2-64-poky-linux -O2 -pipe    -o CMakeFiles/cmTC_02c5a.dir/testCCompiler.c.o   -c /home/rafik/flair/flair-src/tools/Controller/DualShock3/build/CMakeFiles/CMakeTmp/testCCompiler.c
Linking C executable cmTC_02c5a
/opt/robomap3/1.7.3/core2-64/sysroots/x86_64-pokysdk-linux/usr/bin/cmake -E cmake_link_script CMakeFiles/cmTC_02c5a.dir/link.txt --verbose=1
/opt/robomap3/1.7.3/core2-64/sysroots/x86_64-pokysdk-linux/usr/bin/x86_64-poky-linux/x86_64-poky-linux-gcc  --sysroot=/opt/robomap3/1.7.3/core2-64/sysroots/core2-64-poky-linux  -m64 -march=core2 -mtune=core2 -msse3 -mfpmath=sse --sysroot=/opt/robomap3/1.7.3/core2-64/sysroots/core2-64-poky-linux -O2 -pipe   -m64 -march=core2 -mtune=core2 -msse3 -mfpmath=sse --sysroot=/opt/robomap3/1.7.3/core2-64/sysroots/core2-64-poky-linux  -Wl,-O1 -Wl,--hash-style=gnu -Wl,--as-needed   CMakeFiles/cmTC_02c5a.dir/testCCompiler.c.o  -o cmTC_02c5a -rdynamic 
make[1]: quittant le répertoire « /home/rafik/flair/flair-src/tools/Controller/DualShock3/build_x86_64/CMakeFiles/CMakeTmp »


Detecting C compiler ABI info compiled with the following output:
Change Dir: /home/rafik/flair/flair-src/tools/Controller/DualShock3/build/CMakeFiles/CMakeTmp

Run Build Command:"/usr/bin/make" "cmTC_72611/fast"
/usr/bin/make -f CMakeFiles/cmTC_72611.dir/build.make CMakeFiles/cmTC_72611.dir/build
make[1]: entrant dans le répertoire « /home/rafik/flair/flair-src/tools/Controller/DualShock3/build_x86_64/CMakeFiles/CMakeTmp »
Building C object CMakeFiles/cmTC_72611.dir/CMakeCCompilerABI.c.o
/opt/robomap3/1.7.3/core2-64/sysroots/x86_64-pokysdk-linux/usr/bin/x86_64-poky-linux/x86_64-poky-linux-gcc  --sysroot=/opt/robomap3/1.7.3/core2-64/sysroots/core2-64-poky-linux   -m64 -march=core2 -mtune=core2 -msse3 -mfpmath=sse --sysroot=/opt/robomap3/1.7.3/core2-64/sysroots/core2-64-poky-linux -O2 -pipe    -o CMakeFiles/cmTC_72611.dir/CMakeCCompilerABI.c.o   -c /opt/robomap3/1.7.3/core2-64/sysroots/x86_64-pokysdk-linux/usr/share/cmake-3.7/Modules/CMakeCCompilerABI.c
Linking C executable cmTC_72611
/opt/robomap3/1.7.3/core2-64/sysroots/x86_64-pokysdk-linux/usr/bin/cmake -E cmake_link_script CMakeFiles/cmTC_72611.dir/link.txt --verbose=1
/opt/robomap3/1.7.3/core2-64/sysroots/x86_64-pokysdk-linux/usr/bin/x86_64-poky-linux/x86_64-poky-linux-gcc  --sysroot=/opt/robomap3/1.7.3/core2-64/sysroots/core2-64-poky-linux  -m64 -march=core2 -mtune=core2 -msse3 -mfpmath=sse --sysroot=/opt/robomap3/1.7.3/core2-64/sysroots/core2-64-poky-linux -O2 -pipe   -m64 -march=core2 -mtune=core2 -msse3 -mfpmath=sse --sysroot=/opt/robomap3/1.7.3/core2-64/sysroots/core2-64-poky-linux  -Wl,-O1 -Wl,--hash-style=gnu -Wl,--as-needed  -v CMakeFiles/cmTC_72611.dir/CMakeCCompilerABI.c.o  -o cmTC_72611 -rdynamic  
Using built-in specs.
COLLECT_GCC=/opt/robomap3/1.7.3/core2-64/sysroots/x86_64-pokysdk-linux/usr/bin/x86_64-poky-linux/x86_64-poky-linux-gcc
COLLECT_LTO_WRAPPER=/opt/robomap3/1.7.3/core2-64/sysroots/x86_64-pokysdk-linux/usr/libexec/x86_64-poky-linux/gcc/x86_64-poky-linux/4.9.1/lto-wrapper
Target: x86_64-poky-linux
Configured with: /home/poky/poky-robomap3/build/tmp/work-shared/gcc-4.9.1-r0/gcc-4.9.1/configure --build=x86_64-linux --host=x86_64-pokysdk-linux --target=x86_64-poky-linux --prefix=/opt/robomap3/1.7.3/core2-64/sysroots/x86_64-pokysdk-linux/usr --exec_prefix=/opt/robomap3/1.7.3/core2-64/sysroots/x86_64-pokysdk-linux/usr --bindir=/opt/robomap3/1.7.3/core2-64/sysroots/x86_64-pokysdk-linux/usr/bin/x86_64-poky-linux --sbindir=/opt/robomap3/1.7.3/core2-64/sysroots/x86_64-pokysdk-linux/usr/bin/x86_64-poky-linux --libexecdir=/opt/robomap3/1.7.3/core2-64/sysroots/x86_64-pokysdk-linux/usr/libexec/x86_64-poky-linux --datadir=/opt/robomap3/1.7.3/core2-64/sysroots/x86_64-pokysdk-linux/usr/share --sysconfdir=/opt/robomap3/1.7.3/core2-64/sysroots/x86_64-pokysdk-linux/etc --sharedstatedir=/opt/robomap3/1.7.3/core2-64/sysroots/x86_64-pokysdk-linux/com --localstatedir=/opt/robomap3/1.7.3/core2-64/sysroots/x86_64-pokysdk-linux/var --libdir=/opt/robomap3/1.7.3/core2-64/sysroots/x86_64-pokysdk-linux/usr/lib/x86_64-poky-linux --includedir=/opt/robomap3/1.7.3/core2-64/sysroots/x86_64-pokysdk-linux/usr/include --oldincludedir=/opt/robomap3/1.7.3/core2-64/sysroots/x86_64-pokysdk-linux/usr/include --infodir=/opt/robomap3/1.7.3/core2-64/sysroots/x86_64-pokysdk-linux/usr/share/info --mandir=/opt/robomap3/1.7.3/core2-64/sysroots/x86_64-pokysdk-linux/usr/share/man --disable-silent-rules --disable-dependency-tracking --with-libtool-sysroot=/home/poky/poky-robomap3/build/tmp/sysroots/x86_64-nativesdk-pokysdk-linux --with-gnu-ld --enable-shared --enable-languages=c,c++ --enable-threads=posix --enable-multilib --enable-c99 --enable-long-long --enable-symvers=gnu --enable-libstdcxx-pch --program-prefix=x86_64-poky-linux- --without-local-prefix --enable-target-optspace --enable-lto --enable-libssp --disable-bootstrap --disable-libmudflap --with-system-zlib --with-linker-hash-style=gnu --enable-linker-build-id --with-ppl=no --with-cloog=no --enable-checking=release --enable-cheaders=c_global --with-gxx-include-dir=/opt/robomap3/1.7.3/core2-64/sysroots/core2-64-poky-linux/usr/include/c++/4.9.1 --with-build-time-tools=/home/poky/poky-robomap3/build/tmp/sysroots/x86_64-linux/usr/x86_64-poky-linux/bin --with-sysroot=/opt/robomap3/1.7.3/core2-64/sysroots/core2-64-poky-linux --with-build-sysroot=/home/poky/poky-robomap3/build/tmp/sysroots/genericx86-64 --enable-poison-system-directories --with-mpfr=/home/poky/poky-robomap3/build/tmp/sysroots/x86_64-nativesdk-pokysdk-linux --with-mpc=/home/poky/poky-robomap3/build/tmp/sysroots/x86_64-nativesdk-pokysdk-linux --enable-nls --enable-__cxa_atexit
Thread model: posix
gcc version 4.9.1 (GCC) 
COMPILER_PATH=/opt/robomap3/1.7.3/core2-64/sysroots/x86_64-pokysdk-linux/usr/libexec/x86_64-poky-linux/gcc/x86_64-poky-linux/4.9.1/:/opt/robomap3/1.7.3/core2-64/sysroots/x86_64-pokysdk-linux/usr/libexec/x86_64-poky-linux/gcc/x86_64-poky-linux/4.9.1/:/opt/robomap3/1.7.3/core2-64/sysroots/x86_64-pokysdk-linux/usr/libexec/x86_64-poky-linux/gcc/x86_64-poky-linux/:/opt/robomap3/1.7.3/core2-64/sysroots/x86_64-pokysdk-linux/usr/lib/x86_64-poky-linux/gcc/x86_64-poky-linux/4.9.1/:/opt/robomap3/1.7.3/core2-64/sysroots/x86_64-pokysdk-linux/usr/lib/x86_64-poky-linux/gcc/x86_64-poky-linux/
LIBRARY_PATH=/opt/robomap3/1.7.3/core2-64/sysroots/x86_64-pokysdk-linux/usr/lib/x86_64-poky-linux/gcc/x86_64-poky-linux/4.9.1/:/opt/robomap3/1.7.3/core2-64/sysroots/core2-64-poky-linux/lib/../lib/:/opt/robomap3/1.7.3/core2-64/sysroots/core2-64-poky-linux/usr/lib/x86_64-poky-linux/4.9.1/:/opt/robomap3/1.7.3/core2-64/sysroots/core2-64-poky-linux/usr/lib/../lib/:/opt/robomap3/1.7.3/core2-64/sysroots/core2-64-poky-linux/lib/:/opt/robomap3/1.7.3/core2-64/sysroots/core2-64-poky-linux/usr/lib/
COLLECT_GCC_OPTIONS='--sysroot=/opt/robomap3/1.7.3/core2-64/sysroots/core2-64-poky-linux' '-march=core2' '-mtune=core2' '-mfpmath=sse' '-O2' '-pipe' '-m64' '-march=core2' '-mtune=core2' '-msse3' '-mfpmath=sse' '-v' '-o' 'cmTC_72611' '-rdynamic'
 /opt/robomap3/1.7.3/core2-64/sysroots/x86_64-pokysdk-linux/usr/libexec/x86_64-poky-linux/gcc/x86_64-poky-linux/4.9.1/collect2 -plugin /opt/robomap3/1.7.3/core2-64/sysroots/x86_64-pokysdk-linux/usr/libexec/x86_64-poky-linux/gcc/x86_64-poky-linux/4.9.1/liblto_plugin.so -plugin-opt=/opt/robomap3/1.7.3/core2-64/sysroots/x86_64-pokysdk-linux/usr/libexec/x86_64-poky-linux/gcc/x86_64-poky-linux/4.9.1/lto-wrapper -plugin-opt=-fresolution=/tmp/ccCnvE9s.res -plugin-opt=-pass-through=-lgcc -plugin-opt=-pass-through=-lgcc_s -plugin-opt=-pass-through=-lc -plugin-opt=-pass-through=-lgcc -plugin-opt=-pass-through=-lgcc_s --sysroot=/opt/robomap3/1.7.3/core2-64/sysroots/core2-64-poky-linux --build-id --eh-frame-hdr --hash-style=gnu -m elf_x86_64 -export-dynamic -dynamic-linker /lib/ld-linux-x86-64.so.2 -o cmTC_72611 /opt/robomap3/1.7.3/core2-64/sysroots/core2-64-poky-linux/usr/lib/../lib/crt1.o /opt/robomap3/1.7.3/core2-64/sysroots/core2-64-poky-linux/usr/lib/../lib/crti.o /opt/robomap3/1.7.3/core2-64/sysroots/core2-64-poky-linux/usr/lib/x86_64-poky-linux/4.9.1/crtbegin.o -L/opt/robomap3/1.7.3/core2-64/sysroots/x86_64-pokysdk-linux/usr/lib/x86_64-poky-linux/gcc/x86_64-poky-linux/4.9.1 -L/opt/robomap3/1.7.3/core2-64/sysroots/core2-64-poky-linux/lib/../lib -L/opt/robomap3/1.7.3/core2-64/sysroots/core2-64-poky-linux/usr/lib/x86_64-poky-linux/4.9.1 -L/opt/robomap3/1.7.3/core2-64/sysroots/core2-64-poky-linux/usr/lib/../lib -L/opt/robomap3/1.7.3/core2-64/sysroots/core2-64-poky-linux/lib -L/opt/robomap3/1.7.3/core2-64/sysroots/core2-64-poky-linux/usr/lib -O1 --hash-style=gnu --as-needed CMakeFiles/cmTC_72611.dir/CMakeCCompilerABI.c.o -lgcc --as-needed -lgcc_s --no-as-needed -lc -lgcc --as-needed -lgcc_s --no-as-needed /opt/robomap3/1.7.3/core2-64/sysroots/core2-64-poky-linux/usr/lib/x86_64-poky-linux/4.9.1/crtend.o /opt/robomap3/1.7.3/core2-64/sysroots/core2-64-poky-linux/usr/lib/../lib/crtn.o
make[1]: quittant le répertoire « /home/rafik/flair/flair-src/tools/Controller/DualShock3/build_x86_64/CMakeFiles/CMakeTmp »


Parsed C implicit link information from above output:
  link line regex: [^( *|.*[/\])(CMAKE_LINKER-NOTFOUND|([^/\]+-)?ld|collect2)[^/\]*( |$)]
  ignore line: [Change Dir: /home/rafik/flair/flair-src/tools/Controller/DualShock3/build/CMakeFiles/CMakeTmp]
  ignore line: []
  ignore line: [Run Build Command:"/usr/bin/make" "cmTC_72611/fast"]
  ignore line: [/usr/bin/make -f CMakeFiles/cmTC_72611.dir/build.make CMakeFiles/cmTC_72611.dir/build]
  ignore line: [make[1]: entrant dans le répertoire « /home/rafik/flair/flair-src/tools/Controller/DualShock3/build_x86_64/CMakeFiles/CMakeTmp »]
  ignore line: [Building C object CMakeFiles/cmTC_72611.dir/CMakeCCompilerABI.c.o]
  ignore line: [/opt/robomap3/1.7.3/core2-64/sysroots/x86_64-pokysdk-linux/usr/bin/x86_64-poky-linux/x86_64-poky-linux-gcc  --sysroot=/opt/robomap3/1.7.3/core2-64/sysroots/core2-64-poky-linux   -m64 -march=core2 -mtune=core2 -msse3 -mfpmath=sse --sysroot=/opt/robomap3/1.7.3/core2-64/sysroots/core2-64-poky-linux -O2 -pipe    -o CMakeFiles/cmTC_72611.dir/CMakeCCompilerABI.c.o   -c /opt/robomap3/1.7.3/core2-64/sysroots/x86_64-pokysdk-linux/usr/share/cmake-3.7/Modules/CMakeCCompilerABI.c]
  ignore line: [Linking C executable cmTC_72611]
  ignore line: [/opt/robomap3/1.7.3/core2-64/sysroots/x86_64-pokysdk-linux/usr/bin/cmake -E cmake_link_script CMakeFiles/cmTC_72611.dir/link.txt --verbose=1]
  ignore line: [/opt/robomap3/1.7.3/core2-64/sysroots/x86_64-pokysdk-linux/usr/bin/x86_64-poky-linux/x86_64-poky-linux-gcc  --sysroot=/opt/robomap3/1.7.3/core2-64/sysroots/core2-64-poky-linux  -m64 -march=core2 -mtune=core2 -msse3 -mfpmath=sse --sysroot=/opt/robomap3/1.7.3/core2-64/sysroots/core2-64-poky-linux -O2 -pipe   -m64 -march=core2 -mtune=core2 -msse3 -mfpmath=sse --sysroot=/opt/robomap3/1.7.3/core2-64/sysroots/core2-64-poky-linux  -Wl,-O1 -Wl,--hash-style=gnu -Wl,--as-needed  -v CMakeFiles/cmTC_72611.dir/CMakeCCompilerABI.c.o  -o cmTC_72611 -rdynamic  ]
  ignore line: [Using built-in specs.]
  ignore line: [COLLECT_GCC=/opt/robomap3/1.7.3/core2-64/sysroots/x86_64-pokysdk-linux/usr/bin/x86_64-poky-linux/x86_64-poky-linux-gcc]
  ignore line: [COLLECT_LTO_WRAPPER=/opt/robomap3/1.7.3/core2-64/sysroots/x86_64-pokysdk-linux/usr/libexec/x86_64-poky-linux/gcc/x86_64-poky-linux/4.9.1/lto-wrapper]
  ignore line: [Target: x86_64-poky-linux]
  ignore line: [Configured with: /home/poky/poky-robomap3/build/tmp/work-shared/gcc-4.9.1-r0/gcc-4.9.1/configure --build=x86_64-linux --host=x86_64-pokysdk-linux --target=x86_64-poky-linux --prefix=/opt/robomap3/1.7.3/core2-64/sysroots/x86_64-pokysdk-linux/usr --exec_prefix=/opt/robomap3/1.7.3/core2-64/sysroots/x86_64-pokysdk-linux/usr --bindir=/opt/robomap3/1.7.3/core2-64/sysroots/x86_64-pokysdk-linux/usr/bin/x86_64-poky-linux --sbindir=/opt/robomap3/1.7.3/core2-64/sysroots/x86_64-pokysdk-linux/usr/bin/x86_64-poky-linux --libexecdir=/opt/robomap3/1.7.3/core2-64/sysroots/x86_64-pokysdk-linux/usr/libexec/x86_64-poky-linux --datadir=/opt/robomap3/1.7.3/core2-64/sysroots/x86_64-pokysdk-linux/usr/share --sysconfdir=/opt/robomap3/1.7.3/core2-64/sysroots/x86_64-pokysdk-linux/etc --sharedstatedir=/opt/robomap3/1.7.3/core2-64/sysroots/x86_64-pokysdk-linux/com --localstatedir=/opt/robomap3/1.7.3/core2-64/sysroots/x86_64-pokysdk-linux/var --libdir=/opt/robomap3/1.7.3/core2-64/sysroots/x86_64-pokysdk-linux/usr/lib/x86_64-poky-linux --includedir=/opt/robomap3/1.7.3/core2-64/sysroots/x86_64-pokysdk-linux/usr/include --oldincludedir=/opt/robomap3/1.7.3/core2-64/sysroots/x86_64-pokysdk-linux/usr/include --infodir=/opt/robomap3/1.7.3/core2-64/sysroots/x86_64-pokysdk-linux/usr/share/info --mandir=/opt/robomap3/1.7.3/core2-64/sysroots/x86_64-pokysdk-linux/usr/share/man --disable-silent-rules --disable-dependency-tracking --with-libtool-sysroot=/home/poky/poky-robomap3/build/tmp/sysroots/x86_64-nativesdk-pokysdk-linux --with-gnu-ld --enable-shared --enable-languages=c,c++ --enable-threads=posix --enable-multilib --enable-c99 --enable-long-long --enable-symvers=gnu --enable-libstdcxx-pch --program-prefix=x86_64-poky-linux- --without-local-prefix --enable-target-optspace --enable-lto --enable-libssp --disable-bootstrap --disable-libmudflap --with-system-zlib --with-linker-hash-style=gnu --enable-linker-build-id --with-ppl=no --with-cloog=no --enable-checking=release --enable-cheaders=c_global --with-gxx-include-dir=/opt/robomap3/1.7.3/core2-64/sysroots/core2-64-poky-linux/usr/include/c++/4.9.1 --with-build-time-tools=/home/poky/poky-robomap3/build/tmp/sysroots/x86_64-linux/usr/x86_64-poky-linux/bin --with-sysroot=/opt/robomap3/1.7.3/core2-64/sysroots/core2-64-poky-linux --with-build-sysroot=/home/poky/poky-robomap3/build/tmp/sysroots/genericx86-64 --enable-poison-system-directories --with-mpfr=/home/poky/poky-robomap3/build/tmp/sysroots/x86_64-nativesdk-pokysdk-linux --with-mpc=/home/poky/poky-robomap3/build/tmp/sysroots/x86_64-nativesdk-pokysdk-linux --enable-nls --enable-__cxa_atexit]
  ignore line: [Thread model: posix]
  ignore line: [gcc version 4.9.1 (GCC) ]
  ignore line: [COMPILER_PATH=/opt/robomap3/1.7.3/core2-64/sysroots/x86_64-pokysdk-linux/usr/libexec/x86_64-poky-linux/gcc/x86_64-poky-linux/4.9.1/:/opt/robomap3/1.7.3/core2-64/sysroots/x86_64-pokysdk-linux/usr/libexec/x86_64-poky-linux/gcc/x86_64-poky-linux/4.9.1/:/opt/robomap3/1.7.3/core2-64/sysroots/x86_64-pokysdk-linux/usr/libexec/x86_64-poky-linux/gcc/x86_64-poky-linux/:/opt/robomap3/1.7.3/core2-64/sysroots/x86_64-pokysdk-linux/usr/lib/x86_64-poky-linux/gcc/x86_64-poky-linux/4.9.1/:/opt/robomap3/1.7.3/core2-64/sysroots/x86_64-pokysdk-linux/usr/lib/x86_64-poky-linux/gcc/x86_64-poky-linux/]
  ignore line: [LIBRARY_PATH=/opt/robomap3/1.7.3/core2-64/sysroots/x86_64-pokysdk-linux/usr/lib/x86_64-poky-linux/gcc/x86_64-poky-linux/4.9.1/:/opt/robomap3/1.7.3/core2-64/sysroots/core2-64-poky-linux/lib/../lib/:/opt/robomap3/1.7.3/core2-64/sysroots/core2-64-poky-linux/usr/lib/x86_64-poky-linux/4.9.1/:/opt/robomap3/1.7.3/core2-64/sysroots/core2-64-poky-linux/usr/lib/../lib/:/opt/robomap3/1.7.3/core2-64/sysroots/core2-64-poky-linux/lib/:/opt/robomap3/1.7.3/core2-64/sysroots/core2-64-poky-linux/usr/lib/]
  ignore line: [COLLECT_GCC_OPTIONS='--sysroot=/opt/robomap3/1.7.3/core2-64/sysroots/core2-64-poky-linux' '-march=core2' '-mtune=core2' '-mfpmath=sse' '-O2' '-pipe' '-m64' '-march=core2' '-mtune=core2' '-msse3' '-mfpmath=sse' '-v' '-o' 'cmTC_72611' '-rdynamic']
  link line: [ /opt/robomap3/1.7.3/core2-64/sysroots/x86_64-pokysdk-linux/usr/libexec/x86_64-poky-linux/gcc/x86_64-poky-linux/4.9.1/collect2 -plugin /opt/robomap3/1.7.3/core2-64/sysroots/x86_64-pokysdk-linux/usr/libexec/x86_64-poky-linux/gcc/x86_64-poky-linux/4.9.1/liblto_plugin.so -plugin-opt=/opt/robomap3/1.7.3/core2-64/sysroots/x86_64-pokysdk-linux/usr/libexec/x86_64-poky-linux/gcc/x86_64-poky-linux/4.9.1/lto-wrapper -plugin-opt=-fresolution=/tmp/ccCnvE9s.res -plugin-opt=-pass-through=-lgcc -plugin-opt=-pass-through=-lgcc_s -plugin-opt=-pass-through=-lc -plugin-opt=-pass-through=-lgcc -plugin-opt=-pass-through=-lgcc_s --sysroot=/opt/robomap3/1.7.3/core2-64/sysroots/core2-64-poky-linux --build-id --eh-frame-hdr --hash-style=gnu -m elf_x86_64 -export-dynamic -dynamic-linker /lib/ld-linux-x86-64.so.2 -o cmTC_72611 /opt/robomap3/1.7.3/core2-64/sysroots/core2-64-poky-linux/usr/lib/../lib/crt1.o /opt/robomap3/1.7.3/core2-64/sysroots/core2-64-poky-linux/usr/lib/../lib/crti.o /opt/robomap3/1.7.3/core2-64/sysroots/core2-64-poky-linux/usr/lib/x86_64-poky-linux/4.9.1/crtbegin.o -L/opt/robomap3/1.7.3/core2-64/sysroots/x86_64-pokysdk-linux/usr/lib/x86_64-poky-linux/gcc/x86_64-poky-linux/4.9.1 -L/opt/robomap3/1.7.3/core2-64/sysroots/core2-64-poky-linux/lib/../lib -L/opt/robomap3/1.7.3/core2-64/sysroots/core2-64-poky-linux/usr/lib/x86_64-poky-linux/4.9.1 -L/opt/robomap3/1.7.3/core2-64/sysroots/core2-64-poky-linux/usr/lib/../lib -L/opt/robomap3/1.7.3/core2-64/sysroots/core2-64-poky-linux/lib -L/opt/robomap3/1.7.3/core2-64/sysroots/core2-64-poky-linux/usr/lib -O1 --hash-style=gnu --as-needed CMakeFiles/cmTC_72611.dir/CMakeCCompilerABI.c.o -lgcc --as-needed -lgcc_s --no-as-needed -lc -lgcc --as-needed -lgcc_s --no-as-needed /opt/robomap3/1.7.3/core2-64/sysroots/core2-64-poky-linux/usr/lib/x86_64-poky-linux/4.9.1/crtend.o /opt/robomap3/1.7.3/core2-64/sysroots/core2-64-poky-linux/usr/lib/../lib/crtn.o]
    arg [/opt/robomap3/1.7.3/core2-64/sysroots/x86_64-pokysdk-linux/usr/libexec/x86_64-poky-linux/gcc/x86_64-poky-linux/4.9.1/collect2] ==> ignore
    arg [-plugin] ==> ignore
    arg [/opt/robomap3/1.7.3/core2-64/sysroots/x86_64-pokysdk-linux/usr/libexec/x86_64-poky-linux/gcc/x86_64-poky-linux/4.9.1/liblto_plugin.so] ==> ignore
    arg [-plugin-opt=/opt/robomap3/1.7.3/core2-64/sysroots/x86_64-pokysdk-linux/usr/libexec/x86_64-poky-linux/gcc/x86_64-poky-linux/4.9.1/lto-wrapper] ==> ignore
    arg [-plugin-opt=-fresolution=/tmp/ccCnvE9s.res] ==> ignore
    arg [-plugin-opt=-pass-through=-lgcc] ==> ignore
    arg [-plugin-opt=-pass-through=-lgcc_s] ==> ignore
    arg [-plugin-opt=-pass-through=-lc] ==> ignore
    arg [-plugin-opt=-pass-through=-lgcc] ==> ignore
    arg [-plugin-opt=-pass-through=-lgcc_s] ==> ignore
    arg [--sysroot=/opt/robomap3/1.7.3/core2-64/sysroots/core2-64-poky-linux] ==> ignore
    arg [--build-id] ==> ignore
    arg [--eh-frame-hdr] ==> ignore
    arg [--hash-style=gnu] ==> ignore
    arg [-m] ==> ignore
    arg [elf_x86_64] ==> ignore
    arg [-export-dynamic] ==> ignore
    arg [-dynamic-linker] ==> ignore
    arg [/lib/ld-linux-x86-64.so.2] ==> ignore
    arg [-o] ==> ignore
    arg [cmTC_72611] ==> ignore
    arg [/opt/robomap3/1.7.3/core2-64/sysroots/core2-64-poky-linux/usr/lib/../lib/crt1.o] ==> ignore
    arg [/opt/robomap3/1.7.3/core2-64/sysroots/core2-64-poky-linux/usr/lib/../lib/crti.o] ==> ignore
    arg [/opt/robomap3/1.7.3/core2-64/sysroots/core2-64-poky-linux/usr/lib/x86_64-poky-linux/4.9.1/crtbegin.o] ==> ignore
    arg [-L/opt/robomap3/1.7.3/core2-64/sysroots/x86_64-pokysdk-linux/usr/lib/x86_64-poky-linux/gcc/x86_64-poky-linux/4.9.1] ==> dir [/opt/robomap3/1.7.3/core2-64/sysroots/x86_64-pokysdk-linux/usr/lib/x86_64-poky-linux/gcc/x86_64-poky-linux/4.9.1]
    arg [-L/opt/robomap3/1.7.3/core2-64/sysroots/core2-64-poky-linux/lib/../lib] ==> dir [/opt/robomap3/1.7.3/core2-64/sysroots/core2-64-poky-linux/lib/../lib]
    arg [-L/opt/robomap3/1.7.3/core2-64/sysroots/core2-64-poky-linux/usr/lib/x86_64-poky-linux/4.9.1] ==> dir [/opt/robomap3/1.7.3/core2-64/sysroots/core2-64-poky-linux/usr/lib/x86_64-poky-linux/4.9.1]
    arg [-L/opt/robomap3/1.7.3/core2-64/sysroots/core2-64-poky-linux/usr/lib/../lib] ==> dir [/opt/robomap3/1.7.3/core2-64/sysroots/core2-64-poky-linux/usr/lib/../lib]
    arg [-L/opt/robomap3/1.7.3/core2-64/sysroots/core2-64-poky-linux/lib] ==> dir [/opt/robomap3/1.7.3/core2-64/sysroots/core2-64-poky-linux/lib]
    arg [-L/opt/robomap3/1.7.3/core2-64/sysroots/core2-64-poky-linux/usr/lib] ==> dir [/opt/robomap3/1.7.3/core2-64/sysroots/core2-64-poky-linux/usr/lib]
    arg [-O1] ==> ignore
    arg [--hash-style=gnu] ==> ignore
    arg [--as-needed] ==> ignore
    arg [CMakeFiles/cmTC_72611.dir/CMakeCCompilerABI.c.o] ==> ignore
    arg [-lgcc] ==> lib [gcc]
    arg [--as-needed] ==> ignore
    arg [-lgcc_s] ==> lib [gcc_s]
    arg [--no-as-needed] ==> ignore
    arg [-lc] ==> lib [c]
    arg [-lgcc] ==> lib [gcc]
    arg [--as-needed] ==> ignore
    arg [-lgcc_s] ==> lib [gcc_s]
    arg [--no-as-needed] ==> ignore
    arg [/opt/robomap3/1.7.3/core2-64/sysroots/core2-64-poky-linux/usr/lib/x86_64-poky-linux/4.9.1/crtend.o] ==> ignore
    arg [/opt/robomap3/1.7.3/core2-64/sysroots/core2-64-poky-linux/usr/lib/../lib/crtn.o] ==> ignore
  remove lib [gcc]
  remove lib [gcc_s]
  remove lib [gcc]
  remove lib [gcc_s]
  collapse library dir [/opt/robomap3/1.7.3/core2-64/sysroots/x86_64-pokysdk-linux/usr/lib/x86_64-poky-linux/gcc/x86_64-poky-linux/4.9.1] ==> [/opt/robomap3/1.7.3/core2-64/sysroots/x86_64-pokysdk-linux/usr/lib/x86_64-poky-linux/gcc/x86_64-poky-linux/4.9.1]
  collapse library dir [/opt/robomap3/1.7.3/core2-64/sysroots/core2-64-poky-linux/lib/../lib] ==> [/opt/robomap3/1.7.3/core2-64/sysroots/core2-64-poky-linux/lib]
  collapse library dir [/opt/robomap3/1.7.3/core2-64/sysroots/core2-64-poky-linux/usr/lib/x86_64-poky-linux/4.9.1] ==> [/opt/robomap3/1.7.3/core2-64/sysroots/core2-64-poky-linux/usr/lib/x86_64-poky-linux/4.9.1]
  collapse library dir [/opt/robomap3/1.7.3/core2-64/sysroots/core2-64-poky-linux/usr/lib/../lib] ==> [/opt/robomap3/1.7.3/core2-64/sysroots/core2-64-poky-linux/usr/lib]
  collapse library dir [/opt/robomap3/1.7.3/core2-64/sysroots/core2-64-poky-linux/lib] ==> [/opt/robomap3/1.7.3/core2-64/sysroots/core2-64-poky-linux/lib]
  collapse library dir [/opt/robomap3/1.7.3/core2-64/sysroots/core2-64-poky-linux/usr/lib] ==> [/opt/robomap3/1.7.3/core2-64/sysroots/core2-64-poky-linux/usr/lib]
  implicit libs: [c]
  implicit dirs: [/opt/robomap3/1.7.3/core2-64/sysroots/x86_64-pokysdk-linux/usr/lib/x86_64-poky-linux/gcc/x86_64-poky-linux/4.9.1;/opt/robomap3/1.7.3/core2-64/sysroots/core2-64-poky-linux/lib;/opt/robomap3/1.7.3/core2-64/sysroots/core2-64-poky-linux/usr/lib/x86_64-poky-linux/4.9.1;/opt/robomap3/1.7.3/core2-64/sysroots/core2-64-poky-linux/usr/lib]
  implicit fwks: []




Detecting C [-std=c11] compiler features compiled with the following output:
Change Dir: /home/rafik/flair/flair-src/tools/Controller/DualShock3/build/CMakeFiles/CMakeTmp

Run Build Command:"/usr/bin/make" "cmTC_a1c50/fast"
/usr/bin/make -f CMakeFiles/cmTC_a1c50.dir/build.make CMakeFiles/cmTC_a1c50.dir/build
make[1]: entrant dans le répertoire « /home/rafik/flair/flair-src/tools/Controller/DualShock3/build_x86_64/CMakeFiles/CMakeTmp »
Building C object CMakeFiles/cmTC_a1c50.dir/feature_tests.c.o
/opt/robomap3/1.7.3/core2-64/sysroots/x86_64-pokysdk-linux/usr/bin/x86_64-poky-linux/x86_64-poky-linux-gcc  --sysroot=/opt/robomap3/1.7.3/core2-64/sysroots/core2-64-poky-linux   -m64 -march=core2 -mtune=core2 -msse3 -mfpmath=sse --sysroot=/opt/robomap3/1.7.3/core2-64/sysroots/core2-64-poky-linux -O2 -pipe    -std=c11 -o CMakeFiles/cmTC_a1c50.dir/feature_tests.c.o   -c /home/rafik/flair/flair-src/tools/Controller/DualShock3/build/CMakeFiles/feature_tests.c
Linking C executable cmTC_a1c50
/opt/robomap3/1.7.3/core2-64/sysroots/x86_64-pokysdk-linux/usr/bin/cmake -E cmake_link_script CMakeFiles/cmTC_a1c50.dir/link.txt --verbose=1
/opt/robomap3/1.7.3/core2-64/sysroots/x86_64-pokysdk-linux/usr/bin/x86_64-poky-linux/x86_64-poky-linux-gcc  --sysroot=/opt/robomap3/1.7.3/core2-64/sysroots/core2-64-poky-linux  -m64 -march=core2 -mtune=core2 -msse3 -mfpmath=sse --sysroot=/opt/robomap3/1.7.3/core2-64/sysroots/core2-64-poky-linux -O2 -pipe   -m64 -march=core2 -mtune=core2 -msse3 -mfpmath=sse --sysroot=/opt/robomap3/1.7.3/core2-64/sysroots/core2-64-poky-linux  -Wl,-O1 -Wl,--hash-style=gnu -Wl,--as-needed   CMakeFiles/cmTC_a1c50.dir/feature_tests.c.o  -o cmTC_a1c50 -rdynamic 
make[1]: quittant le répertoire « /home/rafik/flair/flair-src/tools/Controller/DualShock3/build_x86_64/CMakeFiles/CMakeTmp »


    Feature record: C_FEATURE:1c_function_prototypes
    Feature record: C_FEATURE:1c_restrict
    Feature record: C_FEATURE:1c_static_assert
    Feature record: C_FEATURE:1c_variadic_macros


Detecting C [-std=c99] compiler features compiled with the following output:
Change Dir: /home/rafik/flair/flair-src/tools/Controller/DualShock3/build/CMakeFiles/CMakeTmp

Run Build Command:"/usr/bin/make" "cmTC_2e587/fast"
/usr/bin/make -f CMakeFiles/cmTC_2e587.dir/build.make CMakeFiles/cmTC_2e587.dir/build
make[1]: entrant dans le répertoire « /home/rafik/flair/flair-src/tools/Controller/DualShock3/build_x86_64/CMakeFiles/CMakeTmp »
Building C object CMakeFiles/cmTC_2e587.dir/feature_tests.c.o
/opt/robomap3/1.7.3/core2-64/sysroots/x86_64-pokysdk-linux/usr/bin/x86_64-poky-linux/x86_64-poky-linux-gcc  --sysroot=/opt/robomap3/1.7.3/core2-64/sysroots/core2-64-poky-linux   -m64 -march=core2 -mtune=core2 -msse3 -mfpmath=sse --sysroot=/opt/robomap3/1.7.3/core2-64/sysroots/core2-64-poky-linux -O2 -pipe    -std=c99 -o CMakeFiles/cmTC_2e587.dir/feature_tests.c.o   -c /home/rafik/flair/flair-src/tools/Controller/DualShock3/build/CMakeFiles/feature_tests.c
Linking C executable cmTC_2e587
/opt/robomap3/1.7.3/core2-64/sysroots/x86_64-pokysdk-linux/usr/bin/cmake -E cmake_link_script CMakeFiles/cmTC_2e587.dir/link.txt --verbose=1
/opt/robomap3/1.7.3/core2-64/sysroots/x86_64-pokysdk-linux/usr/bin/x86_64-poky-linux/x86_64-poky-linux-gcc  --sysroot=/opt/robomap3/1.7.3/core2-64/sysroots/core2-64-poky-linux  -m64 -march=core2 -mtune=core2 -msse3 -mfpmath=sse --sysroot=/opt/robomap3/1.7.3/core2-64/sysroots/core2-64-poky-linux -O2 -pipe   -m64 -march=core2 -mtune=core2 -msse3 -mfpmath=sse --sysroot=/opt/robomap3/1.7.3/core2-64/sysroots/core2-64-poky-linux  -Wl,-O1 -Wl,--hash-style=gnu -Wl,--as-needed   CMakeFiles/cmTC_2e587.dir/feature_tests.c.o  -o cmTC_2e587 -rdynamic 
make[1]: quittant le répertoire « /home/rafik/flair/flair-src/tools/Controller/DualShock3/build_x86_64/CMakeFiles/CMakeTmp »


    Feature record: C_FEATURE:1c_function_prototypes
    Feature record: C_FEATURE:1c_restrict
    Feature record: C_FEATURE:0c_static_assert
    Feature record: C_FEATURE:1c_variadic_macros


Detecting C [-std=c90] compiler features compiled with the following output:
Change Dir: /home/rafik/flair/flair-src/tools/Controller/DualShock3/build/CMakeFiles/CMakeTmp

Run Build Command:"/usr/bin/make" "cmTC_3918c/fast"
/usr/bin/make -f CMakeFiles/cmTC_3918c.dir/build.make CMakeFiles/cmTC_3918c.dir/build
make[1]: entrant dans le répertoire « /home/rafik/flair/flair-src/tools/Controller/DualShock3/build_x86_64/CMakeFiles/CMakeTmp »
Building C object CMakeFiles/cmTC_3918c.dir/feature_tests.c.o
/opt/robomap3/1.7.3/core2-64/sysroots/x86_64-pokysdk-linux/usr/bin/x86_64-poky-linux/x86_64-poky-linux-gcc  --sysroot=/opt/robomap3/1.7.3/core2-64/sysroots/core2-64-poky-linux   -m64 -march=core2 -mtune=core2 -msse3 -mfpmath=sse --sysroot=/opt/robomap3/1.7.3/core2-64/sysroots/core2-64-poky-linux -O2 -pipe    -std=c90 -o CMakeFiles/cmTC_3918c.dir/feature_tests.c.o   -c /home/rafik/flair/flair-src/tools/Controller/DualShock3/build/CMakeFiles/feature_tests.c
Linking C executable cmTC_3918c
/opt/robomap3/1.7.3/core2-64/sysroots/x86_64-pokysdk-linux/usr/bin/cmake -E cmake_link_script CMakeFiles/cmTC_3918c.dir/link.txt --verbose=1
/opt/robomap3/1.7.3/core2-64/sysroots/x86_64-pokysdk-linux/usr/bin/x86_64-poky-linux/x86_64-poky-linux-gcc  --sysroot=/opt/robomap3/1.7.3/core2-64/sysroots/core2-64-poky-linux  -m64 -march=core2 -mtune=core2 -msse3 -mfpmath=sse --sysroot=/opt/robomap3/1.7.3/core2-64/sysroots/core2-64-poky-linux -O2 -pipe   -m64 -march=core2 -mtune=core2 -msse3 -mfpmath=sse --sysroot=/opt/robomap3/1.7.3/core2-64/sysroots/core2-64-poky-linux  -Wl,-O1 -Wl,--hash-style=gnu -Wl,--as-needed   CMakeFiles/cmTC_3918c.dir/feature_tests.c.o  -o cmTC_3918c -rdynamic 
make[1]: quittant le répertoire « /home/rafik/flair/flair-src/tools/Controller/DualShock3/build_x86_64/CMakeFiles/CMakeTmp »


    Feature record: C_FEATURE:1c_function_prototypes
    Feature record: C_FEATURE:0c_restrict
    Feature record: C_FEATURE:0c_static_assert
    Feature record: C_FEATURE:0c_variadic_macros
Determining if the CXX compiler works passed with the following output:
Change Dir: /home/rafik/flair/flair-src/tools/Controller/DualShock3/build/CMakeFiles/CMakeTmp

Run Build Command:"/usr/bin/make" "cmTC_80778/fast"
/usr/bin/make -f CMakeFiles/cmTC_80778.dir/build.make CMakeFiles/cmTC_80778.dir/build
make[1]: entrant dans le répertoire « /home/rafik/flair/flair-src/tools/Controller/DualShock3/build_x86_64/CMakeFiles/CMakeTmp »
Building CXX object CMakeFiles/cmTC_80778.dir/testCXXCompiler.cxx.o
/opt/robomap3/1.7.3/core2-64/sysroots/x86_64-pokysdk-linux/usr/bin/x86_64-poky-linux/x86_64-poky-linux-g++  --sysroot=/opt/robomap3/1.7.3/core2-64/sysroots/core2-64-poky-linux    -m64 -march=core2 -mtune=core2 -msse3 -mfpmath=sse --sysroot=/opt/robomap3/1.7.3/core2-64/sysroots/core2-64-poky-linux -O2 -pipe    -o CMakeFiles/cmTC_80778.dir/testCXXCompiler.cxx.o -c /home/rafik/flair/flair-src/tools/Controller/DualShock3/build/CMakeFiles/CMakeTmp/testCXXCompiler.cxx
Linking CXX executable cmTC_80778
/opt/robomap3/1.7.3/core2-64/sysroots/x86_64-pokysdk-linux/usr/bin/cmake -E cmake_link_script CMakeFiles/cmTC_80778.dir/link.txt --verbose=1
/opt/robomap3/1.7.3/core2-64/sysroots/x86_64-pokysdk-linux/usr/bin/x86_64-poky-linux/x86_64-poky-linux-g++  --sysroot=/opt/robomap3/1.7.3/core2-64/sysroots/core2-64-poky-linux   -m64 -march=core2 -mtune=core2 -msse3 -mfpmath=sse --sysroot=/opt/robomap3/1.7.3/core2-64/sysroots/core2-64-poky-linux -O2 -pipe   -m64 -march=core2 -mtune=core2 -msse3 -mfpmath=sse --sysroot=/opt/robomap3/1.7.3/core2-64/sysroots/core2-64-poky-linux -Wl,--dynamic-linker=/opt/robomap3/1.7.3/core2-64/sysroots/x86_64-pokysdk-linux/lib/ld-linux-x86-64.so.2 -Wl,-rpath=/usr/lib/x86_64-linux-gnu/mesa:/opt/robomap3/1.7.3/core2-64/sysroots/core2-64-poky-linux/usr/lib:/opt/robomap3/1.7.3/core2-64/sysroots/core2-64-poky-linux/lib -O2 -pipe -Wl,-O1 -Wl,--hash-style=gnu -Wl,--as-needed   CMakeFiles/cmTC_80778.dir/testCXXCompiler.cxx.o  -o cmTC_80778 -rdynamic 
make[1]: quittant le répertoire « /home/rafik/flair/flair-src/tools/Controller/DualShock3/build_x86_64/CMakeFiles/CMakeTmp »


Detecting CXX compiler ABI info compiled with the following output:
Change Dir: /home/rafik/flair/flair-src/tools/Controller/DualShock3/build/CMakeFiles/CMakeTmp

Run Build Command:"/usr/bin/make" "cmTC_2c17e/fast"
/usr/bin/make -f CMakeFiles/cmTC_2c17e.dir/build.make CMakeFiles/cmTC_2c17e.dir/build
make[1]: entrant dans le répertoire « /home/rafik/flair/flair-src/tools/Controller/DualShock3/build_x86_64/CMakeFiles/CMakeTmp »
Building CXX object CMakeFiles/cmTC_2c17e.dir/CMakeCXXCompilerABI.cpp.o
/opt/robomap3/1.7.3/core2-64/sysroots/x86_64-pokysdk-linux/usr/bin/x86_64-poky-linux/x86_64-poky-linux-g++  --sysroot=/opt/robomap3/1.7.3/core2-64/sysroots/core2-64-poky-linux    -m64 -march=core2 -mtune=core2 -msse3 -mfpmath=sse --sysroot=/opt/robomap3/1.7.3/core2-64/sysroots/core2-64-poky-linux -O2 -pipe    -o CMakeFiles/cmTC_2c17e.dir/CMakeCXXCompilerABI.cpp.o -c /opt/robomap3/1.7.3/core2-64/sysroots/x86_64-pokysdk-linux/usr/share/cmake-3.7/Modules/CMakeCXXCompilerABI.cpp
Linking CXX executable cmTC_2c17e
/opt/robomap3/1.7.3/core2-64/sysroots/x86_64-pokysdk-linux/usr/bin/cmake -E cmake_link_script CMakeFiles/cmTC_2c17e.dir/link.txt --verbose=1
/opt/robomap3/1.7.3/core2-64/sysroots/x86_64-pokysdk-linux/usr/bin/x86_64-poky-linux/x86_64-poky-linux-g++  --sysroot=/opt/robomap3/1.7.3/core2-64/sysroots/core2-64-poky-linux   -m64 -march=core2 -mtune=core2 -msse3 -mfpmath=sse --sysroot=/opt/robomap3/1.7.3/core2-64/sysroots/core2-64-poky-linux -O2 -pipe   -m64 -march=core2 -mtune=core2 -msse3 -mfpmath=sse --sysroot=/opt/robomap3/1.7.3/core2-64/sysroots/core2-64-poky-linux -Wl,--dynamic-linker=/opt/robomap3/1.7.3/core2-64/sysroots/x86_64-pokysdk-linux/lib/ld-linux-x86-64.so.2 -Wl,-rpath=/usr/lib/x86_64-linux-gnu/mesa:/opt/robomap3/1.7.3/core2-64/sysroots/core2-64-poky-linux/usr/lib:/opt/robomap3/1.7.3/core2-64/sysroots/core2-64-poky-linux/lib -O2 -pipe -Wl,-O1 -Wl,--hash-style=gnu -Wl,--as-needed  -v CMakeFiles/cmTC_2c17e.dir/CMakeCXXCompilerABI.cpp.o  -o cmTC_2c17e -rdynamic  
Using built-in specs.
COLLECT_GCC=/opt/robomap3/1.7.3/core2-64/sysroots/x86_64-pokysdk-linux/usr/bin/x86_64-poky-linux/x86_64-poky-linux-g++
COLLECT_LTO_WRAPPER=/opt/robomap3/1.7.3/core2-64/sysroots/x86_64-pokysdk-linux/usr/libexec/x86_64-poky-linux/gcc/x86_64-poky-linux/4.9.1/lto-wrapper
Target: x86_64-poky-linux
Configured with: /home/poky/poky-robomap3/build/tmp/work-shared/gcc-4.9.1-r0/gcc-4.9.1/configure --build=x86_64-linux --host=x86_64-pokysdk-linux --target=x86_64-poky-linux --prefix=/opt/robomap3/1.7.3/core2-64/sysroots/x86_64-pokysdk-linux/usr --exec_prefix=/opt/robomap3/1.7.3/core2-64/sysroots/x86_64-pokysdk-linux/usr --bindir=/opt/robomap3/1.7.3/core2-64/sysroots/x86_64-pokysdk-linux/usr/bin/x86_64-poky-linux --sbindir=/opt/robomap3/1.7.3/core2-64/sysroots/x86_64-pokysdk-linux/usr/bin/x86_64-poky-linux --libexecdir=/opt/robomap3/1.7.3/core2-64/sysroots/x86_64-pokysdk-linux/usr/libexec/x86_64-poky-linux --datadir=/opt/robomap3/1.7.3/core2-64/sysroots/x86_64-pokysdk-linux/usr/share --sysconfdir=/opt/robomap3/1.7.3/core2-64/sysroots/x86_64-pokysdk-linux/etc --sharedstatedir=/opt/robomap3/1.7.3/core2-64/sysroots/x86_64-pokysdk-linux/com --localstatedir=/opt/robomap3/1.7.3/core2-64/sysroots/x86_64-pokysdk-linux/var --libdir=/opt/robomap3/1.7.3/core2-64/sysroots/x86_64-pokysdk-linux/usr/lib/x86_64-poky-linux --includedir=/opt/robomap3/1.7.3/core2-64/sysroots/x86_64-pokysdk-linux/usr/include --oldincludedir=/opt/robomap3/1.7.3/core2-64/sysroots/x86_64-pokysdk-linux/usr/include --infodir=/opt/robomap3/1.7.3/core2-64/sysroots/x86_64-pokysdk-linux/usr/share/info --mandir=/opt/robomap3/1.7.3/core2-64/sysroots/x86_64-pokysdk-linux/usr/share/man --disable-silent-rules --disable-dependency-tracking --with-libtool-sysroot=/home/poky/poky-robomap3/build/tmp/sysroots/x86_64-nativesdk-pokysdk-linux --with-gnu-ld --enable-shared --enable-languages=c,c++ --enable-threads=posix --enable-multilib --enable-c99 --enable-long-long --enable-symvers=gnu --enable-libstdcxx-pch --program-prefix=x86_64-poky-linux- --without-local-prefix --enable-target-optspace --enable-lto --enable-libssp --disable-bootstrap --disable-libmudflap --with-system-zlib --with-linker-hash-style=gnu --enable-linker-build-id --with-ppl=no --with-cloog=no --enable-checking=release --enable-cheaders=c_global --with-gxx-include-dir=/opt/robomap3/1.7.3/core2-64/sysroots/core2-64-poky-linux/usr/include/c++/4.9.1 --with-build-time-tools=/home/poky/poky-robomap3/build/tmp/sysroots/x86_64-linux/usr/x86_64-poky-linux/bin --with-sysroot=/opt/robomap3/1.7.3/core2-64/sysroots/core2-64-poky-linux --with-build-sysroot=/home/poky/poky-robomap3/build/tmp/sysroots/genericx86-64 --enable-poison-system-directories --with-mpfr=/home/poky/poky-robomap3/build/tmp/sysroots/x86_64-nativesdk-pokysdk-linux --with-mpc=/home/poky/poky-robomap3/build/tmp/sysroots/x86_64-nativesdk-pokysdk-linux --enable-nls --enable-__cxa_atexit
Thread model: posix
gcc version 4.9.1 (GCC) 
COMPILER_PATH=/opt/robomap3/1.7.3/core2-64/sysroots/x86_64-pokysdk-linux/usr/libexec/x86_64-poky-linux/gcc/x86_64-poky-linux/4.9.1/:/opt/robomap3/1.7.3/core2-64/sysroots/x86_64-pokysdk-linux/usr/libexec/x86_64-poky-linux/gcc/x86_64-poky-linux/4.9.1/:/opt/robomap3/1.7.3/core2-64/sysroots/x86_64-pokysdk-linux/usr/libexec/x86_64-poky-linux/gcc/x86_64-poky-linux/:/opt/robomap3/1.7.3/core2-64/sysroots/x86_64-pokysdk-linux/usr/lib/x86_64-poky-linux/gcc/x86_64-poky-linux/4.9.1/:/opt/robomap3/1.7.3/core2-64/sysroots/x86_64-pokysdk-linux/usr/lib/x86_64-poky-linux/gcc/x86_64-poky-linux/
LIBRARY_PATH=/opt/robomap3/1.7.3/core2-64/sysroots/x86_64-pokysdk-linux/usr/lib/x86_64-poky-linux/gcc/x86_64-poky-linux/4.9.1/:/opt/robomap3/1.7.3/core2-64/sysroots/core2-64-poky-linux/lib/../lib/:/opt/robomap3/1.7.3/core2-64/sysroots/core2-64-poky-linux/usr/lib/x86_64-poky-linux/4.9.1/:/opt/robomap3/1.7.3/core2-64/sysroots/core2-64-poky-linux/usr/lib/../lib/:/opt/robomap3/1.7.3/core2-64/sysroots/core2-64-poky-linux/lib/:/opt/robomap3/1.7.3/core2-64/sysroots/core2-64-poky-linux/usr/lib/
COLLECT_GCC_OPTIONS='--sysroot=/opt/robomap3/1.7.3/core2-64/sysroots/core2-64-poky-linux' '-march=core2' '-mtune=core2' '-mfpmath=sse' '-O2' '-pipe' '-m64' '-march=core2' '-mtune=core2' '-msse3' '-mfpmath=sse' '-O2' '-pipe' '-v' '-o' 'cmTC_2c17e' '-rdynamic' '-shared-libgcc'
 /opt/robomap3/1.7.3/core2-64/sysroots/x86_64-pokysdk-linux/usr/libexec/x86_64-poky-linux/gcc/x86_64-poky-linux/4.9.1/collect2 -plugin /opt/robomap3/1.7.3/core2-64/sysroots/x86_64-pokysdk-linux/usr/libexec/x86_64-poky-linux/gcc/x86_64-poky-linux/4.9.1/liblto_plugin.so -plugin-opt=/opt/robomap3/1.7.3/core2-64/sysroots/x86_64-pokysdk-linux/usr/libexec/x86_64-poky-linux/gcc/x86_64-poky-linux/4.9.1/lto-wrapper -plugin-opt=-fresolution=/tmp/cc9nhhxH.res -plugin-opt=-pass-through=-lgcc_s -plugin-opt=-pass-through=-lgcc -plugin-opt=-pass-through=-lc -plugin-opt=-pass-through=-lgcc_s -plugin-opt=-pass-through=-lgcc --sysroot=/opt/robomap3/1.7.3/core2-64/sysroots/core2-64-poky-linux --build-id --eh-frame-hdr --hash-style=gnu -m elf_x86_64 -export-dynamic -dynamic-linker /lib/ld-linux-x86-64.so.2 -o cmTC_2c17e /opt/robomap3/1.7.3/core2-64/sysroots/core2-64-poky-linux/usr/lib/../lib/crt1.o /opt/robomap3/1.7.3/core2-64/sysroots/core2-64-poky-linux/usr/lib/../lib/crti.o /opt/robomap3/1.7.3/core2-64/sysroots/core2-64-poky-linux/usr/lib/x86_64-poky-linux/4.9.1/crtbegin.o -L/opt/robomap3/1.7.3/core2-64/sysroots/x86_64-pokysdk-linux/usr/lib/x86_64-poky-linux/gcc/x86_64-poky-linux/4.9.1 -L/opt/robomap3/1.7.3/core2-64/sysroots/core2-64-poky-linux/lib/../lib -L/opt/robomap3/1.7.3/core2-64/sysroots/core2-64-poky-linux/usr/lib/x86_64-poky-linux/4.9.1 -L/opt/robomap3/1.7.3/core2-64/sysroots/core2-64-poky-linux/usr/lib/../lib -L/opt/robomap3/1.7.3/core2-64/sysroots/core2-64-poky-linux/lib -L/opt/robomap3/1.7.3/core2-64/sysroots/core2-64-poky-linux/usr/lib --dynamic-linker=/opt/robomap3/1.7.3/core2-64/sysroots/x86_64-pokysdk-linux/lib/ld-linux-x86-64.so.2 -rpath=/usr/lib/x86_64-linux-gnu/mesa:/opt/robomap3/1.7.3/core2-64/sysroots/core2-64-poky-linux/usr/lib:/opt/robomap3/1.7.3/core2-64/sysroots/core2-64-poky-linux/lib -O1 --hash-style=gnu --as-needed CMakeFiles/cmTC_2c17e.dir/CMakeCXXCompilerABI.cpp.o -lstdc++ -lm -lgcc_s -lgcc -lc -lgcc_s -lgcc /opt/robomap3/1.7.3/core2-64/sysroots/core2-64-poky-linux/usr/lib/x86_64-poky-linux/4.9.1/crtend.o /opt/robomap3/1.7.3/core2-64/sysroots/core2-64-poky-linux/usr/lib/../lib/crtn.o
make[1]: quittant le répertoire « /home/rafik/flair/flair-src/tools/Controller/DualShock3/build_x86_64/CMakeFiles/CMakeTmp »


Parsed CXX implicit link information from above output:
  link line regex: [^( *|.*[/\])(CMAKE_LINKER-NOTFOUND|([^/\]+-)?ld|collect2)[^/\]*( |$)]
  ignore line: [Change Dir: /home/rafik/flair/flair-src/tools/Controller/DualShock3/build/CMakeFiles/CMakeTmp]
  ignore line: []
  ignore line: [Run Build Command:"/usr/bin/make" "cmTC_2c17e/fast"]
  ignore line: [/usr/bin/make -f CMakeFiles/cmTC_2c17e.dir/build.make CMakeFiles/cmTC_2c17e.dir/build]
  ignore line: [make[1]: entrant dans le répertoire « /home/rafik/flair/flair-src/tools/Controller/DualShock3/build_x86_64/CMakeFiles/CMakeTmp »]
  ignore line: [Building CXX object CMakeFiles/cmTC_2c17e.dir/CMakeCXXCompilerABI.cpp.o]
  ignore line: [/opt/robomap3/1.7.3/core2-64/sysroots/x86_64-pokysdk-linux/usr/bin/x86_64-poky-linux/x86_64-poky-linux-g++  --sysroot=/opt/robomap3/1.7.3/core2-64/sysroots/core2-64-poky-linux    -m64 -march=core2 -mtune=core2 -msse3 -mfpmath=sse --sysroot=/opt/robomap3/1.7.3/core2-64/sysroots/core2-64-poky-linux -O2 -pipe    -o CMakeFiles/cmTC_2c17e.dir/CMakeCXXCompilerABI.cpp.o -c /opt/robomap3/1.7.3/core2-64/sysroots/x86_64-pokysdk-linux/usr/share/cmake-3.7/Modules/CMakeCXXCompilerABI.cpp]
  ignore line: [Linking CXX executable cmTC_2c17e]
  ignore line: [/opt/robomap3/1.7.3/core2-64/sysroots/x86_64-pokysdk-linux/usr/bin/cmake -E cmake_link_script CMakeFiles/cmTC_2c17e.dir/link.txt --verbose=1]
  ignore line: [/opt/robomap3/1.7.3/core2-64/sysroots/x86_64-pokysdk-linux/usr/bin/x86_64-poky-linux/x86_64-poky-linux-g++  --sysroot=/opt/robomap3/1.7.3/core2-64/sysroots/core2-64-poky-linux   -m64 -march=core2 -mtune=core2 -msse3 -mfpmath=sse --sysroot=/opt/robomap3/1.7.3/core2-64/sysroots/core2-64-poky-linux -O2 -pipe   -m64 -march=core2 -mtune=core2 -msse3 -mfpmath=sse --sysroot=/opt/robomap3/1.7.3/core2-64/sysroots/core2-64-poky-linux -Wl,--dynamic-linker=/opt/robomap3/1.7.3/core2-64/sysroots/x86_64-pokysdk-linux/lib/ld-linux-x86-64.so.2 -Wl,-rpath=/usr/lib/x86_64-linux-gnu/mesa:/opt/robomap3/1.7.3/core2-64/sysroots/core2-64-poky-linux/usr/lib:/opt/robomap3/1.7.3/core2-64/sysroots/core2-64-poky-linux/lib -O2 -pipe -Wl,-O1 -Wl,--hash-style=gnu -Wl,--as-needed  -v CMakeFiles/cmTC_2c17e.dir/CMakeCXXCompilerABI.cpp.o  -o cmTC_2c17e -rdynamic  ]
  ignore line: [Using built-in specs.]
  ignore line: [COLLECT_GCC=/opt/robomap3/1.7.3/core2-64/sysroots/x86_64-pokysdk-linux/usr/bin/x86_64-poky-linux/x86_64-poky-linux-g++]
  ignore line: [COLLECT_LTO_WRAPPER=/opt/robomap3/1.7.3/core2-64/sysroots/x86_64-pokysdk-linux/usr/libexec/x86_64-poky-linux/gcc/x86_64-poky-linux/4.9.1/lto-wrapper]
  ignore line: [Target: x86_64-poky-linux]
  ignore line: [Configured with: /home/poky/poky-robomap3/build/tmp/work-shared/gcc-4.9.1-r0/gcc-4.9.1/configure --build=x86_64-linux --host=x86_64-pokysdk-linux --target=x86_64-poky-linux --prefix=/opt/robomap3/1.7.3/core2-64/sysroots/x86_64-pokysdk-linux/usr --exec_prefix=/opt/robomap3/1.7.3/core2-64/sysroots/x86_64-pokysdk-linux/usr --bindir=/opt/robomap3/1.7.3/core2-64/sysroots/x86_64-pokysdk-linux/usr/bin/x86_64-poky-linux --sbindir=/opt/robomap3/1.7.3/core2-64/sysroots/x86_64-pokysdk-linux/usr/bin/x86_64-poky-linux --libexecdir=/opt/robomap3/1.7.3/core2-64/sysroots/x86_64-pokysdk-linux/usr/libexec/x86_64-poky-linux --datadir=/opt/robomap3/1.7.3/core2-64/sysroots/x86_64-pokysdk-linux/usr/share --sysconfdir=/opt/robomap3/1.7.3/core2-64/sysroots/x86_64-pokysdk-linux/etc --sharedstatedir=/opt/robomap3/1.7.3/core2-64/sysroots/x86_64-pokysdk-linux/com --localstatedir=/opt/robomap3/1.7.3/core2-64/sysroots/x86_64-pokysdk-linux/var --libdir=/opt/robomap3/1.7.3/core2-64/sysroots/x86_64-pokysdk-linux/usr/lib/x86_64-poky-linux --includedir=/opt/robomap3/1.7.3/core2-64/sysroots/x86_64-pokysdk-linux/usr/include --oldincludedir=/opt/robomap3/1.7.3/core2-64/sysroots/x86_64-pokysdk-linux/usr/include --infodir=/opt/robomap3/1.7.3/core2-64/sysroots/x86_64-pokysdk-linux/usr/share/info --mandir=/opt/robomap3/1.7.3/core2-64/sysroots/x86_64-pokysdk-linux/usr/share/man --disable-silent-rules --disable-dependency-tracking --with-libtool-sysroot=/home/poky/poky-robomap3/build/tmp/sysroots/x86_64-nativesdk-pokysdk-linux --with-gnu-ld --enable-shared --enable-languages=c,c++ --enable-threads=posix --enable-multilib --enable-c99 --enable-long-long --enable-symvers=gnu --enable-libstdcxx-pch --program-prefix=x86_64-poky-linux- --without-local-prefix --enable-target-optspace --enable-lto --enable-libssp --disable-bootstrap --disable-libmudflap --with-system-zlib --with-linker-hash-style=gnu --enable-linker-build-id --with-ppl=no --with-cloog=no --enable-checking=release --enable-cheaders=c_global --with-gxx-include-dir=/opt/robomap3/1.7.3/core2-64/sysroots/core2-64-poky-linux/usr/include/c++/4.9.1 --with-build-time-tools=/home/poky/poky-robomap3/build/tmp/sysroots/x86_64-linux/usr/x86_64-poky-linux/bin --with-sysroot=/opt/robomap3/1.7.3/core2-64/sysroots/core2-64-poky-linux --with-build-sysroot=/home/poky/poky-robomap3/build/tmp/sysroots/genericx86-64 --enable-poison-system-directories --with-mpfr=/home/poky/poky-robomap3/build/tmp/sysroots/x86_64-nativesdk-pokysdk-linux --with-mpc=/home/poky/poky-robomap3/build/tmp/sysroots/x86_64-nativesdk-pokysdk-linux --enable-nls --enable-__cxa_atexit]
  ignore line: [Thread model: posix]
  ignore line: [gcc version 4.9.1 (GCC) ]
  ignore line: [COMPILER_PATH=/opt/robomap3/1.7.3/core2-64/sysroots/x86_64-pokysdk-linux/usr/libexec/x86_64-poky-linux/gcc/x86_64-poky-linux/4.9.1/:/opt/robomap3/1.7.3/core2-64/sysroots/x86_64-pokysdk-linux/usr/libexec/x86_64-poky-linux/gcc/x86_64-poky-linux/4.9.1/:/opt/robomap3/1.7.3/core2-64/sysroots/x86_64-pokysdk-linux/usr/libexec/x86_64-poky-linux/gcc/x86_64-poky-linux/:/opt/robomap3/1.7.3/core2-64/sysroots/x86_64-pokysdk-linux/usr/lib/x86_64-poky-linux/gcc/x86_64-poky-linux/4.9.1/:/opt/robomap3/1.7.3/core2-64/sysroots/x86_64-pokysdk-linux/usr/lib/x86_64-poky-linux/gcc/x86_64-poky-linux/]
  ignore line: [LIBRARY_PATH=/opt/robomap3/1.7.3/core2-64/sysroots/x86_64-pokysdk-linux/usr/lib/x86_64-poky-linux/gcc/x86_64-poky-linux/4.9.1/:/opt/robomap3/1.7.3/core2-64/sysroots/core2-64-poky-linux/lib/../lib/:/opt/robomap3/1.7.3/core2-64/sysroots/core2-64-poky-linux/usr/lib/x86_64-poky-linux/4.9.1/:/opt/robomap3/1.7.3/core2-64/sysroots/core2-64-poky-linux/usr/lib/../lib/:/opt/robomap3/1.7.3/core2-64/sysroots/core2-64-poky-linux/lib/:/opt/robomap3/1.7.3/core2-64/sysroots/core2-64-poky-linux/usr/lib/]
  ignore line: [COLLECT_GCC_OPTIONS='--sysroot=/opt/robomap3/1.7.3/core2-64/sysroots/core2-64-poky-linux' '-march=core2' '-mtune=core2' '-mfpmath=sse' '-O2' '-pipe' '-m64' '-march=core2' '-mtune=core2' '-msse3' '-mfpmath=sse' '-O2' '-pipe' '-v' '-o' 'cmTC_2c17e' '-rdynamic' '-shared-libgcc']
  link line: [ /opt/robomap3/1.7.3/core2-64/sysroots/x86_64-pokysdk-linux/usr/libexec/x86_64-poky-linux/gcc/x86_64-poky-linux/4.9.1/collect2 -plugin /opt/robomap3/1.7.3/core2-64/sysroots/x86_64-pokysdk-linux/usr/libexec/x86_64-poky-linux/gcc/x86_64-poky-linux/4.9.1/liblto_plugin.so -plugin-opt=/opt/robomap3/1.7.3/core2-64/sysroots/x86_64-pokysdk-linux/usr/libexec/x86_64-poky-linux/gcc/x86_64-poky-linux/4.9.1/lto-wrapper -plugin-opt=-fresolution=/tmp/cc9nhhxH.res -plugin-opt=-pass-through=-lgcc_s -plugin-opt=-pass-through=-lgcc -plugin-opt=-pass-through=-lc -plugin-opt=-pass-through=-lgcc_s -plugin-opt=-pass-through=-lgcc --sysroot=/opt/robomap3/1.7.3/core2-64/sysroots/core2-64-poky-linux --build-id --eh-frame-hdr --hash-style=gnu -m elf_x86_64 -export-dynamic -dynamic-linker /lib/ld-linux-x86-64.so.2 -o cmTC_2c17e /opt/robomap3/1.7.3/core2-64/sysroots/core2-64-poky-linux/usr/lib/../lib/crt1.o /opt/robomap3/1.7.3/core2-64/sysroots/core2-64-poky-linux/usr/lib/../lib/crti.o /opt/robomap3/1.7.3/core2-64/sysroots/core2-64-poky-linux/usr/lib/x86_64-poky-linux/4.9.1/crtbegin.o -L/opt/robomap3/1.7.3/core2-64/sysroots/x86_64-pokysdk-linux/usr/lib/x86_64-poky-linux/gcc/x86_64-poky-linux/4.9.1 -L/opt/robomap3/1.7.3/core2-64/sysroots/core2-64-poky-linux/lib/../lib -L/opt/robomap3/1.7.3/core2-64/sysroots/core2-64-poky-linux/usr/lib/x86_64-poky-linux/4.9.1 -L/opt/robomap3/1.7.3/core2-64/sysroots/core2-64-poky-linux/usr/lib/../lib -L/opt/robomap3/1.7.3/core2-64/sysroots/core2-64-poky-linux/lib -L/opt/robomap3/1.7.3/core2-64/sysroots/core2-64-poky-linux/usr/lib --dynamic-linker=/opt/robomap3/1.7.3/core2-64/sysroots/x86_64-pokysdk-linux/lib/ld-linux-x86-64.so.2 -rpath=/usr/lib/x86_64-linux-gnu/mesa:/opt/robomap3/1.7.3/core2-64/sysroots/core2-64-poky-linux/usr/lib:/opt/robomap3/1.7.3/core2-64/sysroots/core2-64-poky-linux/lib -O1 --hash-style=gnu --as-needed CMakeFiles/cmTC_2c17e.dir/CMakeCXXCompilerABI.cpp.o -lstdc++ -lm -lgcc_s -lgcc -lc -lgcc_s -lgcc /opt/robomap3/1.7.3/core2-64/sysroots/core2-64-poky-linux/usr/lib/x86_64-poky-linux/4.9.1/crtend.o /opt/robomap3/1.7.3/core2-64/sysroots/core2-64-poky-linux/usr/lib/../lib/crtn.o]
    arg [/opt/robomap3/1.7.3/core2-64/sysroots/x86_64-pokysdk-linux/usr/libexec/x86_64-poky-linux/gcc/x86_64-poky-linux/4.9.1/collect2] ==> ignore
    arg [-plugin] ==> ignore
    arg [/opt/robomap3/1.7.3/core2-64/sysroots/x86_64-pokysdk-linux/usr/libexec/x86_64-poky-linux/gcc/x86_64-poky-linux/4.9.1/liblto_plugin.so] ==> ignore
    arg [-plugin-opt=/opt/robomap3/1.7.3/core2-64/sysroots/x86_64-pokysdk-linux/usr/libexec/x86_64-poky-linux/gcc/x86_64-poky-linux/4.9.1/lto-wrapper] ==> ignore
    arg [-plugin-opt=-fresolution=/tmp/cc9nhhxH.res] ==> ignore
    arg [-plugin-opt=-pass-through=-lgcc_s] ==> ignore
    arg [-plugin-opt=-pass-through=-lgcc] ==> ignore
    arg [-plugin-opt=-pass-through=-lc] ==> ignore
    arg [-plugin-opt=-pass-through=-lgcc_s] ==> ignore
    arg [-plugin-opt=-pass-through=-lgcc] ==> ignore
    arg [--sysroot=/opt/robomap3/1.7.3/core2-64/sysroots/core2-64-poky-linux] ==> ignore
    arg [--build-id] ==> ignore
    arg [--eh-frame-hdr] ==> ignore
    arg [--hash-style=gnu] ==> ignore
    arg [-m] ==> ignore
    arg [elf_x86_64] ==> ignore
    arg [-export-dynamic] ==> ignore
    arg [-dynamic-linker] ==> ignore
    arg [/lib/ld-linux-x86-64.so.2] ==> ignore
    arg [-o] ==> ignore
    arg [cmTC_2c17e] ==> ignore
    arg [/opt/robomap3/1.7.3/core2-64/sysroots/core2-64-poky-linux/usr/lib/../lib/crt1.o] ==> ignore
    arg [/opt/robomap3/1.7.3/core2-64/sysroots/core2-64-poky-linux/usr/lib/../lib/crti.o] ==> ignore
    arg [/opt/robomap3/1.7.3/core2-64/sysroots/core2-64-poky-linux/usr/lib/x86_64-poky-linux/4.9.1/crtbegin.o] ==> ignore
    arg [-L/opt/robomap3/1.7.3/core2-64/sysroots/x86_64-pokysdk-linux/usr/lib/x86_64-poky-linux/gcc/x86_64-poky-linux/4.9.1] ==> dir [/opt/robomap3/1.7.3/core2-64/sysroots/x86_64-pokysdk-linux/usr/lib/x86_64-poky-linux/gcc/x86_64-poky-linux/4.9.1]
    arg [-L/opt/robomap3/1.7.3/core2-64/sysroots/core2-64-poky-linux/lib/../lib] ==> dir [/opt/robomap3/1.7.3/core2-64/sysroots/core2-64-poky-linux/lib/../lib]
    arg [-L/opt/robomap3/1.7.3/core2-64/sysroots/core2-64-poky-linux/usr/lib/x86_64-poky-linux/4.9.1] ==> dir [/opt/robomap3/1.7.3/core2-64/sysroots/core2-64-poky-linux/usr/lib/x86_64-poky-linux/4.9.1]
    arg [-L/opt/robomap3/1.7.3/core2-64/sysroots/core2-64-poky-linux/usr/lib/../lib] ==> dir [/opt/robomap3/1.7.3/core2-64/sysroots/core2-64-poky-linux/usr/lib/../lib]
    arg [-L/opt/robomap3/1.7.3/core2-64/sysroots/core2-64-poky-linux/lib] ==> dir [/opt/robomap3/1.7.3/core2-64/sysroots/core2-64-poky-linux/lib]
    arg [-L/opt/robomap3/1.7.3/core2-64/sysroots/core2-64-poky-linux/usr/lib] ==> dir [/opt/robomap3/1.7.3/core2-64/sysroots/core2-64-poky-linux/usr/lib]
    arg [--dynamic-linker=/opt/robomap3/1.7.3/core2-64/sysroots/x86_64-pokysdk-linux/lib/ld-linux-x86-64.so.2] ==> ignore
    arg [-rpath=/usr/lib/x86_64-linux-gnu/mesa:/opt/robomap3/1.7.3/core2-64/sysroots/core2-64-poky-linux/usr/lib:/opt/robomap3/1.7.3/core2-64/sysroots/core2-64-poky-linux/lib] ==> ignore
    arg [-O1] ==> ignore
    arg [--hash-style=gnu] ==> ignore
    arg [--as-needed] ==> ignore
    arg [CMakeFiles/cmTC_2c17e.dir/CMakeCXXCompilerABI.cpp.o] ==> ignore
    arg [-lstdc++] ==> lib [stdc++]
    arg [-lm] ==> lib [m]
    arg [-lgcc_s] ==> lib [gcc_s]
    arg [-lgcc] ==> lib [gcc]
    arg [-lc] ==> lib [c]
    arg [-lgcc_s] ==> lib [gcc_s]
    arg [-lgcc] ==> lib [gcc]
    arg [/opt/robomap3/1.7.3/core2-64/sysroots/core2-64-poky-linux/usr/lib/x86_64-poky-linux/4.9.1/crtend.o] ==> ignore
    arg [/opt/robomap3/1.7.3/core2-64/sysroots/core2-64-poky-linux/usr/lib/../lib/crtn.o] ==> ignore
  remove lib [gcc_s]
  remove lib [gcc]
  remove lib [gcc_s]
  remove lib [gcc]
  collapse library dir [/opt/robomap3/1.7.3/core2-64/sysroots/x86_64-pokysdk-linux/usr/lib/x86_64-poky-linux/gcc/x86_64-poky-linux/4.9.1] ==> [/opt/robomap3/1.7.3/core2-64/sysroots/x86_64-pokysdk-linux/usr/lib/x86_64-poky-linux/gcc/x86_64-poky-linux/4.9.1]
  collapse library dir [/opt/robomap3/1.7.3/core2-64/sysroots/core2-64-poky-linux/lib/../lib] ==> [/opt/robomap3/1.7.3/core2-64/sysroots/core2-64-poky-linux/lib]
  collapse library dir [/opt/robomap3/1.7.3/core2-64/sysroots/core2-64-poky-linux/usr/lib/x86_64-poky-linux/4.9.1] ==> [/opt/robomap3/1.7.3/core2-64/sysroots/core2-64-poky-linux/usr/lib/x86_64-poky-linux/4.9.1]
  collapse library dir [/opt/robomap3/1.7.3/core2-64/sysroots/core2-64-poky-linux/usr/lib/../lib] ==> [/opt/robomap3/1.7.3/core2-64/sysroots/core2-64-poky-linux/usr/lib]
  collapse library dir [/opt/robomap3/1.7.3/core2-64/sysroots/core2-64-poky-linux/lib] ==> [/opt/robomap3/1.7.3/core2-64/sysroots/core2-64-poky-linux/lib]
  collapse library dir [/opt/robomap3/1.7.3/core2-64/sysroots/core2-64-poky-linux/usr/lib] ==> [/opt/robomap3/1.7.3/core2-64/sysroots/core2-64-poky-linux/usr/lib]
  implicit libs: [stdc++;m;c]
  implicit dirs: [/opt/robomap3/1.7.3/core2-64/sysroots/x86_64-pokysdk-linux/usr/lib/x86_64-poky-linux/gcc/x86_64-poky-linux/4.9.1;/opt/robomap3/1.7.3/core2-64/sysroots/core2-64-poky-linux/lib;/opt/robomap3/1.7.3/core2-64/sysroots/core2-64-poky-linux/usr/lib/x86_64-poky-linux/4.9.1;/opt/robomap3/1.7.3/core2-64/sysroots/core2-64-poky-linux/usr/lib]
  implicit fwks: []




Detecting CXX [-std=c++14] compiler features compiled with the following output:
Change Dir: /home/rafik/flair/flair-src/tools/Controller/DualShock3/build/CMakeFiles/CMakeTmp

Run Build Command:"/usr/bin/make" "cmTC_55ece/fast"
/usr/bin/make -f CMakeFiles/cmTC_55ece.dir/build.make CMakeFiles/cmTC_55ece.dir/build
make[1]: entrant dans le répertoire « /home/rafik/flair/flair-src/tools/Controller/DualShock3/build_x86_64/CMakeFiles/CMakeTmp »
Building CXX object CMakeFiles/cmTC_55ece.dir/feature_tests.cxx.o
/opt/robomap3/1.7.3/core2-64/sysroots/x86_64-pokysdk-linux/usr/bin/x86_64-poky-linux/x86_64-poky-linux-g++  --sysroot=/opt/robomap3/1.7.3/core2-64/sysroots/core2-64-poky-linux    -m64 -march=core2 -mtune=core2 -msse3 -mfpmath=sse --sysroot=/opt/robomap3/1.7.3/core2-64/sysroots/core2-64-poky-linux -O2 -pipe    -std=c++14 -o CMakeFiles/cmTC_55ece.dir/feature_tests.cxx.o -c /home/rafik/flair/flair-src/tools/Controller/DualShock3/build/CMakeFiles/feature_tests.cxx
Linking CXX executable cmTC_55ece
/opt/robomap3/1.7.3/core2-64/sysroots/x86_64-pokysdk-linux/usr/bin/cmake -E cmake_link_script CMakeFiles/cmTC_55ece.dir/link.txt --verbose=1
/opt/robomap3/1.7.3/core2-64/sysroots/x86_64-pokysdk-linux/usr/bin/x86_64-poky-linux/x86_64-poky-linux-g++  --sysroot=/opt/robomap3/1.7.3/core2-64/sysroots/core2-64-poky-linux   -m64 -march=core2 -mtune=core2 -msse3 -mfpmath=sse --sysroot=/opt/robomap3/1.7.3/core2-64/sysroots/core2-64-poky-linux -O2 -pipe   -m64 -march=core2 -mtune=core2 -msse3 -mfpmath=sse --sysroot=/opt/robomap3/1.7.3/core2-64/sysroots/core2-64-poky-linux -Wl,--dynamic-linker=/opt/robomap3/1.7.3/core2-64/sysroots/x86_64-pokysdk-linux/lib/ld-linux-x86-64.so.2 -Wl,-rpath=/usr/lib/x86_64-linux-gnu/mesa:/opt/robomap3/1.7.3/core2-64/sysroots/core2-64-poky-linux/usr/lib:/opt/robomap3/1.7.3/core2-64/sysroots/core2-64-poky-linux/lib -O2 -pipe -Wl,-O1 -Wl,--hash-style=gnu -Wl,--as-needed   CMakeFiles/cmTC_55ece.dir/feature_tests.cxx.o  -o cmTC_55ece -rdynamic 
make[1]: quittant le répertoire « /home/rafik/flair/flair-src/tools/Controller/DualShock3/build_x86_64/CMakeFiles/CMakeTmp »


    Feature record: CXX_FEATURE:0cxx_aggregate_default_initializers
    Feature record: CXX_FEATURE:1cxx_alias_templates
    Feature record: CXX_FEATURE:1cxx_alignas
    Feature record: CXX_FEATURE:1cxx_alignof
    Feature record: CXX_FEATURE:1cxx_attributes
    Feature record: CXX_FEATURE:1cxx_attribute_deprecated
    Feature record: CXX_FEATURE:1cxx_auto_type
    Feature record: CXX_FEATURE:1cxx_binary_literals
    Feature record: CXX_FEATURE:1cxx_constexpr
    Feature record: CXX_FEATURE:1cxx_contextual_conversions
    Feature record: CXX_FEATURE:1cxx_decltype
    Feature record: CXX_FEATURE:1cxx_decltype_auto
    Feature record: CXX_FEATURE:1cxx_decltype_incomplete_return_types
    Feature record: CXX_FEATURE:1cxx_default_function_template_args
    Feature record: CXX_FEATURE:1cxx_defaulted_functions
    Feature record: CXX_FEATURE:1cxx_defaulted_move_initializers
    Feature record: CXX_FEATURE:1cxx_delegating_constructors
    Feature record: CXX_FEATURE:1cxx_deleted_functions
    Feature record: CXX_FEATURE:1cxx_digit_separators
    Feature record: CXX_FEATURE:1cxx_enum_forward_declarations
    Feature record: CXX_FEATURE:1cxx_explicit_conversions
    Feature record: CXX_FEATURE:1cxx_extended_friend_declarations
    Feature record: CXX_FEATURE:1cxx_extern_templates
    Feature record: CXX_FEATURE:1cxx_final
    Feature record: CXX_FEATURE:1cxx_func_identifier
    Feature record: CXX_FEATURE:1cxx_generalized_initializers
    Feature record: CXX_FEATURE:1cxx_generic_lambdas
    Feature record: CXX_FEATURE:1cxx_inheriting_constructors
    Feature record: CXX_FEATURE:1cxx_inline_namespaces
    Feature record: CXX_FEATURE:1cxx_lambdas
    Feature record: CXX_FEATURE:1cxx_lambda_init_captures
    Feature record: CXX_FEATURE:1cxx_local_type_template_args
    Feature record: CXX_FEATURE:1cxx_long_long_type
    Feature record: CXX_FEATURE:1cxx_noexcept
    Feature record: CXX_FEATURE:1cxx_nonstatic_member_init
    Feature record: CXX_FEATURE:1cxx_nullptr
    Feature record: CXX_FEATURE:1cxx_override
    Feature record: CXX_FEATURE:1cxx_range_for
    Feature record: CXX_FEATURE:1cxx_raw_string_literals
    Feature record: CXX_FEATURE:1cxx_reference_qualified_functions
    Feature record: CXX_FEATURE:0cxx_relaxed_constexpr
    Feature record: CXX_FEATURE:1cxx_return_type_deduction
    Feature record: CXX_FEATURE:1cxx_right_angle_brackets
    Feature record: CXX_FEATURE:1cxx_rvalue_references
    Feature record: CXX_FEATURE:1cxx_sizeof_member
    Feature record: CXX_FEATURE:1cxx_static_assert
    Feature record: CXX_FEATURE:1cxx_strong_enums
    Feature record: CXX_FEATURE:1cxx_template_template_parameters
    Feature record: CXX_FEATURE:1cxx_thread_local
    Feature record: CXX_FEATURE:1cxx_trailing_return_types
    Feature record: CXX_FEATURE:1cxx_unicode_literals
    Feature record: CXX_FEATURE:1cxx_uniform_initialization
    Feature record: CXX_FEATURE:1cxx_unrestricted_unions
    Feature record: CXX_FEATURE:1cxx_user_literals
    Feature record: CXX_FEATURE:0cxx_variable_templates
    Feature record: CXX_FEATURE:1cxx_variadic_macros
    Feature record: CXX_FEATURE:1cxx_variadic_templates


Detecting CXX [-std=c++11] compiler features compiled with the following output:
Change Dir: /home/rafik/flair/flair-src/tools/Controller/DualShock3/build/CMakeFiles/CMakeTmp

Run Build Command:"/usr/bin/make" "cmTC_0b7fc/fast"
/usr/bin/make -f CMakeFiles/cmTC_0b7fc.dir/build.make CMakeFiles/cmTC_0b7fc.dir/build
make[1]: entrant dans le répertoire « /home/rafik/flair/flair-src/tools/Controller/DualShock3/build_x86_64/CMakeFiles/CMakeTmp »
Building CXX object CMakeFiles/cmTC_0b7fc.dir/feature_tests.cxx.o
/opt/robomap3/1.7.3/core2-64/sysroots/x86_64-pokysdk-linux/usr/bin/x86_64-poky-linux/x86_64-poky-linux-g++  --sysroot=/opt/robomap3/1.7.3/core2-64/sysroots/core2-64-poky-linux    -m64 -march=core2 -mtune=core2 -msse3 -mfpmath=sse --sysroot=/opt/robomap3/1.7.3/core2-64/sysroots/core2-64-poky-linux -O2 -pipe    -std=c++11 -o CMakeFiles/cmTC_0b7fc.dir/feature_tests.cxx.o -c /home/rafik/flair/flair-src/tools/Controller/DualShock3/build/CMakeFiles/feature_tests.cxx
Linking CXX executable cmTC_0b7fc
/opt/robomap3/1.7.3/core2-64/sysroots/x86_64-pokysdk-linux/usr/bin/cmake -E cmake_link_script CMakeFiles/cmTC_0b7fc.dir/link.txt --verbose=1
/opt/robomap3/1.7.3/core2-64/sysroots/x86_64-pokysdk-linux/usr/bin/x86_64-poky-linux/x86_64-poky-linux-g++  --sysroot=/opt/robomap3/1.7.3/core2-64/sysroots/core2-64-poky-linux   -m64 -march=core2 -mtune=core2 -msse3 -mfpmath=sse --sysroot=/opt/robomap3/1.7.3/core2-64/sysroots/core2-64-poky-linux -O2 -pipe   -m64 -march=core2 -mtune=core2 -msse3 -mfpmath=sse --sysroot=/opt/robomap3/1.7.3/core2-64/sysroots/core2-64-poky-linux -Wl,--dynamic-linker=/opt/robomap3/1.7.3/core2-64/sysroots/x86_64-pokysdk-linux/lib/ld-linux-x86-64.so.2 -Wl,-rpath=/usr/lib/x86_64-linux-gnu/mesa:/opt/robomap3/1.7.3/core2-64/sysroots/core2-64-poky-linux/usr/lib:/opt/robomap3/1.7.3/core2-64/sysroots/core2-64-poky-linux/lib -O2 -pipe -Wl,-O1 -Wl,--hash-style=gnu -Wl,--as-needed   CMakeFiles/cmTC_0b7fc.dir/feature_tests.cxx.o  -o cmTC_0b7fc -rdynamic 
make[1]: quittant le répertoire « /home/rafik/flair/flair-src/tools/Controller/DualShock3/build_x86_64/CMakeFiles/CMakeTmp »


    Feature record: CXX_FEATURE:0cxx_aggregate_default_initializers
    Feature record: CXX_FEATURE:1cxx_alias_templates
    Feature record: CXX_FEATURE:1cxx_alignas
    Feature record: CXX_FEATURE:1cxx_alignof
    Feature record: CXX_FEATURE:1cxx_attributes
    Feature record: CXX_FEATURE:0cxx_attribute_deprecated
    Feature record: CXX_FEATURE:1cxx_auto_type
    Feature record: CXX_FEATURE:0cxx_binary_literals
    Feature record: CXX_FEATURE:1cxx_constexpr
    Feature record: CXX_FEATURE:0cxx_contextual_conversions
    Feature record: CXX_FEATURE:1cxx_decltype
    Feature record: CXX_FEATURE:0cxx_decltype_auto
    Feature record: CXX_FEATURE:1cxx_decltype_incomplete_return_types
    Feature record: CXX_FEATURE:1cxx_default_function_template_args
    Feature record: CXX_FEATURE:1cxx_defaulted_functions
    Feature record: CXX_FEATURE:1cxx_defaulted_move_initializers
    Feature record: CXX_FEATURE:1cxx_delegating_constructors
    Feature record: CXX_FEATURE:1cxx_deleted_functions
    Feature record: CXX_FEATURE:0cxx_digit_separators
    Feature record: CXX_FEATURE:1cxx_enum_forward_declarations
    Feature record: CXX_FEATURE:1cxx_explicit_conversions
    Feature record: CXX_FEATURE:1cxx_extended_friend_declarations
    Feature record: CXX_FEATURE:1cxx_extern_templates
    Feature record: CXX_FEATURE:1cxx_final
    Feature record: CXX_FEATURE:1cxx_func_identifier
    Feature record: CXX_FEATURE:1cxx_generalized_initializers
    Feature record: CXX_FEATURE:0cxx_generic_lambdas
    Feature record: CXX_FEATURE:1cxx_inheriting_constructors
    Feature record: CXX_FEATURE:1cxx_inline_namespaces
    Feature record: CXX_FEATURE:1cxx_lambdas
    Feature record: CXX_FEATURE:0cxx_lambda_init_captures
    Feature record: CXX_FEATURE:1cxx_local_type_template_args
    Feature record: CXX_FEATURE:1cxx_long_long_type
    Feature record: CXX_FEATURE:1cxx_noexcept
    Feature record: CXX_FEATURE:1cxx_nonstatic_member_init
    Feature record: CXX_FEATURE:1cxx_nullptr
    Feature record: CXX_FEATURE:1cxx_override
    Feature record: CXX_FEATURE:1cxx_range_for
    Feature record: CXX_FEATURE:1cxx_raw_string_literals
    Feature record: CXX_FEATURE:1cxx_reference_qualified_functions
    Feature record: CXX_FEATURE:0cxx_relaxed_constexpr
    Feature record: CXX_FEATURE:0cxx_return_type_deduction
    Feature record: CXX_FEATURE:1cxx_right_angle_brackets
    Feature record: CXX_FEATURE:1cxx_rvalue_references
    Feature record: CXX_FEATURE:1cxx_sizeof_member
    Feature record: CXX_FEATURE:1cxx_static_assert
    Feature record: CXX_FEATURE:1cxx_strong_enums
    Feature record: CXX_FEATURE:1cxx_template_template_parameters
    Feature record: CXX_FEATURE:1cxx_thread_local
    Feature record: CXX_FEATURE:1cxx_trailing_return_types
    Feature record: CXX_FEATURE:1cxx_unicode_literals
    Feature record: CXX_FEATURE:1cxx_uniform_initialization
    Feature record: CXX_FEATURE:1cxx_unrestricted_unions
    Feature record: CXX_FEATURE:1cxx_user_literals
    Feature record: CXX_FEATURE:0cxx_variable_templates
    Feature record: CXX_FEATURE:1cxx_variadic_macros
    Feature record: CXX_FEATURE:1cxx_variadic_templates


Detecting CXX [-std=c++98] compiler features compiled with the following output:
Change Dir: /home/rafik/flair/flair-src/tools/Controller/DualShock3/build/CMakeFiles/CMakeTmp

Run Build Command:"/usr/bin/make" "cmTC_04a64/fast"
/usr/bin/make -f CMakeFiles/cmTC_04a64.dir/build.make CMakeFiles/cmTC_04a64.dir/build
make[1]: entrant dans le répertoire « /home/rafik/flair/flair-src/tools/Controller/DualShock3/build_x86_64/CMakeFiles/CMakeTmp »
Building CXX object CMakeFiles/cmTC_04a64.dir/feature_tests.cxx.o
/opt/robomap3/1.7.3/core2-64/sysroots/x86_64-pokysdk-linux/usr/bin/x86_64-poky-linux/x86_64-poky-linux-g++  --sysroot=/opt/robomap3/1.7.3/core2-64/sysroots/core2-64-poky-linux    -m64 -march=core2 -mtune=core2 -msse3 -mfpmath=sse --sysroot=/opt/robomap3/1.7.3/core2-64/sysroots/core2-64-poky-linux -O2 -pipe    -std=c++98 -o CMakeFiles/cmTC_04a64.dir/feature_tests.cxx.o -c /home/rafik/flair/flair-src/tools/Controller/DualShock3/build/CMakeFiles/feature_tests.cxx
Linking CXX executable cmTC_04a64
/opt/robomap3/1.7.3/core2-64/sysroots/x86_64-pokysdk-linux/usr/bin/cmake -E cmake_link_script CMakeFiles/cmTC_04a64.dir/link.txt --verbose=1
/opt/robomap3/1.7.3/core2-64/sysroots/x86_64-pokysdk-linux/usr/bin/x86_64-poky-linux/x86_64-poky-linux-g++  --sysroot=/opt/robomap3/1.7.3/core2-64/sysroots/core2-64-poky-linux   -m64 -march=core2 -mtune=core2 -msse3 -mfpmath=sse --sysroot=/opt/robomap3/1.7.3/core2-64/sysroots/core2-64-poky-linux -O2 -pipe   -m64 -march=core2 -mtune=core2 -msse3 -mfpmath=sse --sysroot=/opt/robomap3/1.7.3/core2-64/sysroots/core2-64-poky-linux -Wl,--dynamic-linker=/opt/robomap3/1.7.3/core2-64/sysroots/x86_64-pokysdk-linux/lib/ld-linux-x86-64.so.2 -Wl,-rpath=/usr/lib/x86_64-linux-gnu/mesa:/opt/robomap3/1.7.3/core2-64/sysroots/core2-64-poky-linux/usr/lib:/opt/robomap3/1.7.3/core2-64/sysroots/core2-64-poky-linux/lib -O2 -pipe -Wl,-O1 -Wl,--hash-style=gnu -Wl,--as-needed   CMakeFiles/cmTC_04a64.dir/feature_tests.cxx.o  -o cmTC_04a64 -rdynamic 
make[1]: quittant le répertoire « /home/rafik/flair/flair-src/tools/Controller/DualShock3/build_x86_64/CMakeFiles/CMakeTmp »


    Feature record: CXX_FEATURE:0cxx_aggregate_default_initializers
    Feature record: CXX_FEATURE:0cxx_alias_templates
    Feature record: CXX_FEATURE:0cxx_alignas
    Feature record: CXX_FEATURE:0cxx_alignof
    Feature record: CXX_FEATURE:0cxx_attributes
    Feature record: CXX_FEATURE:0cxx_attribute_deprecated
    Feature record: CXX_FEATURE:0cxx_auto_type
    Feature record: CXX_FEATURE:0cxx_binary_literals
    Feature record: CXX_FEATURE:0cxx_constexpr
    Feature record: CXX_FEATURE:0cxx_contextual_conversions
    Feature record: CXX_FEATURE:0cxx_decltype
    Feature record: CXX_FEATURE:0cxx_decltype_auto
    Feature record: CXX_FEATURE:0cxx_decltype_incomplete_return_types
    Feature record: CXX_FEATURE:0cxx_default_function_template_args
    Feature record: CXX_FEATURE:0cxx_defaulted_functions
    Feature record: CXX_FEATURE:0cxx_defaulted_move_initializers
    Feature record: CXX_FEATURE:0cxx_delegating_constructors
    Feature record: CXX_FEATURE:0cxx_deleted_functions
    Feature record: CXX_FEATURE:0cxx_digit_separators
    Feature record: CXX_FEATURE:0cxx_enum_forward_declarations
    Feature record: CXX_FEATURE:0cxx_explicit_conversions
    Feature record: CXX_FEATURE:0cxx_extended_friend_declarations
    Feature record: CXX_FEATURE:0cxx_extern_templates
    Feature record: CXX_FEATURE:0cxx_final
    Feature record: CXX_FEATURE:0cxx_func_identifier
    Feature record: CXX_FEATURE:0cxx_generalized_initializers
    Feature record: CXX_FEATURE:0cxx_generic_lambdas
    Feature record: CXX_FEATURE:0cxx_inheriting_constructors
    Feature record: CXX_FEATURE:0cxx_inline_namespaces
    Feature record: CXX_FEATURE:0cxx_lambdas
    Feature record: CXX_FEATURE:0cxx_lambda_init_captures
    Feature record: CXX_FEATURE:0cxx_local_type_template_args
    Feature record: CXX_FEATURE:0cxx_long_long_type
    Feature record: CXX_FEATURE:0cxx_noexcept
    Feature record: CXX_FEATURE:0cxx_nonstatic_member_init
    Feature record: CXX_FEATURE:0cxx_nullptr
    Feature record: CXX_FEATURE:0cxx_override
    Feature record: CXX_FEATURE:0cxx_range_for
    Feature record: CXX_FEATURE:0cxx_raw_string_literals
    Feature record: CXX_FEATURE:0cxx_reference_qualified_functions
    Feature record: CXX_FEATURE:0cxx_relaxed_constexpr
    Feature record: CXX_FEATURE:0cxx_return_type_deduction
    Feature record: CXX_FEATURE:0cxx_right_angle_brackets
    Feature record: CXX_FEATURE:0cxx_rvalue_references
    Feature record: CXX_FEATURE:0cxx_sizeof_member
    Feature record: CXX_FEATURE:0cxx_static_assert
    Feature record: CXX_FEATURE:0cxx_strong_enums
    Feature record: CXX_FEATURE:1cxx_template_template_parameters
    Feature record: CXX_FEATURE:0cxx_thread_local
    Feature record: CXX_FEATURE:0cxx_trailing_return_types
    Feature record: CXX_FEATURE:0cxx_unicode_literals
    Feature record: CXX_FEATURE:0cxx_uniform_initialization
    Feature record: CXX_FEATURE:0cxx_unrestricted_unions
    Feature record: CXX_FEATURE:0cxx_user_literals
    Feature record: CXX_FEATURE:0cxx_variable_templates
    Feature record: CXX_FEATURE:0cxx_variadic_macros
    Feature record: CXX_FEATURE:0cxx_variadic_templates
