The target system is: Linux -  - arm
The host system is: Linux - 4.4.0-34-generic - x86_64
Compiling the C compiler identification source file "CMakeCCompilerId.c" succeeded.
Compiler: /opt/robomap3/1.7.3/armv7a-neon/sysroots/x86_64-pokysdk-linux/usr/bin/arm-poky-linux-gnueabi/arm-poky-linux-gnueabi-gcc 
Build flags: ;-march=armv7-a;-mthumb-interwork;-mfloat-abi=softfp;-mfpu=neon;--sysroot=/opt/robomap3/1.7.3/armv7a-neon/sysroots/armv7a-vfp-neon-poky-linux-gnueabi;-O2;-pipe
Id flags: 

The output was:
0


Compilation of the C compiler identification source "CMakeCCompilerId.c" produced "a.out"

The C compiler identification is GNU, found in "/home/rafik/flair/flair-src/demos/CircleFollower/uav/build_arm/CMakeFiles/3.7.0/CompilerIdC/a.out"

Compiling the CXX compiler identification source file "CMakeCXXCompilerId.cpp" succeeded.
Compiler: /opt/robomap3/1.7.3/armv7a-neon/sysroots/x86_64-pokysdk-linux/usr/bin/arm-poky-linux-gnueabi/arm-poky-linux-gnueabi-g++ 
Build flags: ;-march=armv7-a;-mthumb-interwork;-mfloat-abi=softfp;-mfpu=neon;--sysroot=/opt/robomap3/1.7.3/armv7a-neon/sysroots/armv7a-vfp-neon-poky-linux-gnueabi;-O2;-pipe
Id flags: 

The output was:
0


Compilation of the CXX compiler identification source "CMakeCXXCompilerId.cpp" produced "a.out"

The CXX compiler identification is GNU, found in "/home/rafik/flair/flair-src/demos/CircleFollower/uav/build_arm/CMakeFiles/3.7.0/CompilerIdCXX/a.out"

Determining if the C compiler works passed with the following output:
Change Dir: /home/rafik/flair/flair-src/demos/CircleFollower/uav/build_arm/CMakeFiles/CMakeTmp

Run Build Command:"/usr/bin/make" "cmTC_8e7c6/fast"
/usr/bin/make -f CMakeFiles/cmTC_8e7c6.dir/build.make CMakeFiles/cmTC_8e7c6.dir/build
make[1]: entrant dans le répertoire « /home/rafik/flair/flair-src/demos/CircleFollower/uav/build_arm/CMakeFiles/CMakeTmp »
Building C object CMakeFiles/cmTC_8e7c6.dir/testCCompiler.c.o
/opt/robomap3/1.7.3/armv7a-neon/sysroots/x86_64-pokysdk-linux/usr/bin/arm-poky-linux-gnueabi/arm-poky-linux-gnueabi-gcc  --sysroot=/opt/robomap3/1.7.3/armv7a-neon/sysroots/armv7a-vfp-neon-poky-linux-gnueabi   -march=armv7-a -mthumb-interwork -mfloat-abi=softfp -mfpu=neon --sysroot=/opt/robomap3/1.7.3/armv7a-neon/sysroots/armv7a-vfp-neon-poky-linux-gnueabi -O2 -pipe    -o CMakeFiles/cmTC_8e7c6.dir/testCCompiler.c.o   -c /home/rafik/flair/flair-src/demos/CircleFollower/uav/build_arm/CMakeFiles/CMakeTmp/testCCompiler.c
Linking C executable cmTC_8e7c6
/opt/robomap3/1.7.3/core2-64/sysroots/x86_64-pokysdk-linux/usr/bin/cmake -E cmake_link_script CMakeFiles/cmTC_8e7c6.dir/link.txt --verbose=1
/opt/robomap3/1.7.3/armv7a-neon/sysroots/x86_64-pokysdk-linux/usr/bin/arm-poky-linux-gnueabi/arm-poky-linux-gnueabi-gcc  --sysroot=/opt/robomap3/1.7.3/armv7a-neon/sysroots/armv7a-vfp-neon-poky-linux-gnueabi  -march=armv7-a -mthumb-interwork -mfloat-abi=softfp -mfpu=neon --sysroot=/opt/robomap3/1.7.3/armv7a-neon/sysroots/armv7a-vfp-neon-poky-linux-gnueabi -O2 -pipe   -march=armv7-a -mthumb-interwork -mfloat-abi=softfp -mfpu=neon --sysroot=/opt/robomap3/1.7.3/armv7a-neon/sysroots/armv7a-vfp-neon-poky-linux-gnueabi  -Wl,-O1 -Wl,--hash-style=gnu -Wl,--as-needed   CMakeFiles/cmTC_8e7c6.dir/testCCompiler.c.o  -o cmTC_8e7c6 -rdynamic 
make[1]: quittant le répertoire « /home/rafik/flair/flair-src/demos/CircleFollower/uav/build_arm/CMakeFiles/CMakeTmp »


Detecting C compiler ABI info compiled with the following output:
Change Dir: /home/rafik/flair/flair-src/demos/CircleFollower/uav/build_arm/CMakeFiles/CMakeTmp

Run Build Command:"/usr/bin/make" "cmTC_8a5ec/fast"
/usr/bin/make -f CMakeFiles/cmTC_8a5ec.dir/build.make CMakeFiles/cmTC_8a5ec.dir/build
make[1]: entrant dans le répertoire « /home/rafik/flair/flair-src/demos/CircleFollower/uav/build_arm/CMakeFiles/CMakeTmp »
Building C object CMakeFiles/cmTC_8a5ec.dir/CMakeCCompilerABI.c.o
/opt/robomap3/1.7.3/armv7a-neon/sysroots/x86_64-pokysdk-linux/usr/bin/arm-poky-linux-gnueabi/arm-poky-linux-gnueabi-gcc  --sysroot=/opt/robomap3/1.7.3/armv7a-neon/sysroots/armv7a-vfp-neon-poky-linux-gnueabi   -march=armv7-a -mthumb-interwork -mfloat-abi=softfp -mfpu=neon --sysroot=/opt/robomap3/1.7.3/armv7a-neon/sysroots/armv7a-vfp-neon-poky-linux-gnueabi -O2 -pipe    -o CMakeFiles/cmTC_8a5ec.dir/CMakeCCompilerABI.c.o   -c /opt/robomap3/1.7.3/core2-64/sysroots/x86_64-pokysdk-linux/usr/share/cmake-3.7/Modules/CMakeCCompilerABI.c
Linking C executable cmTC_8a5ec
/opt/robomap3/1.7.3/core2-64/sysroots/x86_64-pokysdk-linux/usr/bin/cmake -E cmake_link_script CMakeFiles/cmTC_8a5ec.dir/link.txt --verbose=1
/opt/robomap3/1.7.3/armv7a-neon/sysroots/x86_64-pokysdk-linux/usr/bin/arm-poky-linux-gnueabi/arm-poky-linux-gnueabi-gcc  --sysroot=/opt/robomap3/1.7.3/armv7a-neon/sysroots/armv7a-vfp-neon-poky-linux-gnueabi  -march=armv7-a -mthumb-interwork -mfloat-abi=softfp -mfpu=neon --sysroot=/opt/robomap3/1.7.3/armv7a-neon/sysroots/armv7a-vfp-neon-poky-linux-gnueabi -O2 -pipe   -march=armv7-a -mthumb-interwork -mfloat-abi=softfp -mfpu=neon --sysroot=/opt/robomap3/1.7.3/armv7a-neon/sysroots/armv7a-vfp-neon-poky-linux-gnueabi  -Wl,-O1 -Wl,--hash-style=gnu -Wl,--as-needed  -v CMakeFiles/cmTC_8a5ec.dir/CMakeCCompilerABI.c.o  -o cmTC_8a5ec -rdynamic  
Using built-in specs.
COLLECT_GCC=/opt/robomap3/1.7.3/armv7a-neon/sysroots/x86_64-pokysdk-linux/usr/bin/arm-poky-linux-gnueabi/arm-poky-linux-gnueabi-gcc
COLLECT_LTO_WRAPPER=/opt/robomap3/1.7.3/armv7a-neon/sysroots/x86_64-pokysdk-linux/usr/libexec/arm-poky-linux-gnueabi/gcc/arm-poky-linux-gnueabi/4.9.1/lto-wrapper
Target: arm-poky-linux-gnueabi
Configured with: /home/poky/poky-robomap3/build/tmp/work-shared/gcc-4.9.1-r0/gcc-4.9.1/configure --build=x86_64-linux --host=x86_64-pokysdk-linux --target=arm-poky-linux-gnueabi --prefix=/opt/robomap3/1.7.3/armv7a-neon/sysroots/x86_64-pokysdk-linux/usr --exec_prefix=/opt/robomap3/1.7.3/armv7a-neon/sysroots/x86_64-pokysdk-linux/usr --bindir=/opt/robomap3/1.7.3/armv7a-neon/sysroots/x86_64-pokysdk-linux/usr/bin/arm-poky-linux-gnueabi --sbindir=/opt/robomap3/1.7.3/armv7a-neon/sysroots/x86_64-pokysdk-linux/usr/bin/arm-poky-linux-gnueabi --libexecdir=/opt/robomap3/1.7.3/armv7a-neon/sysroots/x86_64-pokysdk-linux/usr/libexec/arm-poky-linux-gnueabi --datadir=/opt/robomap3/1.7.3/armv7a-neon/sysroots/x86_64-pokysdk-linux/usr/share --sysconfdir=/opt/robomap3/1.7.3/armv7a-neon/sysroots/x86_64-pokysdk-linux/etc --sharedstatedir=/opt/robomap3/1.7.3/armv7a-neon/sysroots/x86_64-pokysdk-linux/com --localstatedir=/opt/robomap3/1.7.3/armv7a-neon/sysroots/x86_64-pokysdk-linux/var --libdir=/opt/robomap3/1.7.3/armv7a-neon/sysroots/x86_64-pokysdk-linux/usr/lib/arm-poky-linux-gnueabi --includedir=/opt/robomap3/1.7.3/armv7a-neon/sysroots/x86_64-pokysdk-linux/usr/include --oldincludedir=/opt/robomap3/1.7.3/armv7a-neon/sysroots/x86_64-pokysdk-linux/usr/include --infodir=/opt/robomap3/1.7.3/armv7a-neon/sysroots/x86_64-pokysdk-linux/usr/share/info --mandir=/opt/robomap3/1.7.3/armv7a-neon/sysroots/x86_64-pokysdk-linux/usr/share/man --disable-silent-rules --disable-dependency-tracking --with-libtool-sysroot=/home/poky/poky-robomap3/build/tmp/sysroots/x86_64-nativesdk-pokysdk-linux --with-gnu-ld --enable-shared --enable-languages=c,c++ --enable-threads=posix --enable-multilib --enable-c99 --enable-long-long --enable-symvers=gnu --enable-libstdcxx-pch --program-prefix=arm-poky-linux-gnueabi- --without-local-prefix --enable-target-optspace --enable-lto --enable-libssp --disable-bootstrap --disable-libmudflap --with-system-zlib --with-linker-hash-style=gnu --enable-linker-build-id --with-ppl=no --with-cloog=no --enable-checking=release --enable-cheaders=c_global --with-gxx-include-dir=/opt/robomap3/1.7.3/armv7a-neon/sysroots/armv7a-vfp-neon-poky-linux-gnueabi/usr/include/c++/4.9.1 --with-build-time-tools=/home/poky/poky-robomap3/build/tmp/sysroots/x86_64-linux/usr/arm-poky-linux-gnueabi/bin --with-sysroot=/opt/robomap3/1.7.3/armv7a-neon/sysroots/armv7a-vfp-neon-poky-linux-gnueabi --with-build-sysroot=/home/poky/poky-robomap3/build/tmp/sysroots/uav --enable-poison-system-directories --with-mpfr=/home/poky/poky-robomap3/build/tmp/sysroots/x86_64-nativesdk-pokysdk-linux --with-mpc=/home/poky/poky-robomap3/build/tmp/sysroots/x86_64-nativesdk-pokysdk-linux --enable-nls --with-arch=armv7-a
Thread model: posix
gcc version 4.9.1 (GCC) 
COMPILER_PATH=/opt/robomap3/1.7.3/armv7a-neon/sysroots/x86_64-pokysdk-linux/usr/libexec/arm-poky-linux-gnueabi/gcc/arm-poky-linux-gnueabi/4.9.1/:/opt/robomap3/1.7.3/armv7a-neon/sysroots/x86_64-pokysdk-linux/usr/libexec/arm-poky-linux-gnueabi/gcc/arm-poky-linux-gnueabi/4.9.1/:/opt/robomap3/1.7.3/armv7a-neon/sysroots/x86_64-pokysdk-linux/usr/libexec/arm-poky-linux-gnueabi/gcc/arm-poky-linux-gnueabi/:/opt/robomap3/1.7.3/armv7a-neon/sysroots/x86_64-pokysdk-linux/usr/lib/arm-poky-linux-gnueabi/gcc/arm-poky-linux-gnueabi/4.9.1/:/opt/robomap3/1.7.3/armv7a-neon/sysroots/x86_64-pokysdk-linux/usr/lib/arm-poky-linux-gnueabi/gcc/arm-poky-linux-gnueabi/
LIBRARY_PATH=/opt/robomap3/1.7.3/armv7a-neon/sysroots/x86_64-pokysdk-linux/usr/lib/arm-poky-linux-gnueabi/gcc/arm-poky-linux-gnueabi/4.9.1/:/opt/robomap3/1.7.3/armv7a-neon/sysroots/armv7a-vfp-neon-poky-linux-gnueabi/lib/:/opt/robomap3/1.7.3/armv7a-neon/sysroots/armv7a-vfp-neon-poky-linux-gnueabi/usr/lib/arm-poky-linux-gnueabi/4.9.1/:/opt/robomap3/1.7.3/armv7a-neon/sysroots/armv7a-vfp-neon-poky-linux-gnueabi/usr/lib/
COLLECT_GCC_OPTIONS='--sysroot=/opt/robomap3/1.7.3/armv7a-neon/sysroots/armv7a-vfp-neon-poky-linux-gnueabi' '-march=armv7-a' '-mfloat-abi=softfp' '-mfpu=neon' '-O2' '-pipe' '-march=armv7-a' '-mthumb-interwork' '-mfloat-abi=softfp' '-mfpu=neon' '-v' '-o' 'cmTC_8a5ec' '-rdynamic' '-mtls-dialect=gnu'
 /opt/robomap3/1.7.3/armv7a-neon/sysroots/x86_64-pokysdk-linux/usr/libexec/arm-poky-linux-gnueabi/gcc/arm-poky-linux-gnueabi/4.9.1/collect2 -plugin /opt/robomap3/1.7.3/armv7a-neon/sysroots/x86_64-pokysdk-linux/usr/libexec/arm-poky-linux-gnueabi/gcc/arm-poky-linux-gnueabi/4.9.1/liblto_plugin.so -plugin-opt=/opt/robomap3/1.7.3/armv7a-neon/sysroots/x86_64-pokysdk-linux/usr/libexec/arm-poky-linux-gnueabi/gcc/arm-poky-linux-gnueabi/4.9.1/lto-wrapper -plugin-opt=-fresolution=/tmp/ccgmlmvZ.res -plugin-opt=-pass-through=-lgcc -plugin-opt=-pass-through=-lgcc_s -plugin-opt=-pass-through=-lc -plugin-opt=-pass-through=-lgcc -plugin-opt=-pass-through=-lgcc_s --sysroot=/opt/robomap3/1.7.3/armv7a-neon/sysroots/armv7a-vfp-neon-poky-linux-gnueabi --build-id --eh-frame-hdr --hash-style=gnu -export-dynamic -dynamic-linker /lib/ld-linux.so.3 -X -m armelf_linux_eabi -o cmTC_8a5ec /opt/robomap3/1.7.3/armv7a-neon/sysroots/armv7a-vfp-neon-poky-linux-gnueabi/usr/lib/crt1.o /opt/robomap3/1.7.3/armv7a-neon/sysroots/armv7a-vfp-neon-poky-linux-gnueabi/usr/lib/crti.o /opt/robomap3/1.7.3/armv7a-neon/sysroots/armv7a-vfp-neon-poky-linux-gnueabi/usr/lib/arm-poky-linux-gnueabi/4.9.1/crtbegin.o -L/opt/robomap3/1.7.3/armv7a-neon/sysroots/x86_64-pokysdk-linux/usr/lib/arm-poky-linux-gnueabi/gcc/arm-poky-linux-gnueabi/4.9.1 -L/opt/robomap3/1.7.3/armv7a-neon/sysroots/armv7a-vfp-neon-poky-linux-gnueabi/lib -L/opt/robomap3/1.7.3/armv7a-neon/sysroots/armv7a-vfp-neon-poky-linux-gnueabi/usr/lib/arm-poky-linux-gnueabi/4.9.1 -L/opt/robomap3/1.7.3/armv7a-neon/sysroots/armv7a-vfp-neon-poky-linux-gnueabi/usr/lib -O1 --hash-style=gnu --as-needed CMakeFiles/cmTC_8a5ec.dir/CMakeCCompilerABI.c.o -lgcc --as-needed -lgcc_s --no-as-needed -lc -lgcc --as-needed -lgcc_s --no-as-needed /opt/robomap3/1.7.3/armv7a-neon/sysroots/armv7a-vfp-neon-poky-linux-gnueabi/usr/lib/arm-poky-linux-gnueabi/4.9.1/crtend.o /opt/robomap3/1.7.3/armv7a-neon/sysroots/armv7a-vfp-neon-poky-linux-gnueabi/usr/lib/crtn.o
make[1]: quittant le répertoire « /home/rafik/flair/flair-src/demos/CircleFollower/uav/build_arm/CMakeFiles/CMakeTmp »


Parsed C implicit link information from above output:
  link line regex: [^( *|.*[/\])(CMAKE_LINKER-NOTFOUND|([^/\]+-)?ld|collect2)[^/\]*( |$)]
  ignore line: [Change Dir: /home/rafik/flair/flair-src/demos/CircleFollower/uav/build_arm/CMakeFiles/CMakeTmp]
  ignore line: []
  ignore line: [Run Build Command:"/usr/bin/make" "cmTC_8a5ec/fast"]
  ignore line: [/usr/bin/make -f CMakeFiles/cmTC_8a5ec.dir/build.make CMakeFiles/cmTC_8a5ec.dir/build]
  ignore line: [make[1]: entrant dans le répertoire « /home/rafik/flair/flair-src/demos/CircleFollower/uav/build_arm/CMakeFiles/CMakeTmp »]
  ignore line: [Building C object CMakeFiles/cmTC_8a5ec.dir/CMakeCCompilerABI.c.o]
  ignore line: [/opt/robomap3/1.7.3/armv7a-neon/sysroots/x86_64-pokysdk-linux/usr/bin/arm-poky-linux-gnueabi/arm-poky-linux-gnueabi-gcc  --sysroot=/opt/robomap3/1.7.3/armv7a-neon/sysroots/armv7a-vfp-neon-poky-linux-gnueabi   -march=armv7-a -mthumb-interwork -mfloat-abi=softfp -mfpu=neon --sysroot=/opt/robomap3/1.7.3/armv7a-neon/sysroots/armv7a-vfp-neon-poky-linux-gnueabi -O2 -pipe    -o CMakeFiles/cmTC_8a5ec.dir/CMakeCCompilerABI.c.o   -c /opt/robomap3/1.7.3/core2-64/sysroots/x86_64-pokysdk-linux/usr/share/cmake-3.7/Modules/CMakeCCompilerABI.c]
  ignore line: [Linking C executable cmTC_8a5ec]
  ignore line: [/opt/robomap3/1.7.3/core2-64/sysroots/x86_64-pokysdk-linux/usr/bin/cmake -E cmake_link_script CMakeFiles/cmTC_8a5ec.dir/link.txt --verbose=1]
  ignore line: [/opt/robomap3/1.7.3/armv7a-neon/sysroots/x86_64-pokysdk-linux/usr/bin/arm-poky-linux-gnueabi/arm-poky-linux-gnueabi-gcc  --sysroot=/opt/robomap3/1.7.3/armv7a-neon/sysroots/armv7a-vfp-neon-poky-linux-gnueabi  -march=armv7-a -mthumb-interwork -mfloat-abi=softfp -mfpu=neon --sysroot=/opt/robomap3/1.7.3/armv7a-neon/sysroots/armv7a-vfp-neon-poky-linux-gnueabi -O2 -pipe   -march=armv7-a -mthumb-interwork -mfloat-abi=softfp -mfpu=neon --sysroot=/opt/robomap3/1.7.3/armv7a-neon/sysroots/armv7a-vfp-neon-poky-linux-gnueabi  -Wl,-O1 -Wl,--hash-style=gnu -Wl,--as-needed  -v CMakeFiles/cmTC_8a5ec.dir/CMakeCCompilerABI.c.o  -o cmTC_8a5ec -rdynamic  ]
  ignore line: [Using built-in specs.]
  ignore line: [COLLECT_GCC=/opt/robomap3/1.7.3/armv7a-neon/sysroots/x86_64-pokysdk-linux/usr/bin/arm-poky-linux-gnueabi/arm-poky-linux-gnueabi-gcc]
  ignore line: [COLLECT_LTO_WRAPPER=/opt/robomap3/1.7.3/armv7a-neon/sysroots/x86_64-pokysdk-linux/usr/libexec/arm-poky-linux-gnueabi/gcc/arm-poky-linux-gnueabi/4.9.1/lto-wrapper]
  ignore line: [Target: arm-poky-linux-gnueabi]
  ignore line: [Configured with: /home/poky/poky-robomap3/build/tmp/work-shared/gcc-4.9.1-r0/gcc-4.9.1/configure --build=x86_64-linux --host=x86_64-pokysdk-linux --target=arm-poky-linux-gnueabi --prefix=/opt/robomap3/1.7.3/armv7a-neon/sysroots/x86_64-pokysdk-linux/usr --exec_prefix=/opt/robomap3/1.7.3/armv7a-neon/sysroots/x86_64-pokysdk-linux/usr --bindir=/opt/robomap3/1.7.3/armv7a-neon/sysroots/x86_64-pokysdk-linux/usr/bin/arm-poky-linux-gnueabi --sbindir=/opt/robomap3/1.7.3/armv7a-neon/sysroots/x86_64-pokysdk-linux/usr/bin/arm-poky-linux-gnueabi --libexecdir=/opt/robomap3/1.7.3/armv7a-neon/sysroots/x86_64-pokysdk-linux/usr/libexec/arm-poky-linux-gnueabi --datadir=/opt/robomap3/1.7.3/armv7a-neon/sysroots/x86_64-pokysdk-linux/usr/share --sysconfdir=/opt/robomap3/1.7.3/armv7a-neon/sysroots/x86_64-pokysdk-linux/etc --sharedstatedir=/opt/robomap3/1.7.3/armv7a-neon/sysroots/x86_64-pokysdk-linux/com --localstatedir=/opt/robomap3/1.7.3/armv7a-neon/sysroots/x86_64-pokysdk-linux/var --libdir=/opt/robomap3/1.7.3/armv7a-neon/sysroots/x86_64-pokysdk-linux/usr/lib/arm-poky-linux-gnueabi --includedir=/opt/robomap3/1.7.3/armv7a-neon/sysroots/x86_64-pokysdk-linux/usr/include --oldincludedir=/opt/robomap3/1.7.3/armv7a-neon/sysroots/x86_64-pokysdk-linux/usr/include --infodir=/opt/robomap3/1.7.3/armv7a-neon/sysroots/x86_64-pokysdk-linux/usr/share/info --mandir=/opt/robomap3/1.7.3/armv7a-neon/sysroots/x86_64-pokysdk-linux/usr/share/man --disable-silent-rules --disable-dependency-tracking --with-libtool-sysroot=/home/poky/poky-robomap3/build/tmp/sysroots/x86_64-nativesdk-pokysdk-linux --with-gnu-ld --enable-shared --enable-languages=c,c++ --enable-threads=posix --enable-multilib --enable-c99 --enable-long-long --enable-symvers=gnu --enable-libstdcxx-pch --program-prefix=arm-poky-linux-gnueabi- --without-local-prefix --enable-target-optspace --enable-lto --enable-libssp --disable-bootstrap --disable-libmudflap --with-system-zlib --with-linker-hash-style=gnu --enable-linker-build-id --with-ppl=no --with-cloog=no --enable-checking=release --enable-cheaders=c_global --with-gxx-include-dir=/opt/robomap3/1.7.3/armv7a-neon/sysroots/armv7a-vfp-neon-poky-linux-gnueabi/usr/include/c++/4.9.1 --with-build-time-tools=/home/poky/poky-robomap3/build/tmp/sysroots/x86_64-linux/usr/arm-poky-linux-gnueabi/bin --with-sysroot=/opt/robomap3/1.7.3/armv7a-neon/sysroots/armv7a-vfp-neon-poky-linux-gnueabi --with-build-sysroot=/home/poky/poky-robomap3/build/tmp/sysroots/uav --enable-poison-system-directories --with-mpfr=/home/poky/poky-robomap3/build/tmp/sysroots/x86_64-nativesdk-pokysdk-linux --with-mpc=/home/poky/poky-robomap3/build/tmp/sysroots/x86_64-nativesdk-pokysdk-linux --enable-nls --with-arch=armv7-a]
  ignore line: [Thread model: posix]
  ignore line: [gcc version 4.9.1 (GCC) ]
  ignore line: [COMPILER_PATH=/opt/robomap3/1.7.3/armv7a-neon/sysroots/x86_64-pokysdk-linux/usr/libexec/arm-poky-linux-gnueabi/gcc/arm-poky-linux-gnueabi/4.9.1/:/opt/robomap3/1.7.3/armv7a-neon/sysroots/x86_64-pokysdk-linux/usr/libexec/arm-poky-linux-gnueabi/gcc/arm-poky-linux-gnueabi/4.9.1/:/opt/robomap3/1.7.3/armv7a-neon/sysroots/x86_64-pokysdk-linux/usr/libexec/arm-poky-linux-gnueabi/gcc/arm-poky-linux-gnueabi/:/opt/robomap3/1.7.3/armv7a-neon/sysroots/x86_64-pokysdk-linux/usr/lib/arm-poky-linux-gnueabi/gcc/arm-poky-linux-gnueabi/4.9.1/:/opt/robomap3/1.7.3/armv7a-neon/sysroots/x86_64-pokysdk-linux/usr/lib/arm-poky-linux-gnueabi/gcc/arm-poky-linux-gnueabi/]
  ignore line: [LIBRARY_PATH=/opt/robomap3/1.7.3/armv7a-neon/sysroots/x86_64-pokysdk-linux/usr/lib/arm-poky-linux-gnueabi/gcc/arm-poky-linux-gnueabi/4.9.1/:/opt/robomap3/1.7.3/armv7a-neon/sysroots/armv7a-vfp-neon-poky-linux-gnueabi/lib/:/opt/robomap3/1.7.3/armv7a-neon/sysroots/armv7a-vfp-neon-poky-linux-gnueabi/usr/lib/arm-poky-linux-gnueabi/4.9.1/:/opt/robomap3/1.7.3/armv7a-neon/sysroots/armv7a-vfp-neon-poky-linux-gnueabi/usr/lib/]
  ignore line: [COLLECT_GCC_OPTIONS='--sysroot=/opt/robomap3/1.7.3/armv7a-neon/sysroots/armv7a-vfp-neon-poky-linux-gnueabi' '-march=armv7-a' '-mfloat-abi=softfp' '-mfpu=neon' '-O2' '-pipe' '-march=armv7-a' '-mthumb-interwork' '-mfloat-abi=softfp' '-mfpu=neon' '-v' '-o' 'cmTC_8a5ec' '-rdynamic' '-mtls-dialect=gnu']
  link line: [ /opt/robomap3/1.7.3/armv7a-neon/sysroots/x86_64-pokysdk-linux/usr/libexec/arm-poky-linux-gnueabi/gcc/arm-poky-linux-gnueabi/4.9.1/collect2 -plugin /opt/robomap3/1.7.3/armv7a-neon/sysroots/x86_64-pokysdk-linux/usr/libexec/arm-poky-linux-gnueabi/gcc/arm-poky-linux-gnueabi/4.9.1/liblto_plugin.so -plugin-opt=/opt/robomap3/1.7.3/armv7a-neon/sysroots/x86_64-pokysdk-linux/usr/libexec/arm-poky-linux-gnueabi/gcc/arm-poky-linux-gnueabi/4.9.1/lto-wrapper -plugin-opt=-fresolution=/tmp/ccgmlmvZ.res -plugin-opt=-pass-through=-lgcc -plugin-opt=-pass-through=-lgcc_s -plugin-opt=-pass-through=-lc -plugin-opt=-pass-through=-lgcc -plugin-opt=-pass-through=-lgcc_s --sysroot=/opt/robomap3/1.7.3/armv7a-neon/sysroots/armv7a-vfp-neon-poky-linux-gnueabi --build-id --eh-frame-hdr --hash-style=gnu -export-dynamic -dynamic-linker /lib/ld-linux.so.3 -X -m armelf_linux_eabi -o cmTC_8a5ec /opt/robomap3/1.7.3/armv7a-neon/sysroots/armv7a-vfp-neon-poky-linux-gnueabi/usr/lib/crt1.o /opt/robomap3/1.7.3/armv7a-neon/sysroots/armv7a-vfp-neon-poky-linux-gnueabi/usr/lib/crti.o /opt/robomap3/1.7.3/armv7a-neon/sysroots/armv7a-vfp-neon-poky-linux-gnueabi/usr/lib/arm-poky-linux-gnueabi/4.9.1/crtbegin.o -L/opt/robomap3/1.7.3/armv7a-neon/sysroots/x86_64-pokysdk-linux/usr/lib/arm-poky-linux-gnueabi/gcc/arm-poky-linux-gnueabi/4.9.1 -L/opt/robomap3/1.7.3/armv7a-neon/sysroots/armv7a-vfp-neon-poky-linux-gnueabi/lib -L/opt/robomap3/1.7.3/armv7a-neon/sysroots/armv7a-vfp-neon-poky-linux-gnueabi/usr/lib/arm-poky-linux-gnueabi/4.9.1 -L/opt/robomap3/1.7.3/armv7a-neon/sysroots/armv7a-vfp-neon-poky-linux-gnueabi/usr/lib -O1 --hash-style=gnu --as-needed CMakeFiles/cmTC_8a5ec.dir/CMakeCCompilerABI.c.o -lgcc --as-needed -lgcc_s --no-as-needed -lc -lgcc --as-needed -lgcc_s --no-as-needed /opt/robomap3/1.7.3/armv7a-neon/sysroots/armv7a-vfp-neon-poky-linux-gnueabi/usr/lib/arm-poky-linux-gnueabi/4.9.1/crtend.o /opt/robomap3/1.7.3/armv7a-neon/sysroots/armv7a-vfp-neon-poky-linux-gnueabi/usr/lib/crtn.o]
    arg [/opt/robomap3/1.7.3/armv7a-neon/sysroots/x86_64-pokysdk-linux/usr/libexec/arm-poky-linux-gnueabi/gcc/arm-poky-linux-gnueabi/4.9.1/collect2] ==> ignore
    arg [-plugin] ==> ignore
    arg [/opt/robomap3/1.7.3/armv7a-neon/sysroots/x86_64-pokysdk-linux/usr/libexec/arm-poky-linux-gnueabi/gcc/arm-poky-linux-gnueabi/4.9.1/liblto_plugin.so] ==> ignore
    arg [-plugin-opt=/opt/robomap3/1.7.3/armv7a-neon/sysroots/x86_64-pokysdk-linux/usr/libexec/arm-poky-linux-gnueabi/gcc/arm-poky-linux-gnueabi/4.9.1/lto-wrapper] ==> ignore
    arg [-plugin-opt=-fresolution=/tmp/ccgmlmvZ.res] ==> ignore
    arg [-plugin-opt=-pass-through=-lgcc] ==> ignore
    arg [-plugin-opt=-pass-through=-lgcc_s] ==> ignore
    arg [-plugin-opt=-pass-through=-lc] ==> ignore
    arg [-plugin-opt=-pass-through=-lgcc] ==> ignore
    arg [-plugin-opt=-pass-through=-lgcc_s] ==> ignore
    arg [--sysroot=/opt/robomap3/1.7.3/armv7a-neon/sysroots/armv7a-vfp-neon-poky-linux-gnueabi] ==> ignore
    arg [--build-id] ==> ignore
    arg [--eh-frame-hdr] ==> ignore
    arg [--hash-style=gnu] ==> ignore
    arg [-export-dynamic] ==> ignore
    arg [-dynamic-linker] ==> ignore
    arg [/lib/ld-linux.so.3] ==> ignore
    arg [-X] ==> ignore
    arg [-m] ==> ignore
    arg [armelf_linux_eabi] ==> ignore
    arg [-o] ==> ignore
    arg [cmTC_8a5ec] ==> ignore
    arg [/opt/robomap3/1.7.3/armv7a-neon/sysroots/armv7a-vfp-neon-poky-linux-gnueabi/usr/lib/crt1.o] ==> ignore
    arg [/opt/robomap3/1.7.3/armv7a-neon/sysroots/armv7a-vfp-neon-poky-linux-gnueabi/usr/lib/crti.o] ==> ignore
    arg [/opt/robomap3/1.7.3/armv7a-neon/sysroots/armv7a-vfp-neon-poky-linux-gnueabi/usr/lib/arm-poky-linux-gnueabi/4.9.1/crtbegin.o] ==> ignore
    arg [-L/opt/robomap3/1.7.3/armv7a-neon/sysroots/x86_64-pokysdk-linux/usr/lib/arm-poky-linux-gnueabi/gcc/arm-poky-linux-gnueabi/4.9.1] ==> dir [/opt/robomap3/1.7.3/armv7a-neon/sysroots/x86_64-pokysdk-linux/usr/lib/arm-poky-linux-gnueabi/gcc/arm-poky-linux-gnueabi/4.9.1]
    arg [-L/opt/robomap3/1.7.3/armv7a-neon/sysroots/armv7a-vfp-neon-poky-linux-gnueabi/lib] ==> dir [/opt/robomap3/1.7.3/armv7a-neon/sysroots/armv7a-vfp-neon-poky-linux-gnueabi/lib]
    arg [-L/opt/robomap3/1.7.3/armv7a-neon/sysroots/armv7a-vfp-neon-poky-linux-gnueabi/usr/lib/arm-poky-linux-gnueabi/4.9.1] ==> dir [/opt/robomap3/1.7.3/armv7a-neon/sysroots/armv7a-vfp-neon-poky-linux-gnueabi/usr/lib/arm-poky-linux-gnueabi/4.9.1]
    arg [-L/opt/robomap3/1.7.3/armv7a-neon/sysroots/armv7a-vfp-neon-poky-linux-gnueabi/usr/lib] ==> dir [/opt/robomap3/1.7.3/armv7a-neon/sysroots/armv7a-vfp-neon-poky-linux-gnueabi/usr/lib]
    arg [-O1] ==> ignore
    arg [--hash-style=gnu] ==> ignore
    arg [--as-needed] ==> ignore
    arg [CMakeFiles/cmTC_8a5ec.dir/CMakeCCompilerABI.c.o] ==> ignore
    arg [-lgcc] ==> lib [gcc]
    arg [--as-needed] ==> ignore
    arg [-lgcc_s] ==> lib [gcc_s]
    arg [--no-as-needed] ==> ignore
    arg [-lc] ==> lib [c]
    arg [-lgcc] ==> lib [gcc]
    arg [--as-needed] ==> ignore
    arg [-lgcc_s] ==> lib [gcc_s]
    arg [--no-as-needed] ==> ignore
    arg [/opt/robomap3/1.7.3/armv7a-neon/sysroots/armv7a-vfp-neon-poky-linux-gnueabi/usr/lib/arm-poky-linux-gnueabi/4.9.1/crtend.o] ==> ignore
    arg [/opt/robomap3/1.7.3/armv7a-neon/sysroots/armv7a-vfp-neon-poky-linux-gnueabi/usr/lib/crtn.o] ==> ignore
  remove lib [gcc]
  remove lib [gcc_s]
  remove lib [gcc]
  remove lib [gcc_s]
  collapse library dir [/opt/robomap3/1.7.3/armv7a-neon/sysroots/x86_64-pokysdk-linux/usr/lib/arm-poky-linux-gnueabi/gcc/arm-poky-linux-gnueabi/4.9.1] ==> [/opt/robomap3/1.7.3/armv7a-neon/sysroots/x86_64-pokysdk-linux/usr/lib/arm-poky-linux-gnueabi/gcc/arm-poky-linux-gnueabi/4.9.1]
  collapse library dir [/opt/robomap3/1.7.3/armv7a-neon/sysroots/armv7a-vfp-neon-poky-linux-gnueabi/lib] ==> [/opt/robomap3/1.7.3/armv7a-neon/sysroots/armv7a-vfp-neon-poky-linux-gnueabi/lib]
  collapse library dir [/opt/robomap3/1.7.3/armv7a-neon/sysroots/armv7a-vfp-neon-poky-linux-gnueabi/usr/lib/arm-poky-linux-gnueabi/4.9.1] ==> [/opt/robomap3/1.7.3/armv7a-neon/sysroots/armv7a-vfp-neon-poky-linux-gnueabi/usr/lib/arm-poky-linux-gnueabi/4.9.1]
  collapse library dir [/opt/robomap3/1.7.3/armv7a-neon/sysroots/armv7a-vfp-neon-poky-linux-gnueabi/usr/lib] ==> [/opt/robomap3/1.7.3/armv7a-neon/sysroots/armv7a-vfp-neon-poky-linux-gnueabi/usr/lib]
  implicit libs: [c]
  implicit dirs: [/opt/robomap3/1.7.3/armv7a-neon/sysroots/x86_64-pokysdk-linux/usr/lib/arm-poky-linux-gnueabi/gcc/arm-poky-linux-gnueabi/4.9.1;/opt/robomap3/1.7.3/armv7a-neon/sysroots/armv7a-vfp-neon-poky-linux-gnueabi/lib;/opt/robomap3/1.7.3/armv7a-neon/sysroots/armv7a-vfp-neon-poky-linux-gnueabi/usr/lib/arm-poky-linux-gnueabi/4.9.1;/opt/robomap3/1.7.3/armv7a-neon/sysroots/armv7a-vfp-neon-poky-linux-gnueabi/usr/lib]
  implicit fwks: []




Detecting C [-std=c11] compiler features compiled with the following output:
Change Dir: /home/rafik/flair/flair-src/demos/CircleFollower/uav/build_arm/CMakeFiles/CMakeTmp

Run Build Command:"/usr/bin/make" "cmTC_63f0c/fast"
/usr/bin/make -f CMakeFiles/cmTC_63f0c.dir/build.make CMakeFiles/cmTC_63f0c.dir/build
make[1]: entrant dans le répertoire « /home/rafik/flair/flair-src/demos/CircleFollower/uav/build_arm/CMakeFiles/CMakeTmp »
Building C object CMakeFiles/cmTC_63f0c.dir/feature_tests.c.o
/opt/robomap3/1.7.3/armv7a-neon/sysroots/x86_64-pokysdk-linux/usr/bin/arm-poky-linux-gnueabi/arm-poky-linux-gnueabi-gcc  --sysroot=/opt/robomap3/1.7.3/armv7a-neon/sysroots/armv7a-vfp-neon-poky-linux-gnueabi   -march=armv7-a -mthumb-interwork -mfloat-abi=softfp -mfpu=neon --sysroot=/opt/robomap3/1.7.3/armv7a-neon/sysroots/armv7a-vfp-neon-poky-linux-gnueabi -O2 -pipe    -std=c11 -o CMakeFiles/cmTC_63f0c.dir/feature_tests.c.o   -c /home/rafik/flair/flair-src/demos/CircleFollower/uav/build_arm/CMakeFiles/feature_tests.c
Linking C executable cmTC_63f0c
/opt/robomap3/1.7.3/core2-64/sysroots/x86_64-pokysdk-linux/usr/bin/cmake -E cmake_link_script CMakeFiles/cmTC_63f0c.dir/link.txt --verbose=1
/opt/robomap3/1.7.3/armv7a-neon/sysroots/x86_64-pokysdk-linux/usr/bin/arm-poky-linux-gnueabi/arm-poky-linux-gnueabi-gcc  --sysroot=/opt/robomap3/1.7.3/armv7a-neon/sysroots/armv7a-vfp-neon-poky-linux-gnueabi  -march=armv7-a -mthumb-interwork -mfloat-abi=softfp -mfpu=neon --sysroot=/opt/robomap3/1.7.3/armv7a-neon/sysroots/armv7a-vfp-neon-poky-linux-gnueabi -O2 -pipe   -march=armv7-a -mthumb-interwork -mfloat-abi=softfp -mfpu=neon --sysroot=/opt/robomap3/1.7.3/armv7a-neon/sysroots/armv7a-vfp-neon-poky-linux-gnueabi  -Wl,-O1 -Wl,--hash-style=gnu -Wl,--as-needed   CMakeFiles/cmTC_63f0c.dir/feature_tests.c.o  -o cmTC_63f0c -rdynamic 
make[1]: quittant le répertoire « /home/rafik/flair/flair-src/demos/CircleFollower/uav/build_arm/CMakeFiles/CMakeTmp »


    Feature record: C_FEATURE:1c_function_prototypes
    Feature record: C_FEATURE:1c_restrict
    Feature record: C_FEATURE:1c_static_assert
    Feature record: C_FEATURE:1c_variadic_macros


Detecting C [-std=c99] compiler features compiled with the following output:
Change Dir: /home/rafik/flair/flair-src/demos/CircleFollower/uav/build_arm/CMakeFiles/CMakeTmp

Run Build Command:"/usr/bin/make" "cmTC_5be6e/fast"
/usr/bin/make -f CMakeFiles/cmTC_5be6e.dir/build.make CMakeFiles/cmTC_5be6e.dir/build
make[1]: entrant dans le répertoire « /home/rafik/flair/flair-src/demos/CircleFollower/uav/build_arm/CMakeFiles/CMakeTmp »
Building C object CMakeFiles/cmTC_5be6e.dir/feature_tests.c.o
/opt/robomap3/1.7.3/armv7a-neon/sysroots/x86_64-pokysdk-linux/usr/bin/arm-poky-linux-gnueabi/arm-poky-linux-gnueabi-gcc  --sysroot=/opt/robomap3/1.7.3/armv7a-neon/sysroots/armv7a-vfp-neon-poky-linux-gnueabi   -march=armv7-a -mthumb-interwork -mfloat-abi=softfp -mfpu=neon --sysroot=/opt/robomap3/1.7.3/armv7a-neon/sysroots/armv7a-vfp-neon-poky-linux-gnueabi -O2 -pipe    -std=c99 -o CMakeFiles/cmTC_5be6e.dir/feature_tests.c.o   -c /home/rafik/flair/flair-src/demos/CircleFollower/uav/build_arm/CMakeFiles/feature_tests.c
Linking C executable cmTC_5be6e
/opt/robomap3/1.7.3/core2-64/sysroots/x86_64-pokysdk-linux/usr/bin/cmake -E cmake_link_script CMakeFiles/cmTC_5be6e.dir/link.txt --verbose=1
/opt/robomap3/1.7.3/armv7a-neon/sysroots/x86_64-pokysdk-linux/usr/bin/arm-poky-linux-gnueabi/arm-poky-linux-gnueabi-gcc  --sysroot=/opt/robomap3/1.7.3/armv7a-neon/sysroots/armv7a-vfp-neon-poky-linux-gnueabi  -march=armv7-a -mthumb-interwork -mfloat-abi=softfp -mfpu=neon --sysroot=/opt/robomap3/1.7.3/armv7a-neon/sysroots/armv7a-vfp-neon-poky-linux-gnueabi -O2 -pipe   -march=armv7-a -mthumb-interwork -mfloat-abi=softfp -mfpu=neon --sysroot=/opt/robomap3/1.7.3/armv7a-neon/sysroots/armv7a-vfp-neon-poky-linux-gnueabi  -Wl,-O1 -Wl,--hash-style=gnu -Wl,--as-needed   CMakeFiles/cmTC_5be6e.dir/feature_tests.c.o  -o cmTC_5be6e -rdynamic 
make[1]: quittant le répertoire « /home/rafik/flair/flair-src/demos/CircleFollower/uav/build_arm/CMakeFiles/CMakeTmp »


    Feature record: C_FEATURE:1c_function_prototypes
    Feature record: C_FEATURE:1c_restrict
    Feature record: C_FEATURE:0c_static_assert
    Feature record: C_FEATURE:1c_variadic_macros


Detecting C [-std=c90] compiler features compiled with the following output:
Change Dir: /home/rafik/flair/flair-src/demos/CircleFollower/uav/build_arm/CMakeFiles/CMakeTmp

Run Build Command:"/usr/bin/make" "cmTC_3a1f5/fast"
/usr/bin/make -f CMakeFiles/cmTC_3a1f5.dir/build.make CMakeFiles/cmTC_3a1f5.dir/build
make[1]: entrant dans le répertoire « /home/rafik/flair/flair-src/demos/CircleFollower/uav/build_arm/CMakeFiles/CMakeTmp »
Building C object CMakeFiles/cmTC_3a1f5.dir/feature_tests.c.o
/opt/robomap3/1.7.3/armv7a-neon/sysroots/x86_64-pokysdk-linux/usr/bin/arm-poky-linux-gnueabi/arm-poky-linux-gnueabi-gcc  --sysroot=/opt/robomap3/1.7.3/armv7a-neon/sysroots/armv7a-vfp-neon-poky-linux-gnueabi   -march=armv7-a -mthumb-interwork -mfloat-abi=softfp -mfpu=neon --sysroot=/opt/robomap3/1.7.3/armv7a-neon/sysroots/armv7a-vfp-neon-poky-linux-gnueabi -O2 -pipe    -std=c90 -o CMakeFiles/cmTC_3a1f5.dir/feature_tests.c.o   -c /home/rafik/flair/flair-src/demos/CircleFollower/uav/build_arm/CMakeFiles/feature_tests.c
Linking C executable cmTC_3a1f5
/opt/robomap3/1.7.3/core2-64/sysroots/x86_64-pokysdk-linux/usr/bin/cmake -E cmake_link_script CMakeFiles/cmTC_3a1f5.dir/link.txt --verbose=1
/opt/robomap3/1.7.3/armv7a-neon/sysroots/x86_64-pokysdk-linux/usr/bin/arm-poky-linux-gnueabi/arm-poky-linux-gnueabi-gcc  --sysroot=/opt/robomap3/1.7.3/armv7a-neon/sysroots/armv7a-vfp-neon-poky-linux-gnueabi  -march=armv7-a -mthumb-interwork -mfloat-abi=softfp -mfpu=neon --sysroot=/opt/robomap3/1.7.3/armv7a-neon/sysroots/armv7a-vfp-neon-poky-linux-gnueabi -O2 -pipe   -march=armv7-a -mthumb-interwork -mfloat-abi=softfp -mfpu=neon --sysroot=/opt/robomap3/1.7.3/armv7a-neon/sysroots/armv7a-vfp-neon-poky-linux-gnueabi  -Wl,-O1 -Wl,--hash-style=gnu -Wl,--as-needed   CMakeFiles/cmTC_3a1f5.dir/feature_tests.c.o  -o cmTC_3a1f5 -rdynamic 
make[1]: quittant le répertoire « /home/rafik/flair/flair-src/demos/CircleFollower/uav/build_arm/CMakeFiles/CMakeTmp »


    Feature record: C_FEATURE:1c_function_prototypes
    Feature record: C_FEATURE:0c_restrict
    Feature record: C_FEATURE:0c_static_assert
    Feature record: C_FEATURE:0c_variadic_macros
Determining if the CXX compiler works passed with the following output:
Change Dir: /home/rafik/flair/flair-src/demos/CircleFollower/uav/build_arm/CMakeFiles/CMakeTmp

Run Build Command:"/usr/bin/make" "cmTC_a21aa/fast"
/usr/bin/make -f CMakeFiles/cmTC_a21aa.dir/build.make CMakeFiles/cmTC_a21aa.dir/build
make[1]: entrant dans le répertoire « /home/rafik/flair/flair-src/demos/CircleFollower/uav/build_arm/CMakeFiles/CMakeTmp »
Building CXX object CMakeFiles/cmTC_a21aa.dir/testCXXCompiler.cxx.o
/opt/robomap3/1.7.3/armv7a-neon/sysroots/x86_64-pokysdk-linux/usr/bin/arm-poky-linux-gnueabi/arm-poky-linux-gnueabi-g++  --sysroot=/opt/robomap3/1.7.3/armv7a-neon/sysroots/armv7a-vfp-neon-poky-linux-gnueabi    -march=armv7-a -mthumb-interwork -mfloat-abi=softfp -mfpu=neon --sysroot=/opt/robomap3/1.7.3/armv7a-neon/sysroots/armv7a-vfp-neon-poky-linux-gnueabi -O2 -pipe    -o CMakeFiles/cmTC_a21aa.dir/testCXXCompiler.cxx.o -c /home/rafik/flair/flair-src/demos/CircleFollower/uav/build_arm/CMakeFiles/CMakeTmp/testCXXCompiler.cxx
Linking CXX executable cmTC_a21aa
/opt/robomap3/1.7.3/core2-64/sysroots/x86_64-pokysdk-linux/usr/bin/cmake -E cmake_link_script CMakeFiles/cmTC_a21aa.dir/link.txt --verbose=1
/opt/robomap3/1.7.3/armv7a-neon/sysroots/x86_64-pokysdk-linux/usr/bin/arm-poky-linux-gnueabi/arm-poky-linux-gnueabi-g++  --sysroot=/opt/robomap3/1.7.3/armv7a-neon/sysroots/armv7a-vfp-neon-poky-linux-gnueabi   -march=armv7-a -mthumb-interwork -mfloat-abi=softfp -mfpu=neon --sysroot=/opt/robomap3/1.7.3/armv7a-neon/sysroots/armv7a-vfp-neon-poky-linux-gnueabi -O2 -pipe   -march=armv7-a -mthumb-interwork -mfloat-abi=softfp -mfpu=neon --sysroot=/opt/robomap3/1.7.3/armv7a-neon/sysroots/armv7a-vfp-neon-poky-linux-gnueabi -Wl,-rpath=/opt/robomap3/1.7.3/armv7a-neon/sysroots/armv7a-vfp-neon-poky-linux-gnueabi/usr/lib:/opt/robomap3/1.7.3/armv7a-neon/sysroots/armv7a-vfp-neon-poky-linux-gnueabi/lib -O2 -pipe -Wl,-O1 -Wl,--hash-style=gnu -Wl,--as-needed   CMakeFiles/cmTC_a21aa.dir/testCXXCompiler.cxx.o  -o cmTC_a21aa -rdynamic 
make[1]: quittant le répertoire « /home/rafik/flair/flair-src/demos/CircleFollower/uav/build_arm/CMakeFiles/CMakeTmp »


Detecting CXX compiler ABI info compiled with the following output:
Change Dir: /home/rafik/flair/flair-src/demos/CircleFollower/uav/build_arm/CMakeFiles/CMakeTmp

Run Build Command:"/usr/bin/make" "cmTC_e08ec/fast"
/usr/bin/make -f CMakeFiles/cmTC_e08ec.dir/build.make CMakeFiles/cmTC_e08ec.dir/build
make[1]: entrant dans le répertoire « /home/rafik/flair/flair-src/demos/CircleFollower/uav/build_arm/CMakeFiles/CMakeTmp »
Building CXX object CMakeFiles/cmTC_e08ec.dir/CMakeCXXCompilerABI.cpp.o
/opt/robomap3/1.7.3/armv7a-neon/sysroots/x86_64-pokysdk-linux/usr/bin/arm-poky-linux-gnueabi/arm-poky-linux-gnueabi-g++  --sysroot=/opt/robomap3/1.7.3/armv7a-neon/sysroots/armv7a-vfp-neon-poky-linux-gnueabi    -march=armv7-a -mthumb-interwork -mfloat-abi=softfp -mfpu=neon --sysroot=/opt/robomap3/1.7.3/armv7a-neon/sysroots/armv7a-vfp-neon-poky-linux-gnueabi -O2 -pipe    -o CMakeFiles/cmTC_e08ec.dir/CMakeCXXCompilerABI.cpp.o -c /opt/robomap3/1.7.3/core2-64/sysroots/x86_64-pokysdk-linux/usr/share/cmake-3.7/Modules/CMakeCXXCompilerABI.cpp
Linking CXX executable cmTC_e08ec
/opt/robomap3/1.7.3/core2-64/sysroots/x86_64-pokysdk-linux/usr/bin/cmake -E cmake_link_script CMakeFiles/cmTC_e08ec.dir/link.txt --verbose=1
/opt/robomap3/1.7.3/armv7a-neon/sysroots/x86_64-pokysdk-linux/usr/bin/arm-poky-linux-gnueabi/arm-poky-linux-gnueabi-g++  --sysroot=/opt/robomap3/1.7.3/armv7a-neon/sysroots/armv7a-vfp-neon-poky-linux-gnueabi   -march=armv7-a -mthumb-interwork -mfloat-abi=softfp -mfpu=neon --sysroot=/opt/robomap3/1.7.3/armv7a-neon/sysroots/armv7a-vfp-neon-poky-linux-gnueabi -O2 -pipe   -march=armv7-a -mthumb-interwork -mfloat-abi=softfp -mfpu=neon --sysroot=/opt/robomap3/1.7.3/armv7a-neon/sysroots/armv7a-vfp-neon-poky-linux-gnueabi -Wl,-rpath=/opt/robomap3/1.7.3/armv7a-neon/sysroots/armv7a-vfp-neon-poky-linux-gnueabi/usr/lib:/opt/robomap3/1.7.3/armv7a-neon/sysroots/armv7a-vfp-neon-poky-linux-gnueabi/lib -O2 -pipe -Wl,-O1 -Wl,--hash-style=gnu -Wl,--as-needed  -v CMakeFiles/cmTC_e08ec.dir/CMakeCXXCompilerABI.cpp.o  -o cmTC_e08ec -rdynamic  
Using built-in specs.
COLLECT_GCC=/opt/robomap3/1.7.3/armv7a-neon/sysroots/x86_64-pokysdk-linux/usr/bin/arm-poky-linux-gnueabi/arm-poky-linux-gnueabi-g++
COLLECT_LTO_WRAPPER=/opt/robomap3/1.7.3/armv7a-neon/sysroots/x86_64-pokysdk-linux/usr/libexec/arm-poky-linux-gnueabi/gcc/arm-poky-linux-gnueabi/4.9.1/lto-wrapper
Target: arm-poky-linux-gnueabi
Configured with: /home/poky/poky-robomap3/build/tmp/work-shared/gcc-4.9.1-r0/gcc-4.9.1/configure --build=x86_64-linux --host=x86_64-pokysdk-linux --target=arm-poky-linux-gnueabi --prefix=/opt/robomap3/1.7.3/armv7a-neon/sysroots/x86_64-pokysdk-linux/usr --exec_prefix=/opt/robomap3/1.7.3/armv7a-neon/sysroots/x86_64-pokysdk-linux/usr --bindir=/opt/robomap3/1.7.3/armv7a-neon/sysroots/x86_64-pokysdk-linux/usr/bin/arm-poky-linux-gnueabi --sbindir=/opt/robomap3/1.7.3/armv7a-neon/sysroots/x86_64-pokysdk-linux/usr/bin/arm-poky-linux-gnueabi --libexecdir=/opt/robomap3/1.7.3/armv7a-neon/sysroots/x86_64-pokysdk-linux/usr/libexec/arm-poky-linux-gnueabi --datadir=/opt/robomap3/1.7.3/armv7a-neon/sysroots/x86_64-pokysdk-linux/usr/share --sysconfdir=/opt/robomap3/1.7.3/armv7a-neon/sysroots/x86_64-pokysdk-linux/etc --sharedstatedir=/opt/robomap3/1.7.3/armv7a-neon/sysroots/x86_64-pokysdk-linux/com --localstatedir=/opt/robomap3/1.7.3/armv7a-neon/sysroots/x86_64-pokysdk-linux/var --libdir=/opt/robomap3/1.7.3/armv7a-neon/sysroots/x86_64-pokysdk-linux/usr/lib/arm-poky-linux-gnueabi --includedir=/opt/robomap3/1.7.3/armv7a-neon/sysroots/x86_64-pokysdk-linux/usr/include --oldincludedir=/opt/robomap3/1.7.3/armv7a-neon/sysroots/x86_64-pokysdk-linux/usr/include --infodir=/opt/robomap3/1.7.3/armv7a-neon/sysroots/x86_64-pokysdk-linux/usr/share/info --mandir=/opt/robomap3/1.7.3/armv7a-neon/sysroots/x86_64-pokysdk-linux/usr/share/man --disable-silent-rules --disable-dependency-tracking --with-libtool-sysroot=/home/poky/poky-robomap3/build/tmp/sysroots/x86_64-nativesdk-pokysdk-linux --with-gnu-ld --enable-shared --enable-languages=c,c++ --enable-threads=posix --enable-multilib --enable-c99 --enable-long-long --enable-symvers=gnu --enable-libstdcxx-pch --program-prefix=arm-poky-linux-gnueabi- --without-local-prefix --enable-target-optspace --enable-lto --enable-libssp --disable-bootstrap --disable-libmudflap --with-system-zlib --with-linker-hash-style=gnu --enable-linker-build-id --with-ppl=no --with-cloog=no --enable-checking=release --enable-cheaders=c_global --with-gxx-include-dir=/opt/robomap3/1.7.3/armv7a-neon/sysroots/armv7a-vfp-neon-poky-linux-gnueabi/usr/include/c++/4.9.1 --with-build-time-tools=/home/poky/poky-robomap3/build/tmp/sysroots/x86_64-linux/usr/arm-poky-linux-gnueabi/bin --with-sysroot=/opt/robomap3/1.7.3/armv7a-neon/sysroots/armv7a-vfp-neon-poky-linux-gnueabi --with-build-sysroot=/home/poky/poky-robomap3/build/tmp/sysroots/uav --enable-poison-system-directories --with-mpfr=/home/poky/poky-robomap3/build/tmp/sysroots/x86_64-nativesdk-pokysdk-linux --with-mpc=/home/poky/poky-robomap3/build/tmp/sysroots/x86_64-nativesdk-pokysdk-linux --enable-nls --with-arch=armv7-a
Thread model: posix
gcc version 4.9.1 (GCC) 
COMPILER_PATH=/opt/robomap3/1.7.3/armv7a-neon/sysroots/x86_64-pokysdk-linux/usr/libexec/arm-poky-linux-gnueabi/gcc/arm-poky-linux-gnueabi/4.9.1/:/opt/robomap3/1.7.3/armv7a-neon/sysroots/x86_64-pokysdk-linux/usr/libexec/arm-poky-linux-gnueabi/gcc/arm-poky-linux-gnueabi/4.9.1/:/opt/robomap3/1.7.3/armv7a-neon/sysroots/x86_64-pokysdk-linux/usr/libexec/arm-poky-linux-gnueabi/gcc/arm-poky-linux-gnueabi/:/opt/robomap3/1.7.3/armv7a-neon/sysroots/x86_64-pokysdk-linux/usr/lib/arm-poky-linux-gnueabi/gcc/arm-poky-linux-gnueabi/4.9.1/:/opt/robomap3/1.7.3/armv7a-neon/sysroots/x86_64-pokysdk-linux/usr/lib/arm-poky-linux-gnueabi/gcc/arm-poky-linux-gnueabi/
LIBRARY_PATH=/opt/robomap3/1.7.3/armv7a-neon/sysroots/x86_64-pokysdk-linux/usr/lib/arm-poky-linux-gnueabi/gcc/arm-poky-linux-gnueabi/4.9.1/:/opt/robomap3/1.7.3/armv7a-neon/sysroots/armv7a-vfp-neon-poky-linux-gnueabi/lib/:/opt/robomap3/1.7.3/armv7a-neon/sysroots/armv7a-vfp-neon-poky-linux-gnueabi/usr/lib/arm-poky-linux-gnueabi/4.9.1/:/opt/robomap3/1.7.3/armv7a-neon/sysroots/armv7a-vfp-neon-poky-linux-gnueabi/usr/lib/
COLLECT_GCC_OPTIONS='--sysroot=/opt/robomap3/1.7.3/armv7a-neon/sysroots/armv7a-vfp-neon-poky-linux-gnueabi' '-march=armv7-a' '-mfloat-abi=softfp' '-mfpu=neon' '-O2' '-pipe' '-march=armv7-a' '-mthumb-interwork' '-mfloat-abi=softfp' '-mfpu=neon' '-O2' '-pipe' '-v' '-o' 'cmTC_e08ec' '-rdynamic' '-shared-libgcc' '-mtls-dialect=gnu'
 /opt/robomap3/1.7.3/armv7a-neon/sysroots/x86_64-pokysdk-linux/usr/libexec/arm-poky-linux-gnueabi/gcc/arm-poky-linux-gnueabi/4.9.1/collect2 -plugin /opt/robomap3/1.7.3/armv7a-neon/sysroots/x86_64-pokysdk-linux/usr/libexec/arm-poky-linux-gnueabi/gcc/arm-poky-linux-gnueabi/4.9.1/liblto_plugin.so -plugin-opt=/opt/robomap3/1.7.3/armv7a-neon/sysroots/x86_64-pokysdk-linux/usr/libexec/arm-poky-linux-gnueabi/gcc/arm-poky-linux-gnueabi/4.9.1/lto-wrapper -plugin-opt=-fresolution=/tmp/cc6ChhSk.res -plugin-opt=-pass-through=-lgcc_s -plugin-opt=-pass-through=-lgcc -plugin-opt=-pass-through=-lc -plugin-opt=-pass-through=-lgcc_s -plugin-opt=-pass-through=-lgcc --sysroot=/opt/robomap3/1.7.3/armv7a-neon/sysroots/armv7a-vfp-neon-poky-linux-gnueabi --build-id --eh-frame-hdr --hash-style=gnu -export-dynamic -dynamic-linker /lib/ld-linux.so.3 -X -m armelf_linux_eabi -o cmTC_e08ec /opt/robomap3/1.7.3/armv7a-neon/sysroots/armv7a-vfp-neon-poky-linux-gnueabi/usr/lib/crt1.o /opt/robomap3/1.7.3/armv7a-neon/sysroots/armv7a-vfp-neon-poky-linux-gnueabi/usr/lib/crti.o /opt/robomap3/1.7.3/armv7a-neon/sysroots/armv7a-vfp-neon-poky-linux-gnueabi/usr/lib/arm-poky-linux-gnueabi/4.9.1/crtbegin.o -L/opt/robomap3/1.7.3/armv7a-neon/sysroots/x86_64-pokysdk-linux/usr/lib/arm-poky-linux-gnueabi/gcc/arm-poky-linux-gnueabi/4.9.1 -L/opt/robomap3/1.7.3/armv7a-neon/sysroots/armv7a-vfp-neon-poky-linux-gnueabi/lib -L/opt/robomap3/1.7.3/armv7a-neon/sysroots/armv7a-vfp-neon-poky-linux-gnueabi/usr/lib/arm-poky-linux-gnueabi/4.9.1 -L/opt/robomap3/1.7.3/armv7a-neon/sysroots/armv7a-vfp-neon-poky-linux-gnueabi/usr/lib -rpath=/opt/robomap3/1.7.3/armv7a-neon/sysroots/armv7a-vfp-neon-poky-linux-gnueabi/usr/lib:/opt/robomap3/1.7.3/armv7a-neon/sysroots/armv7a-vfp-neon-poky-linux-gnueabi/lib -O1 --hash-style=gnu --as-needed CMakeFiles/cmTC_e08ec.dir/CMakeCXXCompilerABI.cpp.o -lstdc++ -lm -lgcc_s -lgcc -lc -lgcc_s -lgcc /opt/robomap3/1.7.3/armv7a-neon/sysroots/armv7a-vfp-neon-poky-linux-gnueabi/usr/lib/arm-poky-linux-gnueabi/4.9.1/crtend.o /opt/robomap3/1.7.3/armv7a-neon/sysroots/armv7a-vfp-neon-poky-linux-gnueabi/usr/lib/crtn.o
make[1]: quittant le répertoire « /home/rafik/flair/flair-src/demos/CircleFollower/uav/build_arm/CMakeFiles/CMakeTmp »


Parsed CXX implicit link information from above output:
  link line regex: [^( *|.*[/\])(CMAKE_LINKER-NOTFOUND|([^/\]+-)?ld|collect2)[^/\]*( |$)]
  ignore line: [Change Dir: /home/rafik/flair/flair-src/demos/CircleFollower/uav/build_arm/CMakeFiles/CMakeTmp]
  ignore line: []
  ignore line: [Run Build Command:"/usr/bin/make" "cmTC_e08ec/fast"]
  ignore line: [/usr/bin/make -f CMakeFiles/cmTC_e08ec.dir/build.make CMakeFiles/cmTC_e08ec.dir/build]
  ignore line: [make[1]: entrant dans le répertoire « /home/rafik/flair/flair-src/demos/CircleFollower/uav/build_arm/CMakeFiles/CMakeTmp »]
  ignore line: [Building CXX object CMakeFiles/cmTC_e08ec.dir/CMakeCXXCompilerABI.cpp.o]
  ignore line: [/opt/robomap3/1.7.3/armv7a-neon/sysroots/x86_64-pokysdk-linux/usr/bin/arm-poky-linux-gnueabi/arm-poky-linux-gnueabi-g++  --sysroot=/opt/robomap3/1.7.3/armv7a-neon/sysroots/armv7a-vfp-neon-poky-linux-gnueabi    -march=armv7-a -mthumb-interwork -mfloat-abi=softfp -mfpu=neon --sysroot=/opt/robomap3/1.7.3/armv7a-neon/sysroots/armv7a-vfp-neon-poky-linux-gnueabi -O2 -pipe    -o CMakeFiles/cmTC_e08ec.dir/CMakeCXXCompilerABI.cpp.o -c /opt/robomap3/1.7.3/core2-64/sysroots/x86_64-pokysdk-linux/usr/share/cmake-3.7/Modules/CMakeCXXCompilerABI.cpp]
  ignore line: [Linking CXX executable cmTC_e08ec]
  ignore line: [/opt/robomap3/1.7.3/core2-64/sysroots/x86_64-pokysdk-linux/usr/bin/cmake -E cmake_link_script CMakeFiles/cmTC_e08ec.dir/link.txt --verbose=1]
  ignore line: [/opt/robomap3/1.7.3/armv7a-neon/sysroots/x86_64-pokysdk-linux/usr/bin/arm-poky-linux-gnueabi/arm-poky-linux-gnueabi-g++  --sysroot=/opt/robomap3/1.7.3/armv7a-neon/sysroots/armv7a-vfp-neon-poky-linux-gnueabi   -march=armv7-a -mthumb-interwork -mfloat-abi=softfp -mfpu=neon --sysroot=/opt/robomap3/1.7.3/armv7a-neon/sysroots/armv7a-vfp-neon-poky-linux-gnueabi -O2 -pipe   -march=armv7-a -mthumb-interwork -mfloat-abi=softfp -mfpu=neon --sysroot=/opt/robomap3/1.7.3/armv7a-neon/sysroots/armv7a-vfp-neon-poky-linux-gnueabi -Wl,-rpath=/opt/robomap3/1.7.3/armv7a-neon/sysroots/armv7a-vfp-neon-poky-linux-gnueabi/usr/lib:/opt/robomap3/1.7.3/armv7a-neon/sysroots/armv7a-vfp-neon-poky-linux-gnueabi/lib -O2 -pipe -Wl,-O1 -Wl,--hash-style=gnu -Wl,--as-needed  -v CMakeFiles/cmTC_e08ec.dir/CMakeCXXCompilerABI.cpp.o  -o cmTC_e08ec -rdynamic  ]
  ignore line: [Using built-in specs.]
  ignore line: [COLLECT_GCC=/opt/robomap3/1.7.3/armv7a-neon/sysroots/x86_64-pokysdk-linux/usr/bin/arm-poky-linux-gnueabi/arm-poky-linux-gnueabi-g++]
  ignore line: [COLLECT_LTO_WRAPPER=/opt/robomap3/1.7.3/armv7a-neon/sysroots/x86_64-pokysdk-linux/usr/libexec/arm-poky-linux-gnueabi/gcc/arm-poky-linux-gnueabi/4.9.1/lto-wrapper]
  ignore line: [Target: arm-poky-linux-gnueabi]
  ignore line: [Configured with: /home/poky/poky-robomap3/build/tmp/work-shared/gcc-4.9.1-r0/gcc-4.9.1/configure --build=x86_64-linux --host=x86_64-pokysdk-linux --target=arm-poky-linux-gnueabi --prefix=/opt/robomap3/1.7.3/armv7a-neon/sysroots/x86_64-pokysdk-linux/usr --exec_prefix=/opt/robomap3/1.7.3/armv7a-neon/sysroots/x86_64-pokysdk-linux/usr --bindir=/opt/robomap3/1.7.3/armv7a-neon/sysroots/x86_64-pokysdk-linux/usr/bin/arm-poky-linux-gnueabi --sbindir=/opt/robomap3/1.7.3/armv7a-neon/sysroots/x86_64-pokysdk-linux/usr/bin/arm-poky-linux-gnueabi --libexecdir=/opt/robomap3/1.7.3/armv7a-neon/sysroots/x86_64-pokysdk-linux/usr/libexec/arm-poky-linux-gnueabi --datadir=/opt/robomap3/1.7.3/armv7a-neon/sysroots/x86_64-pokysdk-linux/usr/share --sysconfdir=/opt/robomap3/1.7.3/armv7a-neon/sysroots/x86_64-pokysdk-linux/etc --sharedstatedir=/opt/robomap3/1.7.3/armv7a-neon/sysroots/x86_64-pokysdk-linux/com --localstatedir=/opt/robomap3/1.7.3/armv7a-neon/sysroots/x86_64-pokysdk-linux/var --libdir=/opt/robomap3/1.7.3/armv7a-neon/sysroots/x86_64-pokysdk-linux/usr/lib/arm-poky-linux-gnueabi --includedir=/opt/robomap3/1.7.3/armv7a-neon/sysroots/x86_64-pokysdk-linux/usr/include --oldincludedir=/opt/robomap3/1.7.3/armv7a-neon/sysroots/x86_64-pokysdk-linux/usr/include --infodir=/opt/robomap3/1.7.3/armv7a-neon/sysroots/x86_64-pokysdk-linux/usr/share/info --mandir=/opt/robomap3/1.7.3/armv7a-neon/sysroots/x86_64-pokysdk-linux/usr/share/man --disable-silent-rules --disable-dependency-tracking --with-libtool-sysroot=/home/poky/poky-robomap3/build/tmp/sysroots/x86_64-nativesdk-pokysdk-linux --with-gnu-ld --enable-shared --enable-languages=c,c++ --enable-threads=posix --enable-multilib --enable-c99 --enable-long-long --enable-symvers=gnu --enable-libstdcxx-pch --program-prefix=arm-poky-linux-gnueabi- --without-local-prefix --enable-target-optspace --enable-lto --enable-libssp --disable-bootstrap --disable-libmudflap --with-system-zlib --with-linker-hash-style=gnu --enable-linker-build-id --with-ppl=no --with-cloog=no --enable-checking=release --enable-cheaders=c_global --with-gxx-include-dir=/opt/robomap3/1.7.3/armv7a-neon/sysroots/armv7a-vfp-neon-poky-linux-gnueabi/usr/include/c++/4.9.1 --with-build-time-tools=/home/poky/poky-robomap3/build/tmp/sysroots/x86_64-linux/usr/arm-poky-linux-gnueabi/bin --with-sysroot=/opt/robomap3/1.7.3/armv7a-neon/sysroots/armv7a-vfp-neon-poky-linux-gnueabi --with-build-sysroot=/home/poky/poky-robomap3/build/tmp/sysroots/uav --enable-poison-system-directories --with-mpfr=/home/poky/poky-robomap3/build/tmp/sysroots/x86_64-nativesdk-pokysdk-linux --with-mpc=/home/poky/poky-robomap3/build/tmp/sysroots/x86_64-nativesdk-pokysdk-linux --enable-nls --with-arch=armv7-a]
  ignore line: [Thread model: posix]
  ignore line: [gcc version 4.9.1 (GCC) ]
  ignore line: [COMPILER_PATH=/opt/robomap3/1.7.3/armv7a-neon/sysroots/x86_64-pokysdk-linux/usr/libexec/arm-poky-linux-gnueabi/gcc/arm-poky-linux-gnueabi/4.9.1/:/opt/robomap3/1.7.3/armv7a-neon/sysroots/x86_64-pokysdk-linux/usr/libexec/arm-poky-linux-gnueabi/gcc/arm-poky-linux-gnueabi/4.9.1/:/opt/robomap3/1.7.3/armv7a-neon/sysroots/x86_64-pokysdk-linux/usr/libexec/arm-poky-linux-gnueabi/gcc/arm-poky-linux-gnueabi/:/opt/robomap3/1.7.3/armv7a-neon/sysroots/x86_64-pokysdk-linux/usr/lib/arm-poky-linux-gnueabi/gcc/arm-poky-linux-gnueabi/4.9.1/:/opt/robomap3/1.7.3/armv7a-neon/sysroots/x86_64-pokysdk-linux/usr/lib/arm-poky-linux-gnueabi/gcc/arm-poky-linux-gnueabi/]
  ignore line: [LIBRARY_PATH=/opt/robomap3/1.7.3/armv7a-neon/sysroots/x86_64-pokysdk-linux/usr/lib/arm-poky-linux-gnueabi/gcc/arm-poky-linux-gnueabi/4.9.1/:/opt/robomap3/1.7.3/armv7a-neon/sysroots/armv7a-vfp-neon-poky-linux-gnueabi/lib/:/opt/robomap3/1.7.3/armv7a-neon/sysroots/armv7a-vfp-neon-poky-linux-gnueabi/usr/lib/arm-poky-linux-gnueabi/4.9.1/:/opt/robomap3/1.7.3/armv7a-neon/sysroots/armv7a-vfp-neon-poky-linux-gnueabi/usr/lib/]
  ignore line: [COLLECT_GCC_OPTIONS='--sysroot=/opt/robomap3/1.7.3/armv7a-neon/sysroots/armv7a-vfp-neon-poky-linux-gnueabi' '-march=armv7-a' '-mfloat-abi=softfp' '-mfpu=neon' '-O2' '-pipe' '-march=armv7-a' '-mthumb-interwork' '-mfloat-abi=softfp' '-mfpu=neon' '-O2' '-pipe' '-v' '-o' 'cmTC_e08ec' '-rdynamic' '-shared-libgcc' '-mtls-dialect=gnu']
  link line: [ /opt/robomap3/1.7.3/armv7a-neon/sysroots/x86_64-pokysdk-linux/usr/libexec/arm-poky-linux-gnueabi/gcc/arm-poky-linux-gnueabi/4.9.1/collect2 -plugin /opt/robomap3/1.7.3/armv7a-neon/sysroots/x86_64-pokysdk-linux/usr/libexec/arm-poky-linux-gnueabi/gcc/arm-poky-linux-gnueabi/4.9.1/liblto_plugin.so -plugin-opt=/opt/robomap3/1.7.3/armv7a-neon/sysroots/x86_64-pokysdk-linux/usr/libexec/arm-poky-linux-gnueabi/gcc/arm-poky-linux-gnueabi/4.9.1/lto-wrapper -plugin-opt=-fresolution=/tmp/cc6ChhSk.res -plugin-opt=-pass-through=-lgcc_s -plugin-opt=-pass-through=-lgcc -plugin-opt=-pass-through=-lc -plugin-opt=-pass-through=-lgcc_s -plugin-opt=-pass-through=-lgcc --sysroot=/opt/robomap3/1.7.3/armv7a-neon/sysroots/armv7a-vfp-neon-poky-linux-gnueabi --build-id --eh-frame-hdr --hash-style=gnu -export-dynamic -dynamic-linker /lib/ld-linux.so.3 -X -m armelf_linux_eabi -o cmTC_e08ec /opt/robomap3/1.7.3/armv7a-neon/sysroots/armv7a-vfp-neon-poky-linux-gnueabi/usr/lib/crt1.o /opt/robomap3/1.7.3/armv7a-neon/sysroots/armv7a-vfp-neon-poky-linux-gnueabi/usr/lib/crti.o /opt/robomap3/1.7.3/armv7a-neon/sysroots/armv7a-vfp-neon-poky-linux-gnueabi/usr/lib/arm-poky-linux-gnueabi/4.9.1/crtbegin.o -L/opt/robomap3/1.7.3/armv7a-neon/sysroots/x86_64-pokysdk-linux/usr/lib/arm-poky-linux-gnueabi/gcc/arm-poky-linux-gnueabi/4.9.1 -L/opt/robomap3/1.7.3/armv7a-neon/sysroots/armv7a-vfp-neon-poky-linux-gnueabi/lib -L/opt/robomap3/1.7.3/armv7a-neon/sysroots/armv7a-vfp-neon-poky-linux-gnueabi/usr/lib/arm-poky-linux-gnueabi/4.9.1 -L/opt/robomap3/1.7.3/armv7a-neon/sysroots/armv7a-vfp-neon-poky-linux-gnueabi/usr/lib -rpath=/opt/robomap3/1.7.3/armv7a-neon/sysroots/armv7a-vfp-neon-poky-linux-gnueabi/usr/lib:/opt/robomap3/1.7.3/armv7a-neon/sysroots/armv7a-vfp-neon-poky-linux-gnueabi/lib -O1 --hash-style=gnu --as-needed CMakeFiles/cmTC_e08ec.dir/CMakeCXXCompilerABI.cpp.o -lstdc++ -lm -lgcc_s -lgcc -lc -lgcc_s -lgcc /opt/robomap3/1.7.3/armv7a-neon/sysroots/armv7a-vfp-neon-poky-linux-gnueabi/usr/lib/arm-poky-linux-gnueabi/4.9.1/crtend.o /opt/robomap3/1.7.3/armv7a-neon/sysroots/armv7a-vfp-neon-poky-linux-gnueabi/usr/lib/crtn.o]
    arg [/opt/robomap3/1.7.3/armv7a-neon/sysroots/x86_64-pokysdk-linux/usr/libexec/arm-poky-linux-gnueabi/gcc/arm-poky-linux-gnueabi/4.9.1/collect2] ==> ignore
    arg [-plugin] ==> ignore
    arg [/opt/robomap3/1.7.3/armv7a-neon/sysroots/x86_64-pokysdk-linux/usr/libexec/arm-poky-linux-gnueabi/gcc/arm-poky-linux-gnueabi/4.9.1/liblto_plugin.so] ==> ignore
    arg [-plugin-opt=/opt/robomap3/1.7.3/armv7a-neon/sysroots/x86_64-pokysdk-linux/usr/libexec/arm-poky-linux-gnueabi/gcc/arm-poky-linux-gnueabi/4.9.1/lto-wrapper] ==> ignore
    arg [-plugin-opt=-fresolution=/tmp/cc6ChhSk.res] ==> ignore
    arg [-plugin-opt=-pass-through=-lgcc_s] ==> ignore
    arg [-plugin-opt=-pass-through=-lgcc] ==> ignore
    arg [-plugin-opt=-pass-through=-lc] ==> ignore
    arg [-plugin-opt=-pass-through=-lgcc_s] ==> ignore
    arg [-plugin-opt=-pass-through=-lgcc] ==> ignore
    arg [--sysroot=/opt/robomap3/1.7.3/armv7a-neon/sysroots/armv7a-vfp-neon-poky-linux-gnueabi] ==> ignore
    arg [--build-id] ==> ignore
    arg [--eh-frame-hdr] ==> ignore
    arg [--hash-style=gnu] ==> ignore
    arg [-export-dynamic] ==> ignore
    arg [-dynamic-linker] ==> ignore
    arg [/lib/ld-linux.so.3] ==> ignore
    arg [-X] ==> ignore
    arg [-m] ==> ignore
    arg [armelf_linux_eabi] ==> ignore
    arg [-o] ==> ignore
    arg [cmTC_e08ec] ==> ignore
    arg [/opt/robomap3/1.7.3/armv7a-neon/sysroots/armv7a-vfp-neon-poky-linux-gnueabi/usr/lib/crt1.o] ==> ignore
    arg [/opt/robomap3/1.7.3/armv7a-neon/sysroots/armv7a-vfp-neon-poky-linux-gnueabi/usr/lib/crti.o] ==> ignore
    arg [/opt/robomap3/1.7.3/armv7a-neon/sysroots/armv7a-vfp-neon-poky-linux-gnueabi/usr/lib/arm-poky-linux-gnueabi/4.9.1/crtbegin.o] ==> ignore
    arg [-L/opt/robomap3/1.7.3/armv7a-neon/sysroots/x86_64-pokysdk-linux/usr/lib/arm-poky-linux-gnueabi/gcc/arm-poky-linux-gnueabi/4.9.1] ==> dir [/opt/robomap3/1.7.3/armv7a-neon/sysroots/x86_64-pokysdk-linux/usr/lib/arm-poky-linux-gnueabi/gcc/arm-poky-linux-gnueabi/4.9.1]
    arg [-L/opt/robomap3/1.7.3/armv7a-neon/sysroots/armv7a-vfp-neon-poky-linux-gnueabi/lib] ==> dir [/opt/robomap3/1.7.3/armv7a-neon/sysroots/armv7a-vfp-neon-poky-linux-gnueabi/lib]
    arg [-L/opt/robomap3/1.7.3/armv7a-neon/sysroots/armv7a-vfp-neon-poky-linux-gnueabi/usr/lib/arm-poky-linux-gnueabi/4.9.1] ==> dir [/opt/robomap3/1.7.3/armv7a-neon/sysroots/armv7a-vfp-neon-poky-linux-gnueabi/usr/lib/arm-poky-linux-gnueabi/4.9.1]
    arg [-L/opt/robomap3/1.7.3/armv7a-neon/sysroots/armv7a-vfp-neon-poky-linux-gnueabi/usr/lib] ==> dir [/opt/robomap3/1.7.3/armv7a-neon/sysroots/armv7a-vfp-neon-poky-linux-gnueabi/usr/lib]
    arg [-rpath=/opt/robomap3/1.7.3/armv7a-neon/sysroots/armv7a-vfp-neon-poky-linux-gnueabi/usr/lib:/opt/robomap3/1.7.3/armv7a-neon/sysroots/armv7a-vfp-neon-poky-linux-gnueabi/lib] ==> ignore
    arg [-O1] ==> ignore
    arg [--hash-style=gnu] ==> ignore
    arg [--as-needed] ==> ignore
    arg [CMakeFiles/cmTC_e08ec.dir/CMakeCXXCompilerABI.cpp.o] ==> ignore
    arg [-lstdc++] ==> lib [stdc++]
    arg [-lm] ==> lib [m]
    arg [-lgcc_s] ==> lib [gcc_s]
    arg [-lgcc] ==> lib [gcc]
    arg [-lc] ==> lib [c]
    arg [-lgcc_s] ==> lib [gcc_s]
    arg [-lgcc] ==> lib [gcc]
    arg [/opt/robomap3/1.7.3/armv7a-neon/sysroots/armv7a-vfp-neon-poky-linux-gnueabi/usr/lib/arm-poky-linux-gnueabi/4.9.1/crtend.o] ==> ignore
    arg [/opt/robomap3/1.7.3/armv7a-neon/sysroots/armv7a-vfp-neon-poky-linux-gnueabi/usr/lib/crtn.o] ==> ignore
  remove lib [gcc_s]
  remove lib [gcc]
  remove lib [gcc_s]
  remove lib [gcc]
  collapse library dir [/opt/robomap3/1.7.3/armv7a-neon/sysroots/x86_64-pokysdk-linux/usr/lib/arm-poky-linux-gnueabi/gcc/arm-poky-linux-gnueabi/4.9.1] ==> [/opt/robomap3/1.7.3/armv7a-neon/sysroots/x86_64-pokysdk-linux/usr/lib/arm-poky-linux-gnueabi/gcc/arm-poky-linux-gnueabi/4.9.1]
  collapse library dir [/opt/robomap3/1.7.3/armv7a-neon/sysroots/armv7a-vfp-neon-poky-linux-gnueabi/lib] ==> [/opt/robomap3/1.7.3/armv7a-neon/sysroots/armv7a-vfp-neon-poky-linux-gnueabi/lib]
  collapse library dir [/opt/robomap3/1.7.3/armv7a-neon/sysroots/armv7a-vfp-neon-poky-linux-gnueabi/usr/lib/arm-poky-linux-gnueabi/4.9.1] ==> [/opt/robomap3/1.7.3/armv7a-neon/sysroots/armv7a-vfp-neon-poky-linux-gnueabi/usr/lib/arm-poky-linux-gnueabi/4.9.1]
  collapse library dir [/opt/robomap3/1.7.3/armv7a-neon/sysroots/armv7a-vfp-neon-poky-linux-gnueabi/usr/lib] ==> [/opt/robomap3/1.7.3/armv7a-neon/sysroots/armv7a-vfp-neon-poky-linux-gnueabi/usr/lib]
  implicit libs: [stdc++;m;c]
  implicit dirs: [/opt/robomap3/1.7.3/armv7a-neon/sysroots/x86_64-pokysdk-linux/usr/lib/arm-poky-linux-gnueabi/gcc/arm-poky-linux-gnueabi/4.9.1;/opt/robomap3/1.7.3/armv7a-neon/sysroots/armv7a-vfp-neon-poky-linux-gnueabi/lib;/opt/robomap3/1.7.3/armv7a-neon/sysroots/armv7a-vfp-neon-poky-linux-gnueabi/usr/lib/arm-poky-linux-gnueabi/4.9.1;/opt/robomap3/1.7.3/armv7a-neon/sysroots/armv7a-vfp-neon-poky-linux-gnueabi/usr/lib]
  implicit fwks: []




Detecting CXX [-std=c++14] compiler features compiled with the following output:
Change Dir: /home/rafik/flair/flair-src/demos/CircleFollower/uav/build_arm/CMakeFiles/CMakeTmp

Run Build Command:"/usr/bin/make" "cmTC_a2eb1/fast"
/usr/bin/make -f CMakeFiles/cmTC_a2eb1.dir/build.make CMakeFiles/cmTC_a2eb1.dir/build
make[1]: entrant dans le répertoire « /home/rafik/flair/flair-src/demos/CircleFollower/uav/build_arm/CMakeFiles/CMakeTmp »
Building CXX object CMakeFiles/cmTC_a2eb1.dir/feature_tests.cxx.o
/opt/robomap3/1.7.3/armv7a-neon/sysroots/x86_64-pokysdk-linux/usr/bin/arm-poky-linux-gnueabi/arm-poky-linux-gnueabi-g++  --sysroot=/opt/robomap3/1.7.3/armv7a-neon/sysroots/armv7a-vfp-neon-poky-linux-gnueabi    -march=armv7-a -mthumb-interwork -mfloat-abi=softfp -mfpu=neon --sysroot=/opt/robomap3/1.7.3/armv7a-neon/sysroots/armv7a-vfp-neon-poky-linux-gnueabi -O2 -pipe    -std=c++14 -o CMakeFiles/cmTC_a2eb1.dir/feature_tests.cxx.o -c /home/rafik/flair/flair-src/demos/CircleFollower/uav/build_arm/CMakeFiles/feature_tests.cxx
Linking CXX executable cmTC_a2eb1
/opt/robomap3/1.7.3/core2-64/sysroots/x86_64-pokysdk-linux/usr/bin/cmake -E cmake_link_script CMakeFiles/cmTC_a2eb1.dir/link.txt --verbose=1
/opt/robomap3/1.7.3/armv7a-neon/sysroots/x86_64-pokysdk-linux/usr/bin/arm-poky-linux-gnueabi/arm-poky-linux-gnueabi-g++  --sysroot=/opt/robomap3/1.7.3/armv7a-neon/sysroots/armv7a-vfp-neon-poky-linux-gnueabi   -march=armv7-a -mthumb-interwork -mfloat-abi=softfp -mfpu=neon --sysroot=/opt/robomap3/1.7.3/armv7a-neon/sysroots/armv7a-vfp-neon-poky-linux-gnueabi -O2 -pipe   -march=armv7-a -mthumb-interwork -mfloat-abi=softfp -mfpu=neon --sysroot=/opt/robomap3/1.7.3/armv7a-neon/sysroots/armv7a-vfp-neon-poky-linux-gnueabi -Wl,-rpath=/opt/robomap3/1.7.3/armv7a-neon/sysroots/armv7a-vfp-neon-poky-linux-gnueabi/usr/lib:/opt/robomap3/1.7.3/armv7a-neon/sysroots/armv7a-vfp-neon-poky-linux-gnueabi/lib -O2 -pipe -Wl,-O1 -Wl,--hash-style=gnu -Wl,--as-needed   CMakeFiles/cmTC_a2eb1.dir/feature_tests.cxx.o  -o cmTC_a2eb1 -rdynamic 
make[1]: quittant le répertoire « /home/rafik/flair/flair-src/demos/CircleFollower/uav/build_arm/CMakeFiles/CMakeTmp »


    Feature record: CXX_FEATURE:0cxx_aggregate_default_initializers
    Feature record: CXX_FEATURE:1cxx_alias_templates
    Feature record: CXX_FEATURE:1cxx_alignas
    Feature record: CXX_FEATURE:1cxx_alignof
    Feature record: CXX_FEATURE:1cxx_attributes
    Feature record: CXX_FEATURE:1cxx_attribute_deprecated
    Feature record: CXX_FEATURE:1cxx_auto_type
    Feature record: CXX_FEATURE:1cxx_binary_literals
    Feature record: CXX_FEATURE:1cxx_constexpr
    Feature record: CXX_FEATURE:1cxx_contextual_conversions
    Feature record: CXX_FEATURE:1cxx_decltype
    Feature record: CXX_FEATURE:1cxx_decltype_auto
    Feature record: CXX_FEATURE:1cxx_decltype_incomplete_return_types
    Feature record: CXX_FEATURE:1cxx_default_function_template_args
    Feature record: CXX_FEATURE:1cxx_defaulted_functions
    Feature record: CXX_FEATURE:1cxx_defaulted_move_initializers
    Feature record: CXX_FEATURE:1cxx_delegating_constructors
    Feature record: CXX_FEATURE:1cxx_deleted_functions
    Feature record: CXX_FEATURE:1cxx_digit_separators
    Feature record: CXX_FEATURE:1cxx_enum_forward_declarations
    Feature record: CXX_FEATURE:1cxx_explicit_conversions
    Feature record: CXX_FEATURE:1cxx_extended_friend_declarations
    Feature record: CXX_FEATURE:1cxx_extern_templates
    Feature record: CXX_FEATURE:1cxx_final
    Feature record: CXX_FEATURE:1cxx_func_identifier
    Feature record: CXX_FEATURE:1cxx_generalized_initializers
    Feature record: CXX_FEATURE:1cxx_generic_lambdas
    Feature record: CXX_FEATURE:1cxx_inheriting_constructors
    Feature record: CXX_FEATURE:1cxx_inline_namespaces
    Feature record: CXX_FEATURE:1cxx_lambdas
    Feature record: CXX_FEATURE:1cxx_lambda_init_captures
    Feature record: CXX_FEATURE:1cxx_local_type_template_args
    Feature record: CXX_FEATURE:1cxx_long_long_type
    Feature record: CXX_FEATURE:1cxx_noexcept
    Feature record: CXX_FEATURE:1cxx_nonstatic_member_init
    Feature record: CXX_FEATURE:1cxx_nullptr
    Feature record: CXX_FEATURE:1cxx_override
    Feature record: CXX_FEATURE:1cxx_range_for
    Feature record: CXX_FEATURE:1cxx_raw_string_literals
    Feature record: CXX_FEATURE:1cxx_reference_qualified_functions
    Feature record: CXX_FEATURE:0cxx_relaxed_constexpr
    Feature record: CXX_FEATURE:1cxx_return_type_deduction
    Feature record: CXX_FEATURE:1cxx_right_angle_brackets
    Feature record: CXX_FEATURE:1cxx_rvalue_references
    Feature record: CXX_FEATURE:1cxx_sizeof_member
    Feature record: CXX_FEATURE:1cxx_static_assert
    Feature record: CXX_FEATURE:1cxx_strong_enums
    Feature record: CXX_FEATURE:1cxx_template_template_parameters
    Feature record: CXX_FEATURE:1cxx_thread_local
    Feature record: CXX_FEATURE:1cxx_trailing_return_types
    Feature record: CXX_FEATURE:1cxx_unicode_literals
    Feature record: CXX_FEATURE:1cxx_uniform_initialization
    Feature record: CXX_FEATURE:1cxx_unrestricted_unions
    Feature record: CXX_FEATURE:1cxx_user_literals
    Feature record: CXX_FEATURE:0cxx_variable_templates
    Feature record: CXX_FEATURE:1cxx_variadic_macros
    Feature record: CXX_FEATURE:1cxx_variadic_templates


Detecting CXX [-std=c++11] compiler features compiled with the following output:
Change Dir: /home/rafik/flair/flair-src/demos/CircleFollower/uav/build_arm/CMakeFiles/CMakeTmp

Run Build Command:"/usr/bin/make" "cmTC_4f429/fast"
/usr/bin/make -f CMakeFiles/cmTC_4f429.dir/build.make CMakeFiles/cmTC_4f429.dir/build
make[1]: entrant dans le répertoire « /home/rafik/flair/flair-src/demos/CircleFollower/uav/build_arm/CMakeFiles/CMakeTmp »
Building CXX object CMakeFiles/cmTC_4f429.dir/feature_tests.cxx.o
/opt/robomap3/1.7.3/armv7a-neon/sysroots/x86_64-pokysdk-linux/usr/bin/arm-poky-linux-gnueabi/arm-poky-linux-gnueabi-g++  --sysroot=/opt/robomap3/1.7.3/armv7a-neon/sysroots/armv7a-vfp-neon-poky-linux-gnueabi    -march=armv7-a -mthumb-interwork -mfloat-abi=softfp -mfpu=neon --sysroot=/opt/robomap3/1.7.3/armv7a-neon/sysroots/armv7a-vfp-neon-poky-linux-gnueabi -O2 -pipe    -std=c++11 -o CMakeFiles/cmTC_4f429.dir/feature_tests.cxx.o -c /home/rafik/flair/flair-src/demos/CircleFollower/uav/build_arm/CMakeFiles/feature_tests.cxx
Linking CXX executable cmTC_4f429
/opt/robomap3/1.7.3/core2-64/sysroots/x86_64-pokysdk-linux/usr/bin/cmake -E cmake_link_script CMakeFiles/cmTC_4f429.dir/link.txt --verbose=1
/opt/robomap3/1.7.3/armv7a-neon/sysroots/x86_64-pokysdk-linux/usr/bin/arm-poky-linux-gnueabi/arm-poky-linux-gnueabi-g++  --sysroot=/opt/robomap3/1.7.3/armv7a-neon/sysroots/armv7a-vfp-neon-poky-linux-gnueabi   -march=armv7-a -mthumb-interwork -mfloat-abi=softfp -mfpu=neon --sysroot=/opt/robomap3/1.7.3/armv7a-neon/sysroots/armv7a-vfp-neon-poky-linux-gnueabi -O2 -pipe   -march=armv7-a -mthumb-interwork -mfloat-abi=softfp -mfpu=neon --sysroot=/opt/robomap3/1.7.3/armv7a-neon/sysroots/armv7a-vfp-neon-poky-linux-gnueabi -Wl,-rpath=/opt/robomap3/1.7.3/armv7a-neon/sysroots/armv7a-vfp-neon-poky-linux-gnueabi/usr/lib:/opt/robomap3/1.7.3/armv7a-neon/sysroots/armv7a-vfp-neon-poky-linux-gnueabi/lib -O2 -pipe -Wl,-O1 -Wl,--hash-style=gnu -Wl,--as-needed   CMakeFiles/cmTC_4f429.dir/feature_tests.cxx.o  -o cmTC_4f429 -rdynamic 
make[1]: quittant le répertoire « /home/rafik/flair/flair-src/demos/CircleFollower/uav/build_arm/CMakeFiles/CMakeTmp »


    Feature record: CXX_FEATURE:0cxx_aggregate_default_initializers
    Feature record: CXX_FEATURE:1cxx_alias_templates
    Feature record: CXX_FEATURE:1cxx_alignas
    Feature record: CXX_FEATURE:1cxx_alignof
    Feature record: CXX_FEATURE:1cxx_attributes
    Feature record: CXX_FEATURE:0cxx_attribute_deprecated
    Feature record: CXX_FEATURE:1cxx_auto_type
    Feature record: CXX_FEATURE:0cxx_binary_literals
    Feature record: CXX_FEATURE:1cxx_constexpr
    Feature record: CXX_FEATURE:0cxx_contextual_conversions
    Feature record: CXX_FEATURE:1cxx_decltype
    Feature record: CXX_FEATURE:0cxx_decltype_auto
    Feature record: CXX_FEATURE:1cxx_decltype_incomplete_return_types
    Feature record: CXX_FEATURE:1cxx_default_function_template_args
    Feature record: CXX_FEATURE:1cxx_defaulted_functions
    Feature record: CXX_FEATURE:1cxx_defaulted_move_initializers
    Feature record: CXX_FEATURE:1cxx_delegating_constructors
    Feature record: CXX_FEATURE:1cxx_deleted_functions
    Feature record: CXX_FEATURE:0cxx_digit_separators
    Feature record: CXX_FEATURE:1cxx_enum_forward_declarations
    Feature record: CXX_FEATURE:1cxx_explicit_conversions
    Feature record: CXX_FEATURE:1cxx_extended_friend_declarations
    Feature record: CXX_FEATURE:1cxx_extern_templates
    Feature record: CXX_FEATURE:1cxx_final
    Feature record: CXX_FEATURE:1cxx_func_identifier
    Feature record: CXX_FEATURE:1cxx_generalized_initializers
    Feature record: CXX_FEATURE:0cxx_generic_lambdas
    Feature record: CXX_FEATURE:1cxx_inheriting_constructors
    Feature record: CXX_FEATURE:1cxx_inline_namespaces
    Feature record: CXX_FEATURE:1cxx_lambdas
    Feature record: CXX_FEATURE:0cxx_lambda_init_captures
    Feature record: CXX_FEATURE:1cxx_local_type_template_args
    Feature record: CXX_FEATURE:1cxx_long_long_type
    Feature record: CXX_FEATURE:1cxx_noexcept
    Feature record: CXX_FEATURE:1cxx_nonstatic_member_init
    Feature record: CXX_FEATURE:1cxx_nullptr
    Feature record: CXX_FEATURE:1cxx_override
    Feature record: CXX_FEATURE:1cxx_range_for
    Feature record: CXX_FEATURE:1cxx_raw_string_literals
    Feature record: CXX_FEATURE:1cxx_reference_qualified_functions
    Feature record: CXX_FEATURE:0cxx_relaxed_constexpr
    Feature record: CXX_FEATURE:0cxx_return_type_deduction
    Feature record: CXX_FEATURE:1cxx_right_angle_brackets
    Feature record: CXX_FEATURE:1cxx_rvalue_references
    Feature record: CXX_FEATURE:1cxx_sizeof_member
    Feature record: CXX_FEATURE:1cxx_static_assert
    Feature record: CXX_FEATURE:1cxx_strong_enums
    Feature record: CXX_FEATURE:1cxx_template_template_parameters
    Feature record: CXX_FEATURE:1cxx_thread_local
    Feature record: CXX_FEATURE:1cxx_trailing_return_types
    Feature record: CXX_FEATURE:1cxx_unicode_literals
    Feature record: CXX_FEATURE:1cxx_uniform_initialization
    Feature record: CXX_FEATURE:1cxx_unrestricted_unions
    Feature record: CXX_FEATURE:1cxx_user_literals
    Feature record: CXX_FEATURE:0cxx_variable_templates
    Feature record: CXX_FEATURE:1cxx_variadic_macros
    Feature record: CXX_FEATURE:1cxx_variadic_templates


Detecting CXX [-std=c++98] compiler features compiled with the following output:
Change Dir: /home/rafik/flair/flair-src/demos/CircleFollower/uav/build_arm/CMakeFiles/CMakeTmp

Run Build Command:"/usr/bin/make" "cmTC_54d28/fast"
/usr/bin/make -f CMakeFiles/cmTC_54d28.dir/build.make CMakeFiles/cmTC_54d28.dir/build
make[1]: entrant dans le répertoire « /home/rafik/flair/flair-src/demos/CircleFollower/uav/build_arm/CMakeFiles/CMakeTmp »
Building CXX object CMakeFiles/cmTC_54d28.dir/feature_tests.cxx.o
/opt/robomap3/1.7.3/armv7a-neon/sysroots/x86_64-pokysdk-linux/usr/bin/arm-poky-linux-gnueabi/arm-poky-linux-gnueabi-g++  --sysroot=/opt/robomap3/1.7.3/armv7a-neon/sysroots/armv7a-vfp-neon-poky-linux-gnueabi    -march=armv7-a -mthumb-interwork -mfloat-abi=softfp -mfpu=neon --sysroot=/opt/robomap3/1.7.3/armv7a-neon/sysroots/armv7a-vfp-neon-poky-linux-gnueabi -O2 -pipe    -std=c++98 -o CMakeFiles/cmTC_54d28.dir/feature_tests.cxx.o -c /home/rafik/flair/flair-src/demos/CircleFollower/uav/build_arm/CMakeFiles/feature_tests.cxx
Linking CXX executable cmTC_54d28
/opt/robomap3/1.7.3/core2-64/sysroots/x86_64-pokysdk-linux/usr/bin/cmake -E cmake_link_script CMakeFiles/cmTC_54d28.dir/link.txt --verbose=1
/opt/robomap3/1.7.3/armv7a-neon/sysroots/x86_64-pokysdk-linux/usr/bin/arm-poky-linux-gnueabi/arm-poky-linux-gnueabi-g++  --sysroot=/opt/robomap3/1.7.3/armv7a-neon/sysroots/armv7a-vfp-neon-poky-linux-gnueabi   -march=armv7-a -mthumb-interwork -mfloat-abi=softfp -mfpu=neon --sysroot=/opt/robomap3/1.7.3/armv7a-neon/sysroots/armv7a-vfp-neon-poky-linux-gnueabi -O2 -pipe   -march=armv7-a -mthumb-interwork -mfloat-abi=softfp -mfpu=neon --sysroot=/opt/robomap3/1.7.3/armv7a-neon/sysroots/armv7a-vfp-neon-poky-linux-gnueabi -Wl,-rpath=/opt/robomap3/1.7.3/armv7a-neon/sysroots/armv7a-vfp-neon-poky-linux-gnueabi/usr/lib:/opt/robomap3/1.7.3/armv7a-neon/sysroots/armv7a-vfp-neon-poky-linux-gnueabi/lib -O2 -pipe -Wl,-O1 -Wl,--hash-style=gnu -Wl,--as-needed   CMakeFiles/cmTC_54d28.dir/feature_tests.cxx.o  -o cmTC_54d28 -rdynamic 
make[1]: quittant le répertoire « /home/rafik/flair/flair-src/demos/CircleFollower/uav/build_arm/CMakeFiles/CMakeTmp »


    Feature record: CXX_FEATURE:0cxx_aggregate_default_initializers
    Feature record: CXX_FEATURE:0cxx_alias_templates
    Feature record: CXX_FEATURE:0cxx_alignas
    Feature record: CXX_FEATURE:0cxx_alignof
    Feature record: CXX_FEATURE:0cxx_attributes
    Feature record: CXX_FEATURE:0cxx_attribute_deprecated
    Feature record: CXX_FEATURE:0cxx_auto_type
    Feature record: CXX_FEATURE:0cxx_binary_literals
    Feature record: CXX_FEATURE:0cxx_constexpr
    Feature record: CXX_FEATURE:0cxx_contextual_conversions
    Feature record: CXX_FEATURE:0cxx_decltype
    Feature record: CXX_FEATURE:0cxx_decltype_auto
    Feature record: CXX_FEATURE:0cxx_decltype_incomplete_return_types
    Feature record: CXX_FEATURE:0cxx_default_function_template_args
    Feature record: CXX_FEATURE:0cxx_defaulted_functions
    Feature record: CXX_FEATURE:0cxx_defaulted_move_initializers
    Feature record: CXX_FEATURE:0cxx_delegating_constructors
    Feature record: CXX_FEATURE:0cxx_deleted_functions
    Feature record: CXX_FEATURE:0cxx_digit_separators
    Feature record: CXX_FEATURE:0cxx_enum_forward_declarations
    Feature record: CXX_FEATURE:0cxx_explicit_conversions
    Feature record: CXX_FEATURE:0cxx_extended_friend_declarations
    Feature record: CXX_FEATURE:0cxx_extern_templates
    Feature record: CXX_FEATURE:0cxx_final
    Feature record: CXX_FEATURE:0cxx_func_identifier
    Feature record: CXX_FEATURE:0cxx_generalized_initializers
    Feature record: CXX_FEATURE:0cxx_generic_lambdas
    Feature record: CXX_FEATURE:0cxx_inheriting_constructors
    Feature record: CXX_FEATURE:0cxx_inline_namespaces
    Feature record: CXX_FEATURE:0cxx_lambdas
    Feature record: CXX_FEATURE:0cxx_lambda_init_captures
    Feature record: CXX_FEATURE:0cxx_local_type_template_args
    Feature record: CXX_FEATURE:0cxx_long_long_type
    Feature record: CXX_FEATURE:0cxx_noexcept
    Feature record: CXX_FEATURE:0cxx_nonstatic_member_init
    Feature record: CXX_FEATURE:0cxx_nullptr
    Feature record: CXX_FEATURE:0cxx_override
    Feature record: CXX_FEATURE:0cxx_range_for
    Feature record: CXX_FEATURE:0cxx_raw_string_literals
    Feature record: CXX_FEATURE:0cxx_reference_qualified_functions
    Feature record: CXX_FEATURE:0cxx_relaxed_constexpr
    Feature record: CXX_FEATURE:0cxx_return_type_deduction
    Feature record: CXX_FEATURE:0cxx_right_angle_brackets
    Feature record: CXX_FEATURE:0cxx_rvalue_references
    Feature record: CXX_FEATURE:0cxx_sizeof_member
    Feature record: CXX_FEATURE:0cxx_static_assert
    Feature record: CXX_FEATURE:0cxx_strong_enums
    Feature record: CXX_FEATURE:1cxx_template_template_parameters
    Feature record: CXX_FEATURE:0cxx_thread_local
    Feature record: CXX_FEATURE:0cxx_trailing_return_types
    Feature record: CXX_FEATURE:0cxx_unicode_literals
    Feature record: CXX_FEATURE:0cxx_uniform_initialization
    Feature record: CXX_FEATURE:0cxx_unrestricted_unions
    Feature record: CXX_FEATURE:0cxx_user_literals
    Feature record: CXX_FEATURE:0cxx_variable_templates
    Feature record: CXX_FEATURE:0cxx_variadic_macros
    Feature record: CXX_FEATURE:0cxx_variadic_templates
